Using pre-set license
Built from '2022.3/staging' branch; Version is '2022.3.43f1 (85497d293fa1) revision 8735101'; Using compiler version '192829333'; Build Type 'Release'
OS: 'Windows 10  (10.0.19045) 64bit Professional' Language: 'en' Physical Memory: 65467 MB
BatchMode: 1, IsHumanControllingUs: 0, StartBugReporterOnCrash: 0, Is64bit: 1, IsPro: 1

COMMAND LINE ARGUMENTS:
C:\Program Files\Unity\Hub\Editor\2022.3.43f1\Editor\Unity.exe
-adb2
-batchMode
-noUpm
-name
AssetImportWorker8
-projectPath
C:/Users/Dan-Mechanics/Development/GITHUB/IntegratedGameplaySystem/IntegratedGameplaySystem
-logFile
Logs/AssetImportWorker8.log
-srvPort
52517
Successfully changed project path to: C:/Users/Dan-Mechanics/Development/GITHUB/IntegratedGameplaySystem/IntegratedGameplaySystem
C:/Users/Dan-Mechanics/Development/GITHUB/IntegratedGameplaySystem/IntegratedGameplaySystem
[UnityMemory] Configuration Parameters - Can be set up in boot.config
    "memorysetup-bucket-allocator-granularity=16"
    "memorysetup-bucket-allocator-bucket-count=8"
    "memorysetup-bucket-allocator-block-size=33554432"
    "memorysetup-bucket-allocator-block-count=8"
    "memorysetup-main-allocator-block-size=16777216"
    "memorysetup-thread-allocator-block-size=16777216"
    "memorysetup-gfx-main-allocator-block-size=16777216"
    "memorysetup-gfx-thread-allocator-block-size=16777216"
    "memorysetup-cache-allocator-block-size=4194304"
    "memorysetup-typetree-allocator-block-size=2097152"
    "memorysetup-profiler-bucket-allocator-granularity=16"
    "memorysetup-profiler-bucket-allocator-bucket-count=8"
    "memorysetup-profiler-bucket-allocator-block-size=33554432"
    "memorysetup-profiler-bucket-allocator-block-count=8"
    "memorysetup-profiler-allocator-block-size=16777216"
    "memorysetup-profiler-editor-allocator-block-size=1048576"
    "memorysetup-temp-allocator-size-main=16777216"
    "memorysetup-job-temp-allocator-block-size=2097152"
    "memorysetup-job-temp-allocator-block-size-background=1048576"
    "memorysetup-job-temp-allocator-reduction-small-platforms=262144"
    "memorysetup-allocator-temp-initial-block-size-main=262144"
    "memorysetup-allocator-temp-initial-block-size-worker=262144"
    "memorysetup-temp-allocator-size-background-worker=32768"
    "memorysetup-temp-allocator-size-job-worker=262144"
    "memorysetup-temp-allocator-size-preload-manager=33554432"
    "memorysetup-temp-allocator-size-nav-mesh-worker=65536"
    "memorysetup-temp-allocator-size-audio-worker=65536"
    "memorysetup-temp-allocator-size-cloud-worker=32768"
    "memorysetup-temp-allocator-size-gi-baking-worker=262144"
    "memorysetup-temp-allocator-size-gfx=262144"
Player connection [22768]  Target information:

Player connection [22768]  * "[IP] 192.168.81.187 [Port] 0 [Flags] 2 [Guid] 2446923795 [EditorId] 2446923795 [Version] 1048832 [Id] WindowsEditor(7,DESKTOP-U6NUIV5) [Debug] 1 [PackageName] WindowsEditor [ProjectName] Editor" 

Player connection [22768] Host joined multi-casting on [225.0.0.222:54997]...
Player connection [22768] Host joined alternative multi-casting on [225.0.0.222:34997]...
[PhysX] Initialized MultithreadedTaskDispatcher with 16 workers.
Refreshing native plugins compatible for Editor in 1.84 ms, found 0 plugins.
Preloading 0 native plugins for Editor in 0.00 ms.
Initialize engine version: 2022.3.43f1 (85497d293fa1)
[Subsystems] Discovering subsystems at path C:/Program Files/Unity/Hub/Editor/2022.3.43f1/Editor/Data/Resources/UnitySubsystems
[Subsystems] Discovering subsystems at path C:/Users/Dan-Mechanics/Development/GITHUB/IntegratedGameplaySystem/IntegratedGameplaySystem/Assets
GfxDevice: creating device client; threaded=0; jobified=0
Direct3D:
    Version:  Direct3D 11.0 [level 11.1]
    Renderer: NVIDIA GeForce RTX 2080 SUPER (ID=0x1e81)
    Vendor:   NVIDIA
    VRAM:     7987 MB
    Driver:   32.0.15.7283
Initialize mono
Mono path[0] = 'C:/Program Files/Unity/Hub/Editor/2022.3.43f1/Editor/Data/Managed'
Mono path[1] = 'C:/Program Files/Unity/Hub/Editor/2022.3.43f1/Editor/Data/MonoBleedingEdge/lib/mono/unityjit-win32'
Mono config path = 'C:/Program Files/Unity/Hub/Editor/2022.3.43f1/Editor/Data/MonoBleedingEdge/etc'
Using monoOptions --debugger-agent=transport=dt_socket,embedding=1,server=y,suspend=n,address=127.0.0.1:56020
Begin MonoManager ReloadAssembly
Registering precompiled unity dll's ...
Register platform support module: C:/Program Files/Unity/Hub/Editor/2022.3.43f1/Editor/Data/PlaybackEngines/WebGLSupport/UnityEditor.WebGL.Extensions.dll
Register platform support module: C:/Program Files/Unity/Hub/Editor/2022.3.43f1/Editor/Data/PlaybackEngines/WindowsStandaloneSupport/UnityEditor.WindowsStandalone.Extensions.dll
Registered in 0.011306 seconds.
- Loaded All Assemblies, in  0.367 seconds
Native extension for WindowsStandalone target not found
Native extension for WebGL target not found
Mono: successfully reloaded assembly
- Finished resetting the current domain, in  0.254 seconds
Domain Reload Profiling: 619ms
	BeginReloadAssembly (101ms)
		ExecutionOrderSort (0ms)
		DisableScriptedObjects (0ms)
		BackupInstance (0ms)
		ReleaseScriptingObjects (0ms)
		CreateAndSetChildDomain (1ms)
	RebuildCommonClasses (31ms)
	RebuildNativeTypeToScriptingClass (10ms)
	initialDomainReloadingComplete (59ms)
	LoadAllAssembliesAndSetupDomain (163ms)
		LoadAssemblies (98ms)
		RebuildTransferFunctionScriptingTraits (0ms)
		AnalyzeDomain (161ms)
			TypeCache.Refresh (160ms)
				TypeCache.ScanAssembly (142ms)
			ScanForSourceGeneratedMonoScriptInfo (0ms)
			ResolveRequiredComponents (0ms)
	FinalizeReload (254ms)
		ReleaseScriptCaches (0ms)
		RebuildScriptCaches (0ms)
		SetupLoadedEditorAssemblies (213ms)
			LogAssemblyErrors (0ms)
			InitializePlatformSupportModulesInManaged (11ms)
			SetLoadedEditorAssemblies (5ms)
			RefreshPlugins (0ms)
			BeforeProcessingInitializeOnLoad (2ms)
			ProcessInitializeOnLoadAttributes (136ms)
			ProcessInitializeOnLoadMethodAttributes (60ms)
			AfterProcessingInitializeOnLoad (0ms)
			EditorAssembliesLoaded (0ms)
		ExecutionOrderSort2 (0ms)
		AwakeInstancesAfterBackupRestoration (0ms)
========================================================================
Worker process is ready to serve import requests
Caller must complete domain reload
Begin MonoManager ReloadAssembly
- Loaded All Assemblies, in  0.369 seconds
Native extension for WindowsStandalone target not found
Native extension for WebGL target not found
Mono: successfully reloaded assembly
- Finished resetting the current domain, in  0.335 seconds
Domain Reload Profiling: 702ms
	BeginReloadAssembly (133ms)
		ExecutionOrderSort (0ms)
		DisableScriptedObjects (5ms)
		BackupInstance (0ms)
		ReleaseScriptingObjects (0ms)
		CreateAndSetChildDomain (19ms)
	RebuildCommonClasses (33ms)
	RebuildNativeTypeToScriptingClass (10ms)
	initialDomainReloadingComplete (37ms)
	LoadAllAssembliesAndSetupDomain (154ms)
		LoadAssemblies (196ms)
		RebuildTransferFunctionScriptingTraits (0ms)
		AnalyzeDomain (35ms)
			TypeCache.Refresh (27ms)
				TypeCache.ScanAssembly (19ms)
			ScanForSourceGeneratedMonoScriptInfo (6ms)
			ResolveRequiredComponents (2ms)
	FinalizeReload (336ms)
		ReleaseScriptCaches (0ms)
		RebuildScriptCaches (0ms)
		SetupLoadedEditorAssemblies (225ms)
			LogAssemblyErrors (0ms)
			InitializePlatformSupportModulesInManaged (8ms)
			SetLoadedEditorAssemblies (3ms)
			RefreshPlugins (0ms)
			BeforeProcessingInitializeOnLoad (43ms)
			ProcessInitializeOnLoadAttributes (143ms)
			ProcessInitializeOnLoadMethodAttributes (20ms)
			AfterProcessingInitializeOnLoad (9ms)
			EditorAssembliesLoaded (0ms)
		ExecutionOrderSort2 (0ms)
		AwakeInstancesAfterBackupRestoration (7ms)
Launched and connected shader compiler UnityShaderCompiler.exe after 0.04 seconds
Refreshing native plugins compatible for Editor in 0.92 ms, found 0 plugins.
Preloading 0 native plugins for Editor in 0.00 ms.
Unloading 1151 Unused Serialized files (Serialized files now loaded: 0)
Unloading 10 unused Assets / (52.4 KB). Loaded Objects now: 1632.
Memory consumption went from 151.4 MB to 151.3 MB.
Total: 4.670500 ms (FindLiveObjects: 0.165700 ms CreateObjectMapping: 0.088700 ms MarkObjects: 4.285700 ms  DeleteObjects: 0.129500 ms)

AssetImportParameters requested are different than current active one (requested -> active):
  custom:video-encoder-webm-vp8: eb34c28f22e8b96e1ab97ce403110664 -> 
  custom:video-decoder-webm-vp8: 9c59270c3fd7afecdb556c50c9e8de78 -> 
  custom:scripting/monoscript/fileName/Wallet.cs: 7bd50bbc6850241d195c72af3ec245f7 -> b84605335fa66739ec31964faba9642a
  custom:scripting/monoscript/fileName/GroundedConfiguration.cs: 585e603979995a044dfb920aba655510 -> 
  custom:audio-decoder-ogg-vorbis: bf7c407c2cedff20999df2af8eb42d56 -> 
  custom:scripting/monoscript/fileName/Plant.cs: 58ac698cc3dafd4977609d4792b7ff8b -> 62ba4f5aa2dbbed39a5f15fe599a088c
  custom:scripting/monoscript/fileName/Utils.cs: 244f448866b4b61468b93b880d9850fe -> 8ec94ddc03461d9756a1cb6c0cd2a843
  custom:scripting/monoscript/fileName/DisplayBehaviour.cs: d47b9c96575465d674ad8f85f3d4ba81 -> 
  custom:scripting/monoscript/fileName/PlantBlueprint.cs: 884434b781165ad4854468a32963b349 -> 
  custom:scripting/monoscript/fileName/Assets.cs: f6191230adaa88b1694a40dcafbfb23e -> 59e73b97eff0038cfda1b2e241adeda3
  custom:SearchIndexIgnoredProperties: e643bd26f0fe6173181afceb89e7c659 -> 
  custom:container-demuxer-ogg: 62fdf1f143b41e24485cea50d1cbac27 -> 
  custom:AudioImporter_EditorPlatform: d09bf68614088b80899f8185d706f6e7 -> 
  custom:CustomObjectIndexerAttribute: 9a22284fe3817be447336de3de66b15e -> 
  custom:scripting/monoscript/fileName/PlayerInput.cs: f6aa81e421e5abdd63a3a534795fe643 -> 
  custom:scripting/monoscript/fileName/MovementSettings.cs: 6cdb1110e838deb634bb5a01affda34a -> 
  custom:scripting/monoscript/fileName/PlayerContext.cs: 1d37eca89d95522fdbcf0ac0386713ac -> 
  custom:container-demuxer-webm: 4f35f7cbe854078d1ac9338744f61a02 -> 
  custom:scripting/monoscript/fileName/SmoothAssets.cs: 7fd81c5769ccf7bfc66eb1178b96ffcc -> 
  custom:scripting/monoscript/fileName/BaseBehaviour.cs: 0373f7db4818287325ce3ce3f19dfe9a -> 
  custom:scripting/monoscript/fileName/SingleMonoBehaviour.cs: 426938f1b26cb5d4ea08365171201abf -> 
  custom:video-decoder-ogg-theora: a1e56fd34408186e4bbccfd4996cb3dc -> 
  custom:scripting/monoscript/fileName/GameContext.cs: 25129b7e77e9db5460e21a4cf5fcdf2b -> 
  custom:audio-encoder-webm-vorbis: bf7c407c2cedff20999df2af8eb42d56 -> 
  custom:scripting/monoscript/fileName/Heart.cs: 82330c400ffbb95819c026ecbe08869c -> a001b955fa54c0f9a8e1f195457c4bd5
  custom:framework-win-MediaFoundation: 216162199b28c13a410421893ffa2e32 -> 
  custom:scripting/monoscript/fileName/PlantSettings.cs: cab5b764220bd0ee1e805cdfabb8b59b -> 
  custom:scripting/monoscript/fileName/PatchBehaviour.cs: ae5322aa772827a84e49536e9cbd2f17 -> 
  custom:scripting/monoscript/fileName/RaycastData.cs: 223adf16e2df6b7cf8a1a9f67f574019 -> 
  custom:scripting/monoscript/fileName/CameraSettingsFPS.cs: 66bd5e1d90f4a860160c3cce44d0a4b7 -> 
  custom:scripting/monoscript/fileName/GameWorld.cs: e26a691b59ca501c260c9d20ba4f9018 -> ca78e59c92dc5df17222e6c37c4dbbca
  custom:container-muxer-webm: aa71ff27fc2769a1b78a27578f13a17b -> 
========================================================================
Received Import Request.
  Time since last request: 35840.243257 seconds.
  path: Assets/Scripts/Unsorted/GameWorld.cs
  artifactKey: Guid(0e23b0d547129d24d880a201c9017bdd) Importer(815301076,1909f56bfc062723c751e8b465ee728b)
Start importing Assets/Scripts/Unsorted/GameWorld.cs using Guid(0e23b0d547129d24d880a201c9017bdd) Importer(815301076,1909f56bfc062723c751e8b465ee728b) [PhysX] Initialized MultithreadedTaskDispatcher with 16 workers.
 -> (artifact id: '8d31798024450aa4ec4e3e335cf892bb') in 0.003277 seconds
Number of updated asset objects reloaded before import = 0
Number of asset objects unloaded after import = 0
========================================================================
Received Import Request.
  Time since last request: 7.750884 seconds.
  path: Assets/Scripts/Unsorted/Wallet.cs
  artifactKey: Guid(adbf36c7030b8684db54d828e2800b33) Importer(815301076,1909f56bfc062723c751e8b465ee728b)
Start importing Assets/Scripts/Unsorted/Wallet.cs using Guid(adbf36c7030b8684db54d828e2800b33) Importer(815301076,1909f56bfc062723c751e8b465ee728b) [PhysX] Initialized MultithreadedTaskDispatcher with 16 workers.
 -> (artifact id: 'a315baa901bc986aa77f4cbf24e8d0fe') in 0.000450 seconds
Number of updated asset objects reloaded before import = 0
Number of asset objects unloaded after import = 0
========================================================================
Received Prepare
Caller must complete domain reload
Begin MonoManager ReloadAssembly
- Loaded All Assemblies, in  0.400 seconds
Native extension for WindowsStandalone target not found
Native extension for WebGL target not found
Mono: successfully reloaded assembly
- Finished resetting the current domain, in  0.432 seconds
Domain Reload Profiling: 830ms
	BeginReloadAssembly (214ms)
		ExecutionOrderSort (0ms)
		DisableScriptedObjects (4ms)
		BackupInstance (0ms)
		ReleaseScriptingObjects (0ms)
		CreateAndSetChildDomain (17ms)
	RebuildCommonClasses (29ms)
	RebuildNativeTypeToScriptingClass (9ms)
	initialDomainReloadingComplete (25ms)
	LoadAllAssembliesAndSetupDomain (120ms)
		LoadAssemblies (185ms)
		RebuildTransferFunctionScriptingTraits (0ms)
		AnalyzeDomain (13ms)
			TypeCache.Refresh (5ms)
				TypeCache.ScanAssembly (0ms)
			ScanForSourceGeneratedMonoScriptInfo (5ms)
			ResolveRequiredComponents (2ms)
	FinalizeReload (433ms)
		ReleaseScriptCaches (0ms)
		RebuildScriptCaches (0ms)
		SetupLoadedEditorAssemblies (214ms)
			LogAssemblyErrors (0ms)
			InitializePlatformSupportModulesInManaged (8ms)
			SetLoadedEditorAssemblies (4ms)
			RefreshPlugins (0ms)
			BeforeProcessingInitializeOnLoad (41ms)
			ProcessInitializeOnLoadAttributes (133ms)
			ProcessInitializeOnLoadMethodAttributes (20ms)
			AfterProcessingInitializeOnLoad (8ms)
			EditorAssembliesLoaded (0ms)
		ExecutionOrderSort2 (0ms)
		AwakeInstancesAfterBackupRestoration (7ms)
Refreshing native plugins compatible for Editor in 1.01 ms, found 0 plugins.
Preloading 0 native plugins for Editor in 0.00 ms.
Unloading 1131 Unused Serialized files (Serialized files now loaded: 0)
Unloading 5 unused Assets / (23.9 KB). Loaded Objects now: 1635.
Memory consumption went from 147.3 MB to 147.3 MB.
Total: 2.794800 ms (FindLiveObjects: 0.149400 ms CreateObjectMapping: 0.068700 ms MarkObjects: 2.539500 ms  DeleteObjects: 0.036000 ms)

Prepare: number of updated asset objects reloaded= 0
AssetImportParameters requested are different than current active one (requested -> active):
  custom:video-encoder-webm-vp8: eb34c28f22e8b96e1ab97ce403110664 -> 
  custom:video-decoder-webm-vp8: 9c59270c3fd7afecdb556c50c9e8de78 -> 
  custom:scripting/monoscript/fileName/Wallet.cs: f282d1da9b5f829dd81e561c421e2ac3 -> b84605335fa66739ec31964faba9642a
  custom:scripting/monoscript/fileName/GroundedConfiguration.cs: 585e603979995a044dfb920aba655510 -> 
  custom:audio-decoder-ogg-vorbis: bf7c407c2cedff20999df2af8eb42d56 -> 
  custom:scripting/monoscript/fileName/Plant.cs: 58ac698cc3dafd4977609d4792b7ff8b -> 62ba4f5aa2dbbed39a5f15fe599a088c
  custom:scripting/monoscript/fileName/Utils.cs: 244f448866b4b61468b93b880d9850fe -> 8ec94ddc03461d9756a1cb6c0cd2a843
  custom:scripting/monoscript/fileName/DisplayBehaviour.cs: d47b9c96575465d674ad8f85f3d4ba81 -> 
  custom:scripting/monoscript/fileName/PlantBlueprint.cs: 884434b781165ad4854468a32963b349 -> 
  custom:scripting/monoscript/fileName/Assets.cs: f6191230adaa88b1694a40dcafbfb23e -> 59e73b97eff0038cfda1b2e241adeda3
  custom:SearchIndexIgnoredProperties: e643bd26f0fe6173181afceb89e7c659 -> 
  custom:container-demuxer-ogg: 62fdf1f143b41e24485cea50d1cbac27 -> 
  custom:AudioImporter_EditorPlatform: d09bf68614088b80899f8185d706f6e7 -> 
  custom:CustomObjectIndexerAttribute: 9a22284fe3817be447336de3de66b15e -> 
  custom:scripting/monoscript/fileName/PlayerInput.cs: f6aa81e421e5abdd63a3a534795fe643 -> 
  custom:scripting/monoscript/fileName/MovementSettings.cs: 6cdb1110e838deb634bb5a01affda34a -> 
  custom:scripting/monoscript/fileName/PlayerContext.cs: 1d37eca89d95522fdbcf0ac0386713ac -> 
  custom:container-demuxer-webm: 4f35f7cbe854078d1ac9338744f61a02 -> 
  custom:scripting/monoscript/fileName/SmoothAssets.cs: 7fd81c5769ccf7bfc66eb1178b96ffcc -> 
  custom:scripting/monoscript/fileName/BaseBehaviour.cs: 0373f7db4818287325ce3ce3f19dfe9a -> 
  custom:scripting/monoscript/fileName/SingleMonoBehaviour.cs: 426938f1b26cb5d4ea08365171201abf -> 
  custom:video-decoder-ogg-theora: a1e56fd34408186e4bbccfd4996cb3dc -> 
  custom:scripting/monoscript/fileName/GameContext.cs: 25129b7e77e9db5460e21a4cf5fcdf2b -> 
  custom:audio-encoder-webm-vorbis: bf7c407c2cedff20999df2af8eb42d56 -> 
  custom:scripting/monoscript/fileName/Heart.cs: 82330c400ffbb95819c026ecbe08869c -> a001b955fa54c0f9a8e1f195457c4bd5
  custom:framework-win-MediaFoundation: 216162199b28c13a410421893ffa2e32 -> 
  custom:scripting/monoscript/fileName/PlantSettings.cs: cab5b764220bd0ee1e805cdfabb8b59b -> 
  custom:scripting/monoscript/fileName/PatchBehaviour.cs: ae5322aa772827a84e49536e9cbd2f17 -> 
  custom:scripting/precompiled-assembly-types:Assembly-CSharp: 713702fbe1c158829d3f0a1e4c74802c -> a44bb8937b21e9f11e4397a9a5bc6e57
  custom:scripting/monoscript/fileName/RaycastData.cs: 223adf16e2df6b7cf8a1a9f67f574019 -> 
  custom:scripting/monoscript/fileName/CameraSettingsFPS.cs: 66bd5e1d90f4a860160c3cce44d0a4b7 -> 
  custom:scripting/monoscript/fileName/GameWorld.cs: a6c957d5dd59a7dd9cddf6a01c7fbdb4 -> ca78e59c92dc5df17222e6c37c4dbbca
  custom:container-muxer-webm: aa71ff27fc2769a1b78a27578f13a17b -> 
========================================================================
Received Import Request.
  Time since last request: 7.368150 seconds.
  path: Assets/Scripts/Composites/Wallet.cs
  artifactKey: Guid(adbf36c7030b8684db54d828e2800b33) Importer(815301076,1909f56bfc062723c751e8b465ee728b)
Start importing Assets/Scripts/Composites/Wallet.cs using Guid(adbf36c7030b8684db54d828e2800b33) Importer(815301076,1909f56bfc062723c751e8b465ee728b) [PhysX] Initialized MultithreadedTaskDispatcher with 16 workers.
 -> (artifact id: 'b4e69e22975aadc514c50dd041818779') in 0.003100 seconds
Number of updated asset objects reloaded before import = 0
Number of asset objects unloaded after import = 0
