Using pre-set license
Built from '2022.3/staging' branch; Version is '2022.3.43f1 (85497d293fa1) revision 8735101'; Using compiler version '192829333'; Build Type 'Release'
OS: 'Windows 10  (10.0.19045) 64bit Professional' Language: 'en' Physical Memory: 65467 MB
BatchMode: 1, IsHumanControllingUs: 0, StartBugReporterOnCrash: 0, Is64bit: 1, IsPro: 1

COMMAND LINE ARGUMENTS:
C:\Program Files\Unity\Hub\Editor\2022.3.43f1\Editor\Unity.exe
-adb2
-batchMode
-noUpm
-name
AssetImportWorker7
-projectPath
C:/Users/Dan-Mechanics/Development/GITHUB/IntegratedGameplaySystem/IntegratedGameplaySystem
-logFile
Logs/AssetImportWorker7.log
-srvPort
52517
Successfully changed project path to: C:/Users/Dan-Mechanics/Development/GITHUB/IntegratedGameplaySystem/IntegratedGameplaySystem
C:/Users/Dan-Mechanics/Development/GITHUB/IntegratedGameplaySystem/IntegratedGameplaySystem
[UnityMemory] Configuration Parameters - Can be set up in boot.config
    "memorysetup-bucket-allocator-granularity=16"
    "memorysetup-bucket-allocator-bucket-count=8"
    "memorysetup-bucket-allocator-block-size=33554432"
    "memorysetup-bucket-allocator-block-count=8"
    "memorysetup-main-allocator-block-size=16777216"
    "memorysetup-thread-allocator-block-size=16777216"
    "memorysetup-gfx-main-allocator-block-size=16777216"
    "memorysetup-gfx-thread-allocator-block-size=16777216"
    "memorysetup-cache-allocator-block-size=4194304"
    "memorysetup-typetree-allocator-block-size=2097152"
    "memorysetup-profiler-bucket-allocator-granularity=16"
    "memorysetup-profiler-bucket-allocator-bucket-count=8"
    "memorysetup-profiler-bucket-allocator-block-size=33554432"
    "memorysetup-profiler-bucket-allocator-block-count=8"
    "memorysetup-profiler-allocator-block-size=16777216"
    "memorysetup-profiler-editor-allocator-block-size=1048576"
    "memorysetup-temp-allocator-size-main=16777216"
    "memorysetup-job-temp-allocator-block-size=2097152"
    "memorysetup-job-temp-allocator-block-size-background=1048576"
    "memorysetup-job-temp-allocator-reduction-small-platforms=262144"
    "memorysetup-allocator-temp-initial-block-size-main=262144"
    "memorysetup-allocator-temp-initial-block-size-worker=262144"
    "memorysetup-temp-allocator-size-background-worker=32768"
    "memorysetup-temp-allocator-size-job-worker=262144"
    "memorysetup-temp-allocator-size-preload-manager=33554432"
    "memorysetup-temp-allocator-size-nav-mesh-worker=65536"
    "memorysetup-temp-allocator-size-audio-worker=65536"
    "memorysetup-temp-allocator-size-cloud-worker=32768"
    "memorysetup-temp-allocator-size-gi-baking-worker=262144"
    "memorysetup-temp-allocator-size-gfx=262144"
Player connection [8416]  Target information:

Player connection [8416]  * "[IP] 192.168.81.187 [Port] 0 [Flags] 2 [Guid] 3660342733 [EditorId] 3660342733 [Version] 1048832 [Id] WindowsEditor(7,DESKTOP-U6NUIV5) [Debug] 1 [PackageName] WindowsEditor [ProjectName] Editor" 

Player connection [8416] Host joined multi-casting on [225.0.0.222:54997]...
Player connection [8416] Host joined alternative multi-casting on [225.0.0.222:34997]...
[PhysX] Initialized MultithreadedTaskDispatcher with 16 workers.
Refreshing native plugins compatible for Editor in 1.88 ms, found 0 plugins.
Preloading 0 native plugins for Editor in 0.00 ms.
Initialize engine version: 2022.3.43f1 (85497d293fa1)
[Subsystems] Discovering subsystems at path C:/Program Files/Unity/Hub/Editor/2022.3.43f1/Editor/Data/Resources/UnitySubsystems
[Subsystems] Discovering subsystems at path C:/Users/Dan-Mechanics/Development/GITHUB/IntegratedGameplaySystem/IntegratedGameplaySystem/Assets
GfxDevice: creating device client; threaded=0; jobified=0
Direct3D:
    Version:  Direct3D 11.0 [level 11.1]
    Renderer: NVIDIA GeForce RTX 2080 SUPER (ID=0x1e81)
    Vendor:   NVIDIA
    VRAM:     7987 MB
    Driver:   32.0.15.7283
Initialize mono
Mono path[0] = 'C:/Program Files/Unity/Hub/Editor/2022.3.43f1/Editor/Data/Managed'
Mono path[1] = 'C:/Program Files/Unity/Hub/Editor/2022.3.43f1/Editor/Data/MonoBleedingEdge/lib/mono/unityjit-win32'
Mono config path = 'C:/Program Files/Unity/Hub/Editor/2022.3.43f1/Editor/Data/MonoBleedingEdge/etc'
Using monoOptions --debugger-agent=transport=dt_socket,embedding=1,server=y,suspend=n,address=127.0.0.1:56660
Begin MonoManager ReloadAssembly
Registering precompiled unity dll's ...
Register platform support module: C:/Program Files/Unity/Hub/Editor/2022.3.43f1/Editor/Data/PlaybackEngines/WebGLSupport/UnityEditor.WebGL.Extensions.dll
Register platform support module: C:/Program Files/Unity/Hub/Editor/2022.3.43f1/Editor/Data/PlaybackEngines/WindowsStandaloneSupport/UnityEditor.WindowsStandalone.Extensions.dll
Registered in 0.011265 seconds.
- Loaded All Assemblies, in  0.370 seconds
Native extension for WindowsStandalone target not found
Native extension for WebGL target not found
Mono: successfully reloaded assembly
- Finished resetting the current domain, in  0.251 seconds
Domain Reload Profiling: 619ms
	BeginReloadAssembly (100ms)
		ExecutionOrderSort (0ms)
		DisableScriptedObjects (0ms)
		BackupInstance (0ms)
		ReleaseScriptingObjects (0ms)
		CreateAndSetChildDomain (1ms)
	RebuildCommonClasses (33ms)
	RebuildNativeTypeToScriptingClass (9ms)
	initialDomainReloadingComplete (58ms)
	LoadAllAssembliesAndSetupDomain (166ms)
		LoadAssemblies (98ms)
		RebuildTransferFunctionScriptingTraits (0ms)
		AnalyzeDomain (164ms)
			TypeCache.Refresh (163ms)
				TypeCache.ScanAssembly (147ms)
			ScanForSourceGeneratedMonoScriptInfo (0ms)
			ResolveRequiredComponents (0ms)
	FinalizeReload (252ms)
		ReleaseScriptCaches (0ms)
		RebuildScriptCaches (0ms)
		SetupLoadedEditorAssemblies (210ms)
			LogAssemblyErrors (0ms)
			InitializePlatformSupportModulesInManaged (10ms)
			SetLoadedEditorAssemblies (5ms)
			RefreshPlugins (0ms)
			BeforeProcessingInitializeOnLoad (2ms)
			ProcessInitializeOnLoadAttributes (135ms)
			ProcessInitializeOnLoadMethodAttributes (59ms)
			AfterProcessingInitializeOnLoad (0ms)
			EditorAssembliesLoaded (0ms)
		ExecutionOrderSort2 (0ms)
		AwakeInstancesAfterBackupRestoration (0ms)
========================================================================
Worker process is ready to serve import requests
Caller must complete domain reload
Begin MonoManager ReloadAssembly
- Loaded All Assemblies, in  0.369 seconds
Native extension for WindowsStandalone target not found
Native extension for WebGL target not found
Mono: successfully reloaded assembly
- Finished resetting the current domain, in  0.335 seconds
Domain Reload Profiling: 702ms
	BeginReloadAssembly (133ms)
		ExecutionOrderSort (0ms)
		DisableScriptedObjects (5ms)
		BackupInstance (0ms)
		ReleaseScriptingObjects (0ms)
		CreateAndSetChildDomain (19ms)
	RebuildCommonClasses (33ms)
	RebuildNativeTypeToScriptingClass (10ms)
	initialDomainReloadingComplete (37ms)
	LoadAllAssembliesAndSetupDomain (153ms)
		LoadAssemblies (194ms)
		RebuildTransferFunctionScriptingTraits (0ms)
		AnalyzeDomain (36ms)
			TypeCache.Refresh (28ms)
				TypeCache.ScanAssembly (19ms)
			ScanForSourceGeneratedMonoScriptInfo (6ms)
			ResolveRequiredComponents (2ms)
	FinalizeReload (336ms)
		ReleaseScriptCaches (0ms)
		RebuildScriptCaches (0ms)
		SetupLoadedEditorAssemblies (225ms)
			LogAssemblyErrors (0ms)
			InitializePlatformSupportModulesInManaged (8ms)
			SetLoadedEditorAssemblies (3ms)
			RefreshPlugins (0ms)
			BeforeProcessingInitializeOnLoad (42ms)
			ProcessInitializeOnLoadAttributes (144ms)
			ProcessInitializeOnLoadMethodAttributes (19ms)
			AfterProcessingInitializeOnLoad (9ms)
			EditorAssembliesLoaded (0ms)
		ExecutionOrderSort2 (0ms)
		AwakeInstancesAfterBackupRestoration (7ms)
Launched and connected shader compiler UnityShaderCompiler.exe after 0.04 seconds
Refreshing native plugins compatible for Editor in 1.02 ms, found 0 plugins.
Preloading 0 native plugins for Editor in 0.00 ms.
Unloading 1151 Unused Serialized files (Serialized files now loaded: 0)
Unloading 10 unused Assets / (52.3 KB). Loaded Objects now: 1632.
Memory consumption went from 151.4 MB to 151.4 MB.
Total: 4.360300 ms (FindLiveObjects: 0.164200 ms CreateObjectMapping: 0.084500 ms MarkObjects: 3.967700 ms  DeleteObjects: 0.143000 ms)

AssetImportParameters requested are different than current active one (requested -> active):
  custom:video-encoder-webm-vp8: eb34c28f22e8b96e1ab97ce403110664 -> 
  custom:video-decoder-webm-vp8: 9c59270c3fd7afecdb556c50c9e8de78 -> 
  custom:scripting/monoscript/fileName/Wallet.cs: 7bd50bbc6850241d195c72af3ec245f7 -> b84605335fa66739ec31964faba9642a
  custom:scripting/monoscript/fileName/GroundedConfiguration.cs: 585e603979995a044dfb920aba655510 -> 
  custom:audio-decoder-ogg-vorbis: bf7c407c2cedff20999df2af8eb42d56 -> 
  custom:scripting/monoscript/fileName/Plant.cs: 58ac698cc3dafd4977609d4792b7ff8b -> 62ba4f5aa2dbbed39a5f15fe599a088c
  custom:scripting/monoscript/fileName/Utils.cs: 244f448866b4b61468b93b880d9850fe -> 8ec94ddc03461d9756a1cb6c0cd2a843
  custom:scripting/monoscript/fileName/DisplayBehaviour.cs: d47b9c96575465d674ad8f85f3d4ba81 -> 
  custom:scripting/monoscript/fileName/PlantBlueprint.cs: 884434b781165ad4854468a32963b349 -> 
  custom:scripting/monoscript/fileName/Assets.cs: f6191230adaa88b1694a40dcafbfb23e -> 59e73b97eff0038cfda1b2e241adeda3
  custom:SearchIndexIgnoredProperties: e643bd26f0fe6173181afceb89e7c659 -> 
  custom:container-demuxer-ogg: 62fdf1f143b41e24485cea50d1cbac27 -> 
  custom:AudioImporter_EditorPlatform: d09bf68614088b80899f8185d706f6e7 -> 
  custom:CustomObjectIndexerAttribute: 9a22284fe3817be447336de3de66b15e -> 
  custom:scripting/monoscript/fileName/PlayerInput.cs: f6aa81e421e5abdd63a3a534795fe643 -> 
  custom:scripting/monoscript/fileName/MovementSettings.cs: 6cdb1110e838deb634bb5a01affda34a -> 
  custom:scripting/monoscript/fileName/PlayerContext.cs: 1d37eca89d95522fdbcf0ac0386713ac -> 
  custom:container-demuxer-webm: 4f35f7cbe854078d1ac9338744f61a02 -> 
  custom:scripting/monoscript/fileName/SmoothAssets.cs: 7fd81c5769ccf7bfc66eb1178b96ffcc -> 
  custom:scripting/monoscript/fileName/BaseBehaviour.cs: 0373f7db4818287325ce3ce3f19dfe9a -> 
  custom:scripting/monoscript/fileName/SingleMonoBehaviour.cs: 426938f1b26cb5d4ea08365171201abf -> 
  custom:video-decoder-ogg-theora: a1e56fd34408186e4bbccfd4996cb3dc -> 
  custom:scripting/monoscript/fileName/GameContext.cs: 25129b7e77e9db5460e21a4cf5fcdf2b -> 
  custom:audio-encoder-webm-vorbis: bf7c407c2cedff20999df2af8eb42d56 -> 
  custom:scripting/monoscript/fileName/Heart.cs: 82330c400ffbb95819c026ecbe08869c -> a001b955fa54c0f9a8e1f195457c4bd5
  custom:framework-win-MediaFoundation: 216162199b28c13a410421893ffa2e32 -> 
  custom:scripting/monoscript/fileName/PlantSettings.cs: cab5b764220bd0ee1e805cdfabb8b59b -> 
  custom:scripting/monoscript/fileName/PatchBehaviour.cs: ae5322aa772827a84e49536e9cbd2f17 -> 
  custom:scripting/monoscript/fileName/RaycastData.cs: 223adf16e2df6b7cf8a1a9f67f574019 -> 
  custom:scripting/monoscript/fileName/CameraSettingsFPS.cs: 66bd5e1d90f4a860160c3cce44d0a4b7 -> 
  custom:scripting/monoscript/fileName/GameWorld.cs: e26a691b59ca501c260c9d20ba4f9018 -> ca78e59c92dc5df17222e6c37c4dbbca
  custom:container-muxer-webm: aa71ff27fc2769a1b78a27578f13a17b -> 
========================================================================
Received Import Request.
  Time since last request: 35840.242965 seconds.
  path: Assets/Scripts/Unsorted
  artifactKey: Guid(b5108b01c0e08f14f80d90de8ae90b64) Importer(815301076,1909f56bfc062723c751e8b465ee728b)
Start importing Assets/Scripts/Unsorted using Guid(b5108b01c0e08f14f80d90de8ae90b64) Importer(815301076,1909f56bfc062723c751e8b465ee728b) [PhysX] Initialized MultithreadedTaskDispatcher with 16 workers.
 -> (artifact id: 'b14c0b0ae2ed088fd6ec50c9f74535af') in 0.003264 seconds
Number of updated asset objects reloaded before import = 0
Number of asset objects unloaded after import = 0
========================================================================
Received Prepare
Caller must complete domain reload
Begin MonoManager ReloadAssembly
- Loaded All Assemblies, in  0.398 seconds
Native extension for WindowsStandalone target not found
Native extension for WebGL target not found
Mono: successfully reloaded assembly
- Finished resetting the current domain, in  0.439 seconds
Domain Reload Profiling: 835ms
	BeginReloadAssembly (210ms)
		ExecutionOrderSort (0ms)
		DisableScriptedObjects (5ms)
		BackupInstance (0ms)
		ReleaseScriptingObjects (0ms)
		CreateAndSetChildDomain (16ms)
	RebuildCommonClasses (29ms)
	RebuildNativeTypeToScriptingClass (9ms)
	initialDomainReloadingComplete (25ms)
	LoadAllAssembliesAndSetupDomain (122ms)
		LoadAssemblies (186ms)
		RebuildTransferFunctionScriptingTraits (0ms)
		AnalyzeDomain (13ms)
			TypeCache.Refresh (5ms)
				TypeCache.ScanAssembly (0ms)
			ScanForSourceGeneratedMonoScriptInfo (5ms)
			ResolveRequiredComponents (2ms)
	FinalizeReload (440ms)
		ReleaseScriptCaches (0ms)
		RebuildScriptCaches (0ms)
		SetupLoadedEditorAssemblies (213ms)
			LogAssemblyErrors (0ms)
			InitializePlatformSupportModulesInManaged (8ms)
			SetLoadedEditorAssemblies (3ms)
			RefreshPlugins (0ms)
			BeforeProcessingInitializeOnLoad (41ms)
			ProcessInitializeOnLoadAttributes (134ms)
			ProcessInitializeOnLoadMethodAttributes (18ms)
			AfterProcessingInitializeOnLoad (8ms)
			EditorAssembliesLoaded (0ms)
		ExecutionOrderSort2 (0ms)
		AwakeInstancesAfterBackupRestoration (7ms)
Refreshing native plugins compatible for Editor in 0.94 ms, found 0 plugins.
Preloading 0 native plugins for Editor in 0.00 ms.
Unloading 1131 Unused Serialized files (Serialized files now loaded: 0)
Unloading 5 unused Assets / (23.9 KB). Loaded Objects now: 1635.
Memory consumption went from 147.4 MB to 147.3 MB.
Total: 3.016000 ms (FindLiveObjects: 0.176100 ms CreateObjectMapping: 0.107200 ms MarkObjects: 2.584200 ms  DeleteObjects: 0.145200 ms)

Prepare: number of updated asset objects reloaded= 0
AssetImportParameters requested are different than current active one (requested -> active):
  custom:video-encoder-webm-vp8: eb34c28f22e8b96e1ab97ce403110664 -> 
  custom:video-decoder-webm-vp8: 9c59270c3fd7afecdb556c50c9e8de78 -> 
  custom:scripting/monoscript/fileName/Wallet.cs: f282d1da9b5f829dd81e561c421e2ac3 -> b84605335fa66739ec31964faba9642a
  custom:scripting/monoscript/fileName/GroundedConfiguration.cs: 585e603979995a044dfb920aba655510 -> 
  custom:audio-decoder-ogg-vorbis: bf7c407c2cedff20999df2af8eb42d56 -> 
  custom:scripting/monoscript/fileName/Plant.cs: 58ac698cc3dafd4977609d4792b7ff8b -> 62ba4f5aa2dbbed39a5f15fe599a088c
  custom:scripting/monoscript/fileName/Utils.cs: 244f448866b4b61468b93b880d9850fe -> 8ec94ddc03461d9756a1cb6c0cd2a843
  custom:scripting/monoscript/fileName/DisplayBehaviour.cs: d47b9c96575465d674ad8f85f3d4ba81 -> 
  custom:scripting/monoscript/fileName/PlantBlueprint.cs: 884434b781165ad4854468a32963b349 -> 
  custom:scripting/monoscript/fileName/Assets.cs: f6191230adaa88b1694a40dcafbfb23e -> 59e73b97eff0038cfda1b2e241adeda3
  custom:SearchIndexIgnoredProperties: e643bd26f0fe6173181afceb89e7c659 -> 
  custom:container-demuxer-ogg: 62fdf1f143b41e24485cea50d1cbac27 -> 
  custom:AudioImporter_EditorPlatform: d09bf68614088b80899f8185d706f6e7 -> 
  custom:CustomObjectIndexerAttribute: 9a22284fe3817be447336de3de66b15e -> 
  custom:scripting/monoscript/fileName/PlayerInput.cs: f6aa81e421e5abdd63a3a534795fe643 -> 
  custom:scripting/monoscript/fileName/MovementSettings.cs: 6cdb1110e838deb634bb5a01affda34a -> 
  custom:scripting/monoscript/fileName/PlayerContext.cs: 1d37eca89d95522fdbcf0ac0386713ac -> 
  custom:container-demuxer-webm: 4f35f7cbe854078d1ac9338744f61a02 -> 
  custom:scripting/monoscript/fileName/SmoothAssets.cs: 7fd81c5769ccf7bfc66eb1178b96ffcc -> 
  custom:scripting/monoscript/fileName/BaseBehaviour.cs: 0373f7db4818287325ce3ce3f19dfe9a -> 
  custom:scripting/monoscript/fileName/SingleMonoBehaviour.cs: 426938f1b26cb5d4ea08365171201abf -> 
  custom:video-decoder-ogg-theora: a1e56fd34408186e4bbccfd4996cb3dc -> 
  custom:scripting/monoscript/fileName/GameContext.cs: 25129b7e77e9db5460e21a4cf5fcdf2b -> 
  custom:audio-encoder-webm-vorbis: bf7c407c2cedff20999df2af8eb42d56 -> 
  custom:scripting/monoscript/fileName/Heart.cs: 82330c400ffbb95819c026ecbe08869c -> a001b955fa54c0f9a8e1f195457c4bd5
  custom:framework-win-MediaFoundation: 216162199b28c13a410421893ffa2e32 -> 
  custom:scripting/monoscript/fileName/PlantSettings.cs: cab5b764220bd0ee1e805cdfabb8b59b -> 
  custom:scripting/monoscript/fileName/PatchBehaviour.cs: ae5322aa772827a84e49536e9cbd2f17 -> 
  custom:scripting/precompiled-assembly-types:Assembly-CSharp: 713702fbe1c158829d3f0a1e4c74802c -> a44bb8937b21e9f11e4397a9a5bc6e57
  custom:scripting/monoscript/fileName/RaycastData.cs: 223adf16e2df6b7cf8a1a9f67f574019 -> 
  custom:scripting/monoscript/fileName/CameraSettingsFPS.cs: 66bd5e1d90f4a860160c3cce44d0a4b7 -> 
  custom:scripting/monoscript/fileName/GameWorld.cs: a6c957d5dd59a7dd9cddf6a01c7fbdb4 -> ca78e59c92dc5df17222e6c37c4dbbca
  custom:container-muxer-webm: aa71ff27fc2769a1b78a27578f13a17b -> 
========================================================================
Received Prepare
Caller must complete domain reload
Begin MonoManager ReloadAssembly
- Loaded All Assemblies, in  0.425 seconds
Native extension for WindowsStandalone target not found
Native extension for WebGL target not found
Mono: successfully reloaded assembly
- Finished resetting the current domain, in  0.489 seconds
Domain Reload Profiling: 911ms
	BeginReloadAssembly (227ms)
		ExecutionOrderSort (0ms)
		DisableScriptedObjects (5ms)
		BackupInstance (0ms)
		ReleaseScriptingObjects (0ms)
		CreateAndSetChildDomain (18ms)
	RebuildCommonClasses (31ms)
	RebuildNativeTypeToScriptingClass (10ms)
	initialDomainReloadingComplete (27ms)
	LoadAllAssembliesAndSetupDomain (127ms)
		LoadAssemblies (184ms)
		RebuildTransferFunctionScriptingTraits (0ms)
		AnalyzeDomain (18ms)
			TypeCache.Refresh (6ms)
				TypeCache.ScanAssembly (1ms)
			ScanForSourceGeneratedMonoScriptInfo (8ms)
			ResolveRequiredComponents (3ms)
	FinalizeReload (489ms)
		ReleaseScriptCaches (0ms)
		RebuildScriptCaches (0ms)
		SetupLoadedEditorAssemblies (234ms)
			LogAssemblyErrors (0ms)
			InitializePlatformSupportModulesInManaged (9ms)
			SetLoadedEditorAssemblies (3ms)
			RefreshPlugins (0ms)
			BeforeProcessingInitializeOnLoad (48ms)
			ProcessInitializeOnLoadAttributes (144ms)
			ProcessInitializeOnLoadMethodAttributes (21ms)
			AfterProcessingInitializeOnLoad (8ms)
			EditorAssembliesLoaded (0ms)
		ExecutionOrderSort2 (0ms)
		AwakeInstancesAfterBackupRestoration (8ms)
Refreshing native plugins compatible for Editor in 0.95 ms, found 0 plugins.
Preloading 0 native plugins for Editor in 0.00 ms.
Unloading 1132 Unused Serialized files (Serialized files now loaded: 0)
Unloading 5 unused Assets / (23.9 KB). Loaded Objects now: 1638.
Memory consumption went from 147.6 MB to 147.6 MB.
Total: 3.761300 ms (FindLiveObjects: 0.180000 ms CreateObjectMapping: 0.087500 ms MarkObjects: 3.425400 ms  DeleteObjects: 0.066800 ms)

Prepare: number of updated asset objects reloaded= 0
AssetImportParameters requested are different than current active one (requested -> active):
  custom:video-encoder-webm-vp8: eb34c28f22e8b96e1ab97ce403110664 -> 
  custom:video-decoder-webm-vp8: 9c59270c3fd7afecdb556c50c9e8de78 -> 
  custom:scripting/monoscript/fileName/Wallet.cs: f282d1da9b5f829dd81e561c421e2ac3 -> b84605335fa66739ec31964faba9642a
  custom:scripting/monoscript/fileName/GroundedConfiguration.cs: 585e603979995a044dfb920aba655510 -> 
  custom:audio-decoder-ogg-vorbis: bf7c407c2cedff20999df2af8eb42d56 -> 
  custom:scripting/monoscript/fileName/Plant.cs: 58ac698cc3dafd4977609d4792b7ff8b -> 62ba4f5aa2dbbed39a5f15fe599a088c
  custom:scripting/monoscript/fileName/Utils.cs: 244f448866b4b61468b93b880d9850fe -> 8ec94ddc03461d9756a1cb6c0cd2a843
  custom:scripting/monoscript/fileName/DisplayBehaviour.cs: d47b9c96575465d674ad8f85f3d4ba81 -> 
  custom:scripting/monoscript/fileName/PlantBlueprint.cs: 884434b781165ad4854468a32963b349 -> 
  custom:scripting/monoscript/fileName/Assets.cs: f6191230adaa88b1694a40dcafbfb23e -> 59e73b97eff0038cfda1b2e241adeda3
  custom:SearchIndexIgnoredProperties: e643bd26f0fe6173181afceb89e7c659 -> 
  custom:container-demuxer-ogg: 62fdf1f143b41e24485cea50d1cbac27 -> 
  custom:AudioImporter_EditorPlatform: d09bf68614088b80899f8185d706f6e7 -> 
  custom:scripting/monoscript/fileName/TestingFeatures.cs: af736d531b7f5fe1211759019bb8cc1c -> 
  custom:CustomObjectIndexerAttribute: 9a22284fe3817be447336de3de66b15e -> 
  custom:scripting/monoscript/fileName/PlayerInput.cs: f6aa81e421e5abdd63a3a534795fe643 -> 
  custom:scripting/monoscript/fileName/MovementSettings.cs: 6cdb1110e838deb634bb5a01affda34a -> 
  custom:scripting/monoscript/fileName/PlayerContext.cs: 1d37eca89d95522fdbcf0ac0386713ac -> 
  custom:container-demuxer-webm: 4f35f7cbe854078d1ac9338744f61a02 -> 
  custom:scripting/monoscript/fileName/SmoothAssets.cs: 7fd81c5769ccf7bfc66eb1178b96ffcc -> 
  custom:scripting/monoscript/fileName/BaseBehaviour.cs: 0373f7db4818287325ce3ce3f19dfe9a -> 
  custom:scripting/monoscript/fileName/SingleMonoBehaviour.cs: 426938f1b26cb5d4ea08365171201abf -> 
  custom:video-decoder-ogg-theora: a1e56fd34408186e4bbccfd4996cb3dc -> 
  custom:scripting/monoscript/fileName/GameContext.cs: 25129b7e77e9db5460e21a4cf5fcdf2b -> 
  custom:audio-encoder-webm-vorbis: bf7c407c2cedff20999df2af8eb42d56 -> 
  custom:scripting/monoscript/fileName/Heart.cs: 82330c400ffbb95819c026ecbe08869c -> a001b955fa54c0f9a8e1f195457c4bd5
  custom:framework-win-MediaFoundation: 216162199b28c13a410421893ffa2e32 -> 
  custom:scripting/monoscript/fileName/PlantSettings.cs: cab5b764220bd0ee1e805cdfabb8b59b -> 
  custom:scripting/monoscript/fileName/PatchBehaviour.cs: ae5322aa772827a84e49536e9cbd2f17 -> 
  custom:scripting/precompiled-assembly-types:Assembly-CSharp: 09452704af81b15f94bc405e6589b0f5 -> a44bb8937b21e9f11e4397a9a5bc6e57
  custom:scripting/monoscript/fileName/RaycastData.cs: 223adf16e2df6b7cf8a1a9f67f574019 -> 
  custom:scripting/monoscript/fileName/CameraSettingsFPS.cs: 66bd5e1d90f4a860160c3cce44d0a4b7 -> 
  custom:scripting/monoscript/fileName/GameWorld.cs: a6c957d5dd59a7dd9cddf6a01c7fbdb4 -> ca78e59c92dc5df17222e6c37c4dbbca
  custom:container-muxer-webm: aa71ff27fc2769a1b78a27578f13a17b -> 
========================================================================
Received Prepare
Caller must complete domain reload
Begin MonoManager ReloadAssembly
- Loaded All Assemblies, in  0.390 seconds
Native extension for WindowsStandalone target not found
Native extension for WebGL target not found
Mono: successfully reloaded assembly
- Finished resetting the current domain, in  0.449 seconds
Domain Reload Profiling: 836ms
	BeginReloadAssembly (202ms)
		ExecutionOrderSort (0ms)
		DisableScriptedObjects (5ms)
		BackupInstance (0ms)
		ReleaseScriptingObjects (0ms)
		CreateAndSetChildDomain (19ms)
	RebuildCommonClasses (29ms)
	RebuildNativeTypeToScriptingClass (12ms)
	initialDomainReloadingComplete (29ms)
	LoadAllAssembliesAndSetupDomain (115ms)
		LoadAssemblies (181ms)
		RebuildTransferFunctionScriptingTraits (0ms)
		AnalyzeDomain (6ms)
			TypeCache.Refresh (3ms)
				TypeCache.ScanAssembly (0ms)
			ScanForSourceGeneratedMonoScriptInfo (0ms)
			ResolveRequiredComponents (2ms)
	FinalizeReload (449ms)
		ReleaseScriptCaches (0ms)
		RebuildScriptCaches (0ms)
		SetupLoadedEditorAssemblies (227ms)
			LogAssemblyErrors (0ms)
			InitializePlatformSupportModulesInManaged (8ms)
			SetLoadedEditorAssemblies (3ms)
			RefreshPlugins (0ms)
			BeforeProcessingInitializeOnLoad (42ms)
			ProcessInitializeOnLoadAttributes (144ms)
			ProcessInitializeOnLoadMethodAttributes (20ms)
			AfterProcessingInitializeOnLoad (9ms)
			EditorAssembliesLoaded (0ms)
		ExecutionOrderSort2 (0ms)
		AwakeInstancesAfterBackupRestoration (8ms)
Refreshing native plugins compatible for Editor in 1.10 ms, found 0 plugins.
Preloading 0 native plugins for Editor in 0.00 ms.
Unloading 1132 Unused Serialized files (Serialized files now loaded: 0)
Unloading 5 unused Assets / (23.9 KB). Loaded Objects now: 1641.
Memory consumption went from 147.6 MB to 147.6 MB.
Total: 3.002400 ms (FindLiveObjects: 0.155000 ms CreateObjectMapping: 0.065200 ms MarkObjects: 2.752100 ms  DeleteObjects: 0.029100 ms)

Prepare: number of updated asset objects reloaded= 0
AssetImportParameters requested are different than current active one (requested -> active):
  custom:video-encoder-webm-vp8: eb34c28f22e8b96e1ab97ce403110664 -> 
  custom:video-decoder-webm-vp8: 9c59270c3fd7afecdb556c50c9e8de78 -> 
  custom:scripting/monoscript/fileName/Wallet.cs: f282d1da9b5f829dd81e561c421e2ac3 -> b84605335fa66739ec31964faba9642a
  custom:scripting/monoscript/fileName/GroundedConfiguration.cs: 585e603979995a044dfb920aba655510 -> 
  custom:audio-decoder-ogg-vorbis: bf7c407c2cedff20999df2af8eb42d56 -> 
  custom:scripting/monoscript/fileName/Plant.cs: 58ac698cc3dafd4977609d4792b7ff8b -> 62ba4f5aa2dbbed39a5f15fe599a088c
  custom:scripting/monoscript/fileName/Utils.cs: 244f448866b4b61468b93b880d9850fe -> 8ec94ddc03461d9756a1cb6c0cd2a843
  custom:scripting/monoscript/fileName/DisplayBehaviour.cs: d47b9c96575465d674ad8f85f3d4ba81 -> 
  custom:scripting/monoscript/fileName/PlantBlueprint.cs: 884434b781165ad4854468a32963b349 -> 
  custom:scripting/monoscript/fileName/Assets.cs: f6191230adaa88b1694a40dcafbfb23e -> 59e73b97eff0038cfda1b2e241adeda3
  custom:SearchIndexIgnoredProperties: e643bd26f0fe6173181afceb89e7c659 -> 
  custom:container-demuxer-ogg: 62fdf1f143b41e24485cea50d1cbac27 -> 
  custom:AudioImporter_EditorPlatform: d09bf68614088b80899f8185d706f6e7 -> 
  custom:scripting/monoscript/fileName/TestingFeatures.cs: af736d531b7f5fe1211759019bb8cc1c -> 
  custom:CustomObjectIndexerAttribute: 9a22284fe3817be447336de3de66b15e -> 
  custom:scripting/monoscript/fileName/PlayerInput.cs: f6aa81e421e5abdd63a3a534795fe643 -> 
  custom:scripting/monoscript/fileName/MovementSettings.cs: 6cdb1110e838deb634bb5a01affda34a -> 
  custom:scripting/monoscript/fileName/PlayerContext.cs: 1d37eca89d95522fdbcf0ac0386713ac -> 
  custom:container-demuxer-webm: 4f35f7cbe854078d1ac9338744f61a02 -> 
  custom:scripting/monoscript/fileName/SmoothAssets.cs: 7fd81c5769ccf7bfc66eb1178b96ffcc -> 
  custom:scripting/monoscript/fileName/BaseBehaviour.cs: 0373f7db4818287325ce3ce3f19dfe9a -> 
  custom:scripting/monoscript/fileName/SingleMonoBehaviour.cs: 426938f1b26cb5d4ea08365171201abf -> 
  custom:video-decoder-ogg-theora: a1e56fd34408186e4bbccfd4996cb3dc -> 
  custom:scripting/monoscript/fileName/GameContext.cs: 25129b7e77e9db5460e21a4cf5fcdf2b -> 
  custom:audio-encoder-webm-vorbis: bf7c407c2cedff20999df2af8eb42d56 -> 
  custom:scripting/monoscript/fileName/Heart.cs: 82330c400ffbb95819c026ecbe08869c -> a001b955fa54c0f9a8e1f195457c4bd5
  custom:framework-win-MediaFoundation: 216162199b28c13a410421893ffa2e32 -> 
  custom:scripting/monoscript/fileName/PlantSettings.cs: cab5b764220bd0ee1e805cdfabb8b59b -> 
  custom:scripting/monoscript/fileName/PatchBehaviour.cs: ae5322aa772827a84e49536e9cbd2f17 -> 
  custom:scripting/precompiled-assembly-types:Assembly-CSharp: 09452704af81b15f94bc405e6589b0f5 -> a44bb8937b21e9f11e4397a9a5bc6e57
  custom:scripting/monoscript/fileName/RaycastData.cs: 223adf16e2df6b7cf8a1a9f67f574019 -> 
  custom:scripting/monoscript/fileName/CameraSettingsFPS.cs: 66bd5e1d90f4a860160c3cce44d0a4b7 -> 
  custom:scripting/monoscript/fileName/GameWorld.cs: a6c957d5dd59a7dd9cddf6a01c7fbdb4 -> ca78e59c92dc5df17222e6c37c4dbbca
  custom:container-muxer-webm: aa71ff27fc2769a1b78a27578f13a17b -> 
========================================================================
Received Prepare
Caller must complete domain reload
Begin MonoManager ReloadAssembly
- Loaded All Assemblies, in  0.383 seconds
Native extension for WindowsStandalone target not found
Native extension for WebGL target not found
Mono: successfully reloaded assembly
- Finished resetting the current domain, in  0.482 seconds
Domain Reload Profiling: 863ms
	BeginReloadAssembly (205ms)
		ExecutionOrderSort (0ms)
		DisableScriptedObjects (4ms)
		BackupInstance (0ms)
		ReleaseScriptingObjects (0ms)
		CreateAndSetChildDomain (16ms)
	RebuildCommonClasses (28ms)
	RebuildNativeTypeToScriptingClass (10ms)
	initialDomainReloadingComplete (25ms)
	LoadAllAssembliesAndSetupDomain (112ms)
		LoadAssemblies (181ms)
		RebuildTransferFunctionScriptingTraits (0ms)
		AnalyzeDomain (6ms)
			TypeCache.Refresh (3ms)
				TypeCache.ScanAssembly (0ms)
			ScanForSourceGeneratedMonoScriptInfo (0ms)
			ResolveRequiredComponents (2ms)
	FinalizeReload (482ms)
		ReleaseScriptCaches (0ms)
		RebuildScriptCaches (0ms)
		SetupLoadedEditorAssemblies (241ms)
			LogAssemblyErrors (0ms)
			InitializePlatformSupportModulesInManaged (11ms)
			SetLoadedEditorAssemblies (4ms)
			RefreshPlugins (0ms)
			BeforeProcessingInitializeOnLoad (41ms)
			ProcessInitializeOnLoadAttributes (153ms)
			ProcessInitializeOnLoadMethodAttributes (20ms)
			AfterProcessingInitializeOnLoad (11ms)
			EditorAssembliesLoaded (0ms)
		ExecutionOrderSort2 (0ms)
		AwakeInstancesAfterBackupRestoration (8ms)
Refreshing native plugins compatible for Editor in 0.98 ms, found 0 plugins.
Preloading 0 native plugins for Editor in 0.00 ms.
Unloading 1132 Unused Serialized files (Serialized files now loaded: 0)
Unloading 5 unused Assets / (23.9 KB). Loaded Objects now: 1644.
Memory consumption went from 147.6 MB to 147.6 MB.
Total: 3.246700 ms (FindLiveObjects: 0.169400 ms CreateObjectMapping: 0.067900 ms MarkObjects: 2.972900 ms  DeleteObjects: 0.035300 ms)

Prepare: number of updated asset objects reloaded= 0
AssetImportParameters requested are different than current active one (requested -> active):
  custom:video-encoder-webm-vp8: eb34c28f22e8b96e1ab97ce403110664 -> 
  custom:video-decoder-webm-vp8: 9c59270c3fd7afecdb556c50c9e8de78 -> 
  custom:scripting/monoscript/fileName/Wallet.cs: f282d1da9b5f829dd81e561c421e2ac3 -> b84605335fa66739ec31964faba9642a
  custom:scripting/monoscript/fileName/GroundedConfiguration.cs: 585e603979995a044dfb920aba655510 -> 
  custom:audio-decoder-ogg-vorbis: bf7c407c2cedff20999df2af8eb42d56 -> 
  custom:scripting/monoscript/fileName/Plant.cs: 58ac698cc3dafd4977609d4792b7ff8b -> 62ba4f5aa2dbbed39a5f15fe599a088c
  custom:scripting/monoscript/fileName/Utils.cs: 244f448866b4b61468b93b880d9850fe -> 8ec94ddc03461d9756a1cb6c0cd2a843
  custom:scripting/monoscript/fileName/DisplayBehaviour.cs: d47b9c96575465d674ad8f85f3d4ba81 -> 
  custom:scripting/monoscript/fileName/PlantBlueprint.cs: 884434b781165ad4854468a32963b349 -> 
  custom:scripting/monoscript/fileName/Assets.cs: f6191230adaa88b1694a40dcafbfb23e -> 59e73b97eff0038cfda1b2e241adeda3
  custom:SearchIndexIgnoredProperties: e643bd26f0fe6173181afceb89e7c659 -> 
  custom:container-demuxer-ogg: 62fdf1f143b41e24485cea50d1cbac27 -> 
  custom:AudioImporter_EditorPlatform: d09bf68614088b80899f8185d706f6e7 -> 
  custom:scripting/monoscript/fileName/TestingFeatures.cs: af736d531b7f5fe1211759019bb8cc1c -> 
  custom:CustomObjectIndexerAttribute: 9a22284fe3817be447336de3de66b15e -> 
  custom:scripting/monoscript/fileName/PlayerInput.cs: f6aa81e421e5abdd63a3a534795fe643 -> 
  custom:scripting/monoscript/fileName/MovementSettings.cs: 6cdb1110e838deb634bb5a01affda34a -> 
  custom:scripting/monoscript/fileName/PlayerContext.cs: 1d37eca89d95522fdbcf0ac0386713ac -> 
  custom:container-demuxer-webm: 4f35f7cbe854078d1ac9338744f61a02 -> 
  custom:scripting/monoscript/fileName/SmoothAssets.cs: 7fd81c5769ccf7bfc66eb1178b96ffcc -> 
  custom:scripting/monoscript/fileName/BaseBehaviour.cs: 0373f7db4818287325ce3ce3f19dfe9a -> 
  custom:scripting/monoscript/fileName/SingleMonoBehaviour.cs: 426938f1b26cb5d4ea08365171201abf -> 
  custom:video-decoder-ogg-theora: a1e56fd34408186e4bbccfd4996cb3dc -> 
  custom:scripting/monoscript/fileName/GameContext.cs: 25129b7e77e9db5460e21a4cf5fcdf2b -> 
  custom:audio-encoder-webm-vorbis: bf7c407c2cedff20999df2af8eb42d56 -> 
  custom:scripting/monoscript/fileName/Heart.cs: 82330c400ffbb95819c026ecbe08869c -> a001b955fa54c0f9a8e1f195457c4bd5
  custom:framework-win-MediaFoundation: 216162199b28c13a410421893ffa2e32 -> 
  custom:scripting/monoscript/fileName/PlantSettings.cs: cab5b764220bd0ee1e805cdfabb8b59b -> 
  custom:scripting/monoscript/fileName/PatchBehaviour.cs: ae5322aa772827a84e49536e9cbd2f17 -> 
  custom:scripting/precompiled-assembly-types:Assembly-CSharp: 09452704af81b15f94bc405e6589b0f5 -> a44bb8937b21e9f11e4397a9a5bc6e57
  custom:scripting/monoscript/fileName/RaycastData.cs: 223adf16e2df6b7cf8a1a9f67f574019 -> 
  custom:scripting/monoscript/fileName/CameraSettingsFPS.cs: 66bd5e1d90f4a860160c3cce44d0a4b7 -> 
  custom:scripting/monoscript/fileName/GameWorld.cs: a6c957d5dd59a7dd9cddf6a01c7fbdb4 -> ca78e59c92dc5df17222e6c37c4dbbca
  custom:container-muxer-webm: aa71ff27fc2769a1b78a27578f13a17b -> 
========================================================================
Received Prepare
Caller must complete domain reload
Begin MonoManager ReloadAssembly
- Loaded All Assemblies, in  0.396 seconds
Native extension for WindowsStandalone target not found
Native extension for WebGL target not found
Mono: successfully reloaded assembly
- Finished resetting the current domain, in  0.445 seconds
Domain Reload Profiling: 839ms
	BeginReloadAssembly (208ms)
		ExecutionOrderSort (0ms)
		DisableScriptedObjects (5ms)
		BackupInstance (0ms)
		ReleaseScriptingObjects (0ms)
		CreateAndSetChildDomain (16ms)
	RebuildCommonClasses (31ms)
	RebuildNativeTypeToScriptingClass (11ms)
	initialDomainReloadingComplete (28ms)
	LoadAllAssembliesAndSetupDomain (115ms)
		LoadAssemblies (176ms)
		RebuildTransferFunctionScriptingTraits (0ms)
		AnalyzeDomain (13ms)
			TypeCache.Refresh (5ms)
				TypeCache.ScanAssembly (0ms)
			ScanForSourceGeneratedMonoScriptInfo (6ms)
			ResolveRequiredComponents (2ms)
	FinalizeReload (446ms)
		ReleaseScriptCaches (0ms)
		RebuildScriptCaches (0ms)
		SetupLoadedEditorAssemblies (229ms)
			LogAssemblyErrors (0ms)
			InitializePlatformSupportModulesInManaged (8ms)
			SetLoadedEditorAssemblies (3ms)
			RefreshPlugins (0ms)
			BeforeProcessingInitializeOnLoad (46ms)
			ProcessInitializeOnLoadAttributes (144ms)
			ProcessInitializeOnLoadMethodAttributes (20ms)
			AfterProcessingInitializeOnLoad (9ms)
			EditorAssembliesLoaded (0ms)
		ExecutionOrderSort2 (0ms)
		AwakeInstancesAfterBackupRestoration (8ms)
Refreshing native plugins compatible for Editor in 1.08 ms, found 0 plugins.
Preloading 0 native plugins for Editor in 0.00 ms.
Unloading 1132 Unused Serialized files (Serialized files now loaded: 0)
Unloading 5 unused Assets / (24.0 KB). Loaded Objects now: 1647.
Memory consumption went from 147.6 MB to 147.6 MB.
Total: 3.261200 ms (FindLiveObjects: 0.159000 ms CreateObjectMapping: 0.091000 ms MarkObjects: 2.977800 ms  DeleteObjects: 0.032400 ms)

Prepare: number of updated asset objects reloaded= 0
AssetImportParameters requested are different than current active one (requested -> active):
  custom:video-encoder-webm-vp8: eb34c28f22e8b96e1ab97ce403110664 -> 
  custom:video-decoder-webm-vp8: 9c59270c3fd7afecdb556c50c9e8de78 -> 
  custom:scripting/monoscript/fileName/Wallet.cs: f282d1da9b5f829dd81e561c421e2ac3 -> b84605335fa66739ec31964faba9642a
  custom:scripting/monoscript/fileName/GroundedConfiguration.cs: 585e603979995a044dfb920aba655510 -> 
  custom:audio-decoder-ogg-vorbis: bf7c407c2cedff20999df2af8eb42d56 -> 
  custom:scripting/monoscript/fileName/Plant.cs: 58ac698cc3dafd4977609d4792b7ff8b -> 62ba4f5aa2dbbed39a5f15fe599a088c
  custom:scripting/monoscript/fileName/Utils.cs: 244f448866b4b61468b93b880d9850fe -> 8ec94ddc03461d9756a1cb6c0cd2a843
  custom:scripting/monoscript/fileName/DisplayBehaviour.cs: d47b9c96575465d674ad8f85f3d4ba81 -> 
  custom:scripting/monoscript/fileName/PlantBlueprint.cs: 884434b781165ad4854468a32963b349 -> 
  custom:scripting/monoscript/fileName/Assets.cs: f6191230adaa88b1694a40dcafbfb23e -> 59e73b97eff0038cfda1b2e241adeda3
  custom:SearchIndexIgnoredProperties: e643bd26f0fe6173181afceb89e7c659 -> 
  custom:container-demuxer-ogg: 62fdf1f143b41e24485cea50d1cbac27 -> 
  custom:AudioImporter_EditorPlatform: d09bf68614088b80899f8185d706f6e7 -> 
  custom:scripting/monoscript/fileName/TestingFeatures.cs: af736d531b7f5fe1211759019bb8cc1c -> 
  custom:CustomObjectIndexerAttribute: 9a22284fe3817be447336de3de66b15e -> 
  custom:scripting/monoscript/fileName/PlayerInput.cs: f6aa81e421e5abdd63a3a534795fe643 -> 
  custom:scripting/monoscript/fileName/MovementSettings.cs: 6cdb1110e838deb634bb5a01affda34a -> 
  custom:scripting/monoscript/fileName/PlayerContext.cs: 1d37eca89d95522fdbcf0ac0386713ac -> 
  custom:container-demuxer-webm: 4f35f7cbe854078d1ac9338744f61a02 -> 
  custom:scripting/monoscript/fileName/SmoothAssets.cs: 7fd81c5769ccf7bfc66eb1178b96ffcc -> 
  custom:scripting/monoscript/fileName/BaseBehaviour.cs: 0373f7db4818287325ce3ce3f19dfe9a -> 
  custom:scripting/monoscript/fileName/SingleMonoBehaviour.cs: 426938f1b26cb5d4ea08365171201abf -> 
  custom:video-decoder-ogg-theora: a1e56fd34408186e4bbccfd4996cb3dc -> 
  custom:scripting/monoscript/fileName/GameContext.cs: 25129b7e77e9db5460e21a4cf5fcdf2b -> 
  custom:audio-encoder-webm-vorbis: bf7c407c2cedff20999df2af8eb42d56 -> 
  custom:scripting/monoscript/fileName/Heart.cs: 82330c400ffbb95819c026ecbe08869c -> a001b955fa54c0f9a8e1f195457c4bd5
  custom:framework-win-MediaFoundation: 216162199b28c13a410421893ffa2e32 -> 
  custom:scripting/monoscript/fileName/PlantSettings.cs: cab5b764220bd0ee1e805cdfabb8b59b -> 
  custom:scripting/monoscript/fileName/PatchBehaviour.cs: ae5322aa772827a84e49536e9cbd2f17 -> 
  custom:scripting/precompiled-assembly-types:Assembly-CSharp: 09452704af81b15f94bc405e6589b0f5 -> a44bb8937b21e9f11e4397a9a5bc6e57
  custom:scripting/monoscript/fileName/RaycastData.cs: 223adf16e2df6b7cf8a1a9f67f574019 -> 
  custom:scripting/monoscript/fileName/CameraSettingsFPS.cs: 66bd5e1d90f4a860160c3cce44d0a4b7 -> 
  custom:scripting/monoscript/fileName/GameWorld.cs: a6c957d5dd59a7dd9cddf6a01c7fbdb4 -> ca78e59c92dc5df17222e6c37c4dbbca
  custom:container-muxer-webm: aa71ff27fc2769a1b78a27578f13a17b -> 
========================================================================
Received Prepare
Caller must complete domain reload
Begin MonoManager ReloadAssembly
- Loaded All Assemblies, in  0.400 seconds
Native extension for WindowsStandalone target not found
Native extension for WebGL target not found
Mono: successfully reloaded assembly
- Finished resetting the current domain, in  0.445 seconds
Domain Reload Profiling: 843ms
	BeginReloadAssembly (210ms)
		ExecutionOrderSort (0ms)
		DisableScriptedObjects (5ms)
		BackupInstance (0ms)
		ReleaseScriptingObjects (0ms)
		CreateAndSetChildDomain (18ms)
	RebuildCommonClasses (40ms)
	RebuildNativeTypeToScriptingClass (10ms)
	initialDomainReloadingComplete (25ms)
	LoadAllAssembliesAndSetupDomain (113ms)
		LoadAssemblies (182ms)
		RebuildTransferFunctionScriptingTraits (0ms)
		AnalyzeDomain (12ms)
			TypeCache.Refresh (4ms)
				TypeCache.ScanAssembly (0ms)
			ScanForSourceGeneratedMonoScriptInfo (5ms)
			ResolveRequiredComponents (2ms)
	FinalizeReload (446ms)
		ReleaseScriptCaches (0ms)
		RebuildScriptCaches (0ms)
		SetupLoadedEditorAssemblies (225ms)
			LogAssemblyErrors (0ms)
			InitializePlatformSupportModulesInManaged (8ms)
			SetLoadedEditorAssemblies (3ms)
			RefreshPlugins (0ms)
			BeforeProcessingInitializeOnLoad (41ms)
			ProcessInitializeOnLoadAttributes (142ms)
			ProcessInitializeOnLoadMethodAttributes (20ms)
			AfterProcessingInitializeOnLoad (10ms)
			EditorAssembliesLoaded (0ms)
		ExecutionOrderSort2 (0ms)
		AwakeInstancesAfterBackupRestoration (8ms)
Refreshing native plugins compatible for Editor in 0.98 ms, found 0 plugins.
Preloading 0 native plugins for Editor in 0.00 ms.
Unloading 1132 Unused Serialized files (Serialized files now loaded: 0)
Unloading 5 unused Assets / (24.0 KB). Loaded Objects now: 1650.
Memory consumption went from 147.6 MB to 147.6 MB.
Total: 3.257000 ms (FindLiveObjects: 0.139600 ms CreateObjectMapping: 0.078400 ms MarkObjects: 3.007000 ms  DeleteObjects: 0.031000 ms)

Prepare: number of updated asset objects reloaded= 0
AssetImportParameters requested are different than current active one (requested -> active):
  custom:video-encoder-webm-vp8: eb34c28f22e8b96e1ab97ce403110664 -> 
  custom:video-decoder-webm-vp8: 9c59270c3fd7afecdb556c50c9e8de78 -> 
  custom:scripting/monoscript/fileName/Wallet.cs: f282d1da9b5f829dd81e561c421e2ac3 -> b84605335fa66739ec31964faba9642a
  custom:scripting/monoscript/fileName/GroundedConfiguration.cs: 585e603979995a044dfb920aba655510 -> 
  custom:audio-decoder-ogg-vorbis: bf7c407c2cedff20999df2af8eb42d56 -> 
  custom:scripting/monoscript/fileName/Plant.cs: 58ac698cc3dafd4977609d4792b7ff8b -> 62ba4f5aa2dbbed39a5f15fe599a088c
  custom:scripting/monoscript/fileName/Utils.cs: 244f448866b4b61468b93b880d9850fe -> 8ec94ddc03461d9756a1cb6c0cd2a843
  custom:scripting/monoscript/fileName/DisplayBehaviour.cs: d47b9c96575465d674ad8f85f3d4ba81 -> 
  custom:scripting/monoscript/fileName/PlantBlueprint.cs: 884434b781165ad4854468a32963b349 -> 
  custom:scripting/monoscript/fileName/Assets.cs: f6191230adaa88b1694a40dcafbfb23e -> 59e73b97eff0038cfda1b2e241adeda3
  custom:SearchIndexIgnoredProperties: e643bd26f0fe6173181afceb89e7c659 -> 
  custom:container-demuxer-ogg: 62fdf1f143b41e24485cea50d1cbac27 -> 
  custom:AudioImporter_EditorPlatform: d09bf68614088b80899f8185d706f6e7 -> 
  custom:scripting/monoscript/fileName/TestingFeatures.cs: af736d531b7f5fe1211759019bb8cc1c -> 
  custom:CustomObjectIndexerAttribute: 9a22284fe3817be447336de3de66b15e -> 
  custom:scripting/monoscript/fileName/PlayerInput.cs: f6aa81e421e5abdd63a3a534795fe643 -> 
  custom:scripting/monoscript/fileName/MovementSettings.cs: 6cdb1110e838deb634bb5a01affda34a -> 
  custom:scripting/monoscript/fileName/PlayerContext.cs: 1d37eca89d95522fdbcf0ac0386713ac -> 
  custom:scripting/monoscript/fileName/ConfigTextFile.cs: 21287d204595fc6c021627d15f7c8fd6 -> ae7daafbaecbabf7f70b113d353c1ef8
  custom:container-demuxer-webm: 4f35f7cbe854078d1ac9338744f61a02 -> 
  custom:scripting/monoscript/fileName/SmoothAssets.cs: 7fd81c5769ccf7bfc66eb1178b96ffcc -> 
  custom:scripting/monoscript/fileName/BaseBehaviour.cs: 0373f7db4818287325ce3ce3f19dfe9a -> 
  custom:scripting/monoscript/fileName/SingleMonoBehaviour.cs: 426938f1b26cb5d4ea08365171201abf -> 
  custom:video-decoder-ogg-theora: a1e56fd34408186e4bbccfd4996cb3dc -> 
  custom:scripting/monoscript/fileName/GameContext.cs: 25129b7e77e9db5460e21a4cf5fcdf2b -> 
  custom:audio-encoder-webm-vorbis: bf7c407c2cedff20999df2af8eb42d56 -> 
  custom:scripting/monoscript/fileName/Heart.cs: 82330c400ffbb95819c026ecbe08869c -> a001b955fa54c0f9a8e1f195457c4bd5
  custom:framework-win-MediaFoundation: 216162199b28c13a410421893ffa2e32 -> 
  custom:scripting/monoscript/fileName/PlantSettings.cs: cab5b764220bd0ee1e805cdfabb8b59b -> 
  custom:scripting/monoscript/fileName/PatchBehaviour.cs: ae5322aa772827a84e49536e9cbd2f17 -> 
  custom:scripting/precompiled-assembly-types:Assembly-CSharp: bb7c3da9dd5b7296c0c768299abed743 -> a44bb8937b21e9f11e4397a9a5bc6e57
  custom:scripting/monoscript/fileName/RaycastData.cs: 223adf16e2df6b7cf8a1a9f67f574019 -> 
  custom:scripting/monoscript/fileName/CameraSettingsFPS.cs: 66bd5e1d90f4a860160c3cce44d0a4b7 -> 
  custom:scripting/monoscript/fileName/GameWorld.cs: a6c957d5dd59a7dd9cddf6a01c7fbdb4 -> ca78e59c92dc5df17222e6c37c4dbbca
  custom:container-muxer-webm: aa71ff27fc2769a1b78a27578f13a17b -> 
========================================================================
Received Import Request.
  Time since last request: 1179.476895 seconds.
  path: Assets/game_manager.prefab
  artifactKey: Guid(0672d1d8a1dc4f14c8730ca37d0d4bf3) Importer(2089858483,0ecaa5967403d082aa24f35e1b516d23)
Start importing Assets/game_manager.prefab using Guid(0672d1d8a1dc4f14c8730ca37d0d4bf3) Importer(2089858483,0ecaa5967403d082aa24f35e1b516d23) [PhysX] Initialized MultithreadedTaskDispatcher with 16 workers.
OnValidate() --> FEATHERCUP.
UnityEngine.StackTraceUtility:ExtractStackTrace ()
UnityEngine.DebugLogHandler:LogFormat (UnityEngine.LogType,UnityEngine.Object,string,object[])
UnityEngine.Logger:Log (UnityEngine.LogType,object)
UnityEngine.Debug:Log (object)
IntegratedGameplaySystem.PlantSpeciesProfile:OnValidate () (at Assets/Scripts/ScriptableObjects/PlantSpeciesProfile.cs:27)
UnityEditor.AssetDatabase:LoadAssetAtPath<UnityEngine.GameObject> (string)
UnityEditor.Search.AssetIndexer:IndexDocument (string,bool)
UnityEditor.Search.SearchIndexEntryImporter:OnImportAsset (UnityEditor.AssetImporters.AssetImportContext)
UnityEditor.AssetImporters.ScriptedImporter:GenerateAssetData (UnityEditor.AssetImporters.AssetImportContext)

(Filename: Assets/Scripts/ScriptableObjects/PlantSpeciesProfile.cs Line: 27)

OnValidate() --> EVERBENDING.
UnityEngine.StackTraceUtility:ExtractStackTrace ()
UnityEngine.DebugLogHandler:LogFormat (UnityEngine.LogType,UnityEngine.Object,string,object[])
UnityEngine.Logger:Log (UnityEngine.LogType,object)
UnityEngine.Debug:Log (object)
IntegratedGameplaySystem.PlantSpeciesProfile:OnValidate () (at Assets/Scripts/ScriptableObjects/PlantSpeciesProfile.cs:27)
UnityEditor.AssetDatabase:LoadAssetAtPath<UnityEngine.GameObject> (string)
UnityEditor.Search.AssetIndexer:IndexDocument (string,bool)
UnityEditor.Search.SearchIndexEntryImporter:OnImportAsset (UnityEditor.AssetImporters.AssetImportContext)
UnityEditor.AssetImporters.ScriptedImporter:GenerateAssetData (UnityEditor.AssetImporters.AssetImportContext)

(Filename: Assets/Scripts/ScriptableObjects/PlantSpeciesProfile.cs Line: 27)

OnValidate() --> MOONBERRY.
UnityEngine.StackTraceUtility:ExtractStackTrace ()
UnityEngine.DebugLogHandler:LogFormat (UnityEngine.LogType,UnityEngine.Object,string,object[])
UnityEngine.Logger:Log (UnityEngine.LogType,object)
UnityEngine.Debug:Log (object)
IntegratedGameplaySystem.PlantSpeciesProfile:OnValidate () (at Assets/Scripts/ScriptableObjects/PlantSpeciesProfile.cs:27)
UnityEditor.AssetDatabase:LoadAssetAtPath<UnityEngine.GameObject> (string)
UnityEditor.Search.AssetIndexer:IndexDocument (string,bool)
UnityEditor.Search.SearchIndexEntryImporter:OnImportAsset (UnityEditor.AssetImporters.AssetImportContext)
UnityEditor.AssetImporters.ScriptedImporter:GenerateAssetData (UnityEditor.AssetImporters.AssetImportContext)

(Filename: Assets/Scripts/ScriptableObjects/PlantSpeciesProfile.cs Line: 27)

 -> (artifact id: 'bf41a4f34d40de7f2cef2e80eaea9345') in 0.164115 seconds
Number of updated asset objects reloaded before import = 0
Number of asset objects unloaded after import = 117
========================================================================
Received Import Request.
  Time since last request: 0.000016 seconds.
  path: Assets/ScriptableObjects/Moonberry.asset
  artifactKey: Guid(3aa9be92a0736b0439525ba630c79984) Importer(2089858483,0ecaa5967403d082aa24f35e1b516d23)
Start importing Assets/ScriptableObjects/Moonberry.asset using Guid(3aa9be92a0736b0439525ba630c79984) Importer(2089858483,0ecaa5967403d082aa24f35e1b516d23) [PhysX] Initialized MultithreadedTaskDispatcher with 16 workers.
OnValidate() --> MOONBERRY.
UnityEngine.StackTraceUtility:ExtractStackTrace ()
UnityEngine.DebugLogHandler:LogFormat (UnityEngine.LogType,UnityEngine.Object,string,object[])
UnityEngine.Logger:Log (UnityEngine.LogType,object)
UnityEngine.Debug:Log (object)
IntegratedGameplaySystem.PlantSpeciesProfile:OnValidate () (at Assets/Scripts/ScriptableObjects/PlantSpeciesProfile.cs:27)
UnityEditor.Search.AssetIndexer:IndexProperties (int&,string&,bool&)
UnityEditor.Search.AssetIndexer:IndexDocument (string,bool)
UnityEditor.Search.SearchIndexEntryImporter:OnImportAsset (UnityEditor.AssetImporters.AssetImportContext)
UnityEditor.AssetImporters.ScriptedImporter:GenerateAssetData (UnityEditor.AssetImporters.AssetImportContext)

(Filename: Assets/Scripts/ScriptableObjects/PlantSpeciesProfile.cs Line: 27)

 -> (artifact id: 'b68c09a059e8e872bd9982e7f4fcc50f') in 0.019589 seconds
Number of updated asset objects reloaded before import = 0
Number of asset objects unloaded after import = 8
========================================================================
Received Import Request.
  Time since last request: 0.000023 seconds.
  path: Assets/Scripts/ScriptableObjects/PlayerSettings.cs
  artifactKey: Guid(934a6945ae1539047b894114f64ef5a0) Importer(2089858483,0ecaa5967403d082aa24f35e1b516d23)
Start importing Assets/Scripts/ScriptableObjects/PlayerSettings.cs using Guid(934a6945ae1539047b894114f64ef5a0) Importer(2089858483,0ecaa5967403d082aa24f35e1b516d23) [PhysX] Initialized MultithreadedTaskDispatcher with 16 workers.
 -> (artifact id: '58a3866dd0f5a15bb410f6cd73c709e8') in 0.011523 seconds
Number of updated asset objects reloaded before import = 0
Number of asset objects unloaded after import = 1
========================================================================
Received Import Request.
  Time since last request: 0.000072 seconds.
  path: Assets/Materials/slippery.physicMaterial
  artifactKey: Guid(ded49c6b9293d3b479ce18d7865e9168) Importer(2089858483,0ecaa5967403d082aa24f35e1b516d23)
Start importing Assets/Materials/slippery.physicMaterial using Guid(ded49c6b9293d3b479ce18d7865e9168) Importer(2089858483,0ecaa5967403d082aa24f35e1b516d23) [PhysX] Initialized MultithreadedTaskDispatcher with 16 workers.
 -> (artifact id: 'aec48f48f98d779a59027933a4d7bff1') in 0.017695 seconds
Number of updated asset objects reloaded before import = 0
Number of asset objects unloaded after import = 1
========================================================================
Received Import Request.
  Time since last request: 0.000079 seconds.
  path: Assets/Resources/Moonberry/stage_2_img.png
  artifactKey: Guid(ab3b4025d51ef5b4eb62978a3141155f) Importer(2089858483,0ecaa5967403d082aa24f35e1b516d23)
Start importing Assets/Resources/Moonberry/stage_2_img.png using Guid(ab3b4025d51ef5b4eb62978a3141155f) Importer(2089858483,0ecaa5967403d082aa24f35e1b516d23) [PhysX] Initialized MultithreadedTaskDispatcher with 16 workers.
 -> (artifact id: '985501db2fc7b4cd5ef0acc585f62025') in 0.054281 seconds
Number of updated asset objects reloaded before import = 0
Number of asset objects unloaded after import = 3
========================================================================
Received Import Request.
  Time since last request: 0.000016 seconds.
  path: Assets/ScriptableObjects/scene_setup.asset
  artifactKey: Guid(4ce5449af4eed3a4981bcfd051721a5c) Importer(2089858483,0ecaa5967403d082aa24f35e1b516d23)
Start importing Assets/ScriptableObjects/scene_setup.asset using Guid(4ce5449af4eed3a4981bcfd051721a5c) Importer(2089858483,0ecaa5967403d082aa24f35e1b516d23) [PhysX] Initialized MultithreadedTaskDispatcher with 16 workers.
 -> (artifact id: 'c3b91d33ba126106f7be681c689848fb') in 0.012510 seconds
Number of updated asset objects reloaded before import = 0
Number of asset objects unloaded after import = 1
========================================================================
Received Import Request.
  Time since last request: 0.000017 seconds.
  path: Assets/Scripts/Composites/Wallet.cs
  artifactKey: Guid(adbf36c7030b8684db54d828e2800b33) Importer(2089858483,0ecaa5967403d082aa24f35e1b516d23)
Start importing Assets/Scripts/Composites/Wallet.cs using Guid(adbf36c7030b8684db54d828e2800b33) Importer(2089858483,0ecaa5967403d082aa24f35e1b516d23) [PhysX] Initialized MultithreadedTaskDispatcher with 16 workers.
 -> (artifact id: '565836f4e4cb416201f6a45c9412c619') in 0.012274 seconds
Number of updated asset objects reloaded before import = 0
Number of asset objects unloaded after import = 1
========================================================================
Received Import Request.
  Time since last request: 0.000133 seconds.
  path: Assets/Scripts/Input/ConfigTextFile.cs
  artifactKey: Guid(668b5db08ebb3a04c8431fac47b210b1) Importer(2089858483,0ecaa5967403d082aa24f35e1b516d23)
Start importing Assets/Scripts/Input/ConfigTextFile.cs using Guid(668b5db08ebb3a04c8431fac47b210b1) Importer(2089858483,0ecaa5967403d082aa24f35e1b516d23) [PhysX] Initialized MultithreadedTaskDispatcher with 16 workers.
 -> (artifact id: '9559751f16e8109ece52efa05956708a') in 0.010994 seconds
Number of updated asset objects reloaded before import = 0
Number of asset objects unloaded after import = 1
========================================================================
Received Import Request.
  Time since last request: 0.000035 seconds.
  path: Assets/Resources/Feathercup/stage_2_img.png
  artifactKey: Guid(1426242be8e9b9b4b9b1c4c850dcb74b) Importer(2089858483,0ecaa5967403d082aa24f35e1b516d23)
Start importing Assets/Resources/Feathercup/stage_2_img.png using Guid(1426242be8e9b9b4b9b1c4c850dcb74b) Importer(2089858483,0ecaa5967403d082aa24f35e1b516d23) [PhysX] Initialized MultithreadedTaskDispatcher with 16 workers.
 -> (artifact id: 'c5c405e074ddae44facb483bfaa89cdb') in 0.016601 seconds
Number of updated asset objects reloaded before import = 0
Number of asset objects unloaded after import = 3
========================================================================
Received Import Request.
  Time since last request: 0.000013 seconds.
  path: Assets/ScriptableObjects/Feathercup.asset
  artifactKey: Guid(603f03c725928b346bf33651294e7731) Importer(2089858483,0ecaa5967403d082aa24f35e1b516d23)
Start importing Assets/ScriptableObjects/Feathercup.asset using Guid(603f03c725928b346bf33651294e7731) Importer(2089858483,0ecaa5967403d082aa24f35e1b516d23) [PhysX] Initialized MultithreadedTaskDispatcher with 16 workers.
OnValidate() --> FEATHERCUP.
UnityEngine.StackTraceUtility:ExtractStackTrace ()
UnityEngine.DebugLogHandler:LogFormat (UnityEngine.LogType,UnityEngine.Object,string,object[])
UnityEngine.Logger:Log (UnityEngine.LogType,object)
UnityEngine.Debug:Log (object)
IntegratedGameplaySystem.PlantSpeciesProfile:OnValidate () (at Assets/Scripts/ScriptableObjects/PlantSpeciesProfile.cs:27)
UnityEditor.Search.AssetIndexer:IndexProperties (int&,string&,bool&)
UnityEditor.Search.AssetIndexer:IndexDocument (string,bool)
UnityEditor.Search.SearchIndexEntryImporter:OnImportAsset (UnityEditor.AssetImporters.AssetImportContext)
UnityEditor.AssetImporters.ScriptedImporter:GenerateAssetData (UnityEditor.AssetImporters.AssetImportContext)

(Filename: Assets/Scripts/ScriptableObjects/PlantSpeciesProfile.cs Line: 27)

 -> (artifact id: '06fe4d662caa0dec92d550bd36b95924') in 0.011237 seconds
Number of updated asset objects reloaded before import = 0
Number of asset objects unloaded after import = 8
========================================================================
Received Import Request.
  Time since last request: 0.000015 seconds.
  path: Assets/Resources/Everbending/stage_2_img.png
  artifactKey: Guid(3e8d6ca25075b334788318501ff12854) Importer(2089858483,0ecaa5967403d082aa24f35e1b516d23)
Start importing Assets/Resources/Everbending/stage_2_img.png using Guid(3e8d6ca25075b334788318501ff12854) Importer(2089858483,0ecaa5967403d082aa24f35e1b516d23) [PhysX] Initialized MultithreadedTaskDispatcher with 16 workers.
 -> (artifact id: '6a6698b2cdcc88819a70d60d2df096a6') in 0.017487 seconds
Number of updated asset objects reloaded before import = 0
Number of asset objects unloaded after import = 3
========================================================================
Received Import Request.
  Time since last request: 0.000054 seconds.
  path: Assets/Scripts/Behaviour/Interactor.cs
  artifactKey: Guid(4a127982d9101f44cb4c6540ea271bd1) Importer(2089858483,0ecaa5967403d082aa24f35e1b516d23)
Start importing Assets/Scripts/Behaviour/Interactor.cs using Guid(4a127982d9101f44cb4c6540ea271bd1) Importer(2089858483,0ecaa5967403d082aa24f35e1b516d23) [PhysX] Initialized MultithreadedTaskDispatcher with 16 workers.
 -> (artifact id: '1b7f773ae783f67364808bbf97612d3b') in 0.009916 seconds
Number of updated asset objects reloaded before import = 0
Number of asset objects unloaded after import = 1
========================================================================
Received Import Request.
  Time since last request: 0.000016 seconds.
  path: Assets/Resources/Everbending/stage_4_mat.mat
  artifactKey: Guid(ca638e5d854c8684e9a5f7b2d9f0f9e3) Importer(2089858483,0ecaa5967403d082aa24f35e1b516d23)
Start importing Assets/Resources/Everbending/stage_4_mat.mat using Guid(ca638e5d854c8684e9a5f7b2d9f0f9e3) Importer(2089858483,0ecaa5967403d082aa24f35e1b516d23) [PhysX] Initialized MultithreadedTaskDispatcher with 16 workers.
 -> (artifact id: '4d6867dc7bcf33fe67b6694f628e72ec') in 0.030356 seconds
Number of updated asset objects reloaded before import = 0
Number of asset objects unloaded after import = 2
========================================================================
Received Import Request.
  Time since last request: 0.000015 seconds.
  path: Assets/ScriptableObjects/interaction.asset
  artifactKey: Guid(2039706daca8aff48a3678794c99d1ad) Importer(2089858483,0ecaa5967403d082aa24f35e1b516d23)
Start importing Assets/ScriptableObjects/interaction.asset using Guid(2039706daca8aff48a3678794c99d1ad) Importer(2089858483,0ecaa5967403d082aa24f35e1b516d23) [PhysX] Initialized MultithreadedTaskDispatcher with 16 workers.
 -> (artifact id: 'f1ee7727e7c276b7fc44df6f39ffe954') in 0.011206 seconds
Number of updated asset objects reloaded before import = 0
Number of asset objects unloaded after import = 1
========================================================================
Received Import Request.
  Time since last request: 0.000058 seconds.
  path: Assets/Scripts/Composites/Display.cs
  artifactKey: Guid(3bad4bb0accf371408ae908502c963bc) Importer(2089858483,0ecaa5967403d082aa24f35e1b516d23)
Start importing Assets/Scripts/Composites/Display.cs using Guid(3bad4bb0accf371408ae908502c963bc) Importer(2089858483,0ecaa5967403d082aa24f35e1b516d23) [PhysX] Initialized MultithreadedTaskDispatcher with 16 workers.
 -> (artifact id: '0e12ac0b15735507b9078ce1fe9b3b73') in 0.010429 seconds
Number of updated asset objects reloaded before import = 0
Number of asset objects unloaded after import = 1
========================================================================
Received Import Request.
  Time since last request: 0.000130 seconds.
  path: Assets/Resources/Moonberry/stage_5_img.png
  artifactKey: Guid(b46e013e234f51f4185b55c3c4df03fe) Importer(2089858483,0ecaa5967403d082aa24f35e1b516d23)
Start importing Assets/Resources/Moonberry/stage_5_img.png using Guid(b46e013e234f51f4185b55c3c4df03fe) Importer(2089858483,0ecaa5967403d082aa24f35e1b516d23) [PhysX] Initialized MultithreadedTaskDispatcher with 16 workers.
 -> (artifact id: '1cc5c36ecacb12b540eade2dd0a72a32') in 0.018750 seconds
Number of updated asset objects reloaded before import = 0
Number of asset objects unloaded after import = 3
========================================================================
Received Import Request.
  Time since last request: 0.000016 seconds.
  path: Assets/Materials/player.mat
  artifactKey: Guid(71c8a9d8a99f33945be6d36a5a0f8b32) Importer(2089858483,0ecaa5967403d082aa24f35e1b516d23)
Start importing Assets/Materials/player.mat using Guid(71c8a9d8a99f33945be6d36a5a0f8b32) Importer(2089858483,0ecaa5967403d082aa24f35e1b516d23) [PhysX] Initialized MultithreadedTaskDispatcher with 16 workers.
 -> (artifact id: 'e32ef72038cc8cd7e40a3956f6eb503c') in 0.019395 seconds
Number of updated asset objects reloaded before import = 0
Number of asset objects unloaded after import = 2
========================================================================
Received Import Request.
  Time since last request: 0.000014 seconds.
  path: Assets/Scripts/ScriptableObjects/RaycastSettings.cs
  artifactKey: Guid(52d80ded69ef82d4bbc608defd97e362) Importer(2089858483,0ecaa5967403d082aa24f35e1b516d23)
Start importing Assets/Scripts/ScriptableObjects/RaycastSettings.cs using Guid(52d80ded69ef82d4bbc608defd97e362) Importer(2089858483,0ecaa5967403d082aa24f35e1b516d23) [PhysX] Initialized MultithreadedTaskDispatcher with 16 workers.
 -> (artifact id: 'bf67f3caf3ebc06389f3415e7df45da8') in 0.012068 seconds
Number of updated asset objects reloaded before import = 0
Number of asset objects unloaded after import = 1
========================================================================
Received Import Request.
  Time since last request: 0.000017 seconds.
  path: Assets/Resources/Moonberry/stage_3_mat.mat
  artifactKey: Guid(0beb2384c590e8444a54f781165df185) Importer(2089858483,0ecaa5967403d082aa24f35e1b516d23)
Start importing Assets/Resources/Moonberry/stage_3_mat.mat using Guid(0beb2384c590e8444a54f781165df185) Importer(2089858483,0ecaa5967403d082aa24f35e1b516d23) [PhysX] Initialized MultithreadedTaskDispatcher with 16 workers.
 -> (artifact id: 'c77be5fd9a9509c939552a10f000f0a2') in 0.011910 seconds
Number of updated asset objects reloaded before import = 0
Number of asset objects unloaded after import = 2
========================================================================
Received Import Request.
  Time since last request: 0.000015 seconds.
  path: Assets/Resources/Feathercup/stage_5_img.png
  artifactKey: Guid(c40a69c366bba6e4ca43e3786e3bb49b) Importer(2089858483,0ecaa5967403d082aa24f35e1b516d23)
Start importing Assets/Resources/Feathercup/stage_5_img.png using Guid(c40a69c366bba6e4ca43e3786e3bb49b) Importer(2089858483,0ecaa5967403d082aa24f35e1b516d23) [PhysX] Initialized MultithreadedTaskDispatcher with 16 workers.
 -> (artifact id: 'e9e9499b99c4ec95712acd46a73f0c74') in 0.018178 seconds
Number of updated asset objects reloaded before import = 0
Number of asset objects unloaded after import = 3
========================================================================
Received Import Request.
  Time since last request: 0.000026 seconds.
  path: Assets/Scripts/Interfaces/IPlayerInput.cs
  artifactKey: Guid(b851a79b9ee06974795a16c557cf03b4) Importer(2089858483,0ecaa5967403d082aa24f35e1b516d23)
Start importing Assets/Scripts/Interfaces/IPlayerInput.cs using Guid(b851a79b9ee06974795a16c557cf03b4) Importer(2089858483,0ecaa5967403d082aa24f35e1b516d23) [PhysX] Initialized MultithreadedTaskDispatcher with 16 workers.
 -> (artifact id: '5f7c6ce3dc4010bf9712214dc53574d4') in 0.012736 seconds
Number of updated asset objects reloaded before import = 0
Number of asset objects unloaded after import = 1
========================================================================
Received Import Request.
  Time since last request: 0.000018 seconds.
  path: Assets/Scripts/Composites/SceneObject.cs
  artifactKey: Guid(d1192fcb86ea35d469fa473bccd8879a) Importer(2089858483,0ecaa5967403d082aa24f35e1b516d23)
Start importing Assets/Scripts/Composites/SceneObject.cs using Guid(d1192fcb86ea35d469fa473bccd8879a) Importer(2089858483,0ecaa5967403d082aa24f35e1b516d23) [PhysX] Initialized MultithreadedTaskDispatcher with 16 workers.
 -> (artifact id: 'cd3583bb1317fabed7d1038fb8bd98f1') in 0.014301 seconds
Number of updated asset objects reloaded before import = 0
Number of asset objects unloaded after import = 1
========================================================================
Received Import Request.
  Time since last request: 0.000015 seconds.
  path: Assets/Prefabs/player.prefab
  artifactKey: Guid(6f7db1ccb32e6424eaaa8c2cca893bbc) Importer(2089858483,0ecaa5967403d082aa24f35e1b516d23)
Start importing Assets/Prefabs/player.prefab using Guid(6f7db1ccb32e6424eaaa8c2cca893bbc) Importer(2089858483,0ecaa5967403d082aa24f35e1b516d23) [PhysX] Initialized MultithreadedTaskDispatcher with 16 workers.
 -> (artifact id: 'c0a7b716b6e63a62a85b39daf1adc26f') in 0.020529 seconds
Number of updated asset objects reloaded before import = 0
Number of asset objects unloaded after import = 11
========================================================================
Received Import Request.
  Time since last request: 0.000015 seconds.
  path: Assets/TextMesh Pro/Resources/LineBreaking Leading Characters.txt
  artifactKey: Guid(d82c1b31c7e74239bff1220585707d2b) Importer(2089858483,0ecaa5967403d082aa24f35e1b516d23)
Start importing Assets/TextMesh Pro/Resources/LineBreaking Leading Characters.txt using Guid(d82c1b31c7e74239bff1220585707d2b) Importer(2089858483,0ecaa5967403d082aa24f35e1b516d23) [PhysX] Initialized MultithreadedTaskDispatcher with 16 workers.
 -> (artifact id: '194f0edf81bb7251fcfe3d9cb3e90894') in 0.020361 seconds
Number of updated asset objects reloaded before import = 0
Number of asset objects unloaded after import = 1
========================================================================
Received Import Request.
  Time since last request: 0.000017 seconds.
  path: Assets/TextMesh Pro/Shaders/TMPro_Mobile.cginc
  artifactKey: Guid(c334973cef89a9840b0b0c507e0377ab) Importer(2089858483,0ecaa5967403d082aa24f35e1b516d23)
Start importing Assets/TextMesh Pro/Shaders/TMPro_Mobile.cginc using Guid(c334973cef89a9840b0b0c507e0377ab) Importer(2089858483,0ecaa5967403d082aa24f35e1b516d23) [PhysX] Initialized MultithreadedTaskDispatcher with 16 workers.
 -> (artifact id: '4403b27e14f685a1a16d8fb2fadcda9e') in 0.020053 seconds
Number of updated asset objects reloaded before import = 0
Number of asset objects unloaded after import = 1
========================================================================
Received Import Request.
  Time since last request: 0.000016 seconds.
  path: Assets/TextMesh Pro/Sprites/EmojiOne.json
  artifactKey: Guid(8f05276190cf498a8153f6cbe761d4e6) Importer(2089858483,0ecaa5967403d082aa24f35e1b516d23)
Start importing Assets/TextMesh Pro/Sprites/EmojiOne.json using Guid(8f05276190cf498a8153f6cbe761d4e6) Importer(2089858483,0ecaa5967403d082aa24f35e1b516d23) [PhysX] Initialized MultithreadedTaskDispatcher with 16 workers.
 -> (artifact id: 'e8a12bee1cac705d6126d906f929d4b4') in 0.011909 seconds
Number of updated asset objects reloaded before import = 0
Number of asset objects unloaded after import = 1
========================================================================
Received Import Request.
  Time since last request: 0.000015 seconds.
  path: Assets/TextMesh Pro/Shaders/TMP_SDF-Mobile Overlay.shader
  artifactKey: Guid(a02a7d8c237544f1962732b55a9aebf1) Importer(2089858483,0ecaa5967403d082aa24f35e1b516d23)
Start importing Assets/TextMesh Pro/Shaders/TMP_SDF-Mobile Overlay.shader using Guid(a02a7d8c237544f1962732b55a9aebf1) Importer(2089858483,0ecaa5967403d082aa24f35e1b516d23) [PhysX] Initialized MultithreadedTaskDispatcher with 16 workers.
 -> (artifact id: '803af6332b8090588c4b33683657c4da') in 0.016113 seconds
Number of updated asset objects reloaded before import = 0
Number of asset objects unloaded after import = 1
========================================================================
Received Import Request.
  Time since last request: 0.000020 seconds.
  path: Assets/TextMesh Pro/Shaders/TMP_Bitmap-Custom-Atlas.shader
  artifactKey: Guid(48bb5f55d8670e349b6e614913f9d910) Importer(2089858483,0ecaa5967403d082aa24f35e1b516d23)
Start importing Assets/TextMesh Pro/Shaders/TMP_Bitmap-Custom-Atlas.shader using Guid(48bb5f55d8670e349b6e614913f9d910) Importer(2089858483,0ecaa5967403d082aa24f35e1b516d23) [PhysX] Initialized MultithreadedTaskDispatcher with 16 workers.
 -> (artifact id: '83ab7b098280f4fd710f0707c5287d1e') in 0.013413 seconds
Number of updated asset objects reloaded before import = 0
Number of asset objects unloaded after import = 1
========================================================================
Received Import Request.
  Time since last request: 0.000023 seconds.
  path: Assets/TextMesh Pro/Documentation/TextMesh Pro User Guide 2016.pdf
  artifactKey: Guid(1b8d251f9af63b746bf2f7ffe00ebb9b) Importer(2089858483,0ecaa5967403d082aa24f35e1b516d23)
Start importing Assets/TextMesh Pro/Documentation/TextMesh Pro User Guide 2016.pdf using Guid(1b8d251f9af63b746bf2f7ffe00ebb9b) Importer(2089858483,0ecaa5967403d082aa24f35e1b516d23) [PhysX] Initialized MultithreadedTaskDispatcher with 16 workers.
 -> (artifact id: '4af0ba37665c362ce827a11c038f9826') in 0.012524 seconds
Number of updated asset objects reloaded before import = 0
Number of asset objects unloaded after import = 1
========================================================================
Received Import Request.
  Time since last request: 0.000018 seconds.
  path: Assets/TextMesh Pro/Sprites/EmojiOne Attribution.txt
  artifactKey: Guid(381dcb09d5029d14897e55f98031fca5) Importer(2089858483,0ecaa5967403d082aa24f35e1b516d23)
Start importing Assets/TextMesh Pro/Sprites/EmojiOne Attribution.txt using Guid(381dcb09d5029d14897e55f98031fca5) Importer(2089858483,0ecaa5967403d082aa24f35e1b516d23) [PhysX] Initialized MultithreadedTaskDispatcher with 16 workers.
 -> (artifact id: '17278585c576ffd54f4d64e43c405700') in 0.014317 seconds
Number of updated asset objects reloaded before import = 0
Number of asset objects unloaded after import = 1
========================================================================
Received Import Request.
  Time since last request: 0.000017 seconds.
  path: Assets/TextMesh Pro/Resources/Fonts & Materials/LiberationSans SDF - Outline.mat
  artifactKey: Guid(79459efec17a4d00a321bdcc27bbc385) Importer(2089858483,0ecaa5967403d082aa24f35e1b516d23)
Start importing Assets/TextMesh Pro/Resources/Fonts & Materials/LiberationSans SDF - Outline.mat using Guid(79459efec17a4d00a321bdcc27bbc385) Importer(2089858483,0ecaa5967403d082aa24f35e1b516d23) [PhysX] Initialized MultithreadedTaskDispatcher with 16 workers.
 -> (artifact id: '6b14ed0d3e6342034e463ec839d55b7b') in 0.029556 seconds
Number of updated asset objects reloaded before import = 0
Number of asset objects unloaded after import = 2
========================================================================
Received Import Request.
  Time since last request: 0.000018 seconds.
  path: Assets/writings.txt
  artifactKey: Guid(8639b7dfe9f81a34bba4cf62274204ee) Importer(2089858483,0ecaa5967403d082aa24f35e1b516d23)
Start importing Assets/writings.txt using Guid(8639b7dfe9f81a34bba4cf62274204ee) Importer(2089858483,0ecaa5967403d082aa24f35e1b516d23) [PhysX] Initialized MultithreadedTaskDispatcher with 16 workers.
 -> (artifact id: '03fde3be939c183115b7f318b9c1e76c') in 0.010205 seconds
Number of updated asset objects reloaded before import = 0
Number of asset objects unloaded after import = 1
========================================================================
Received Import Request.
  Time since last request: 0.000025 seconds.
  path: Assets/Prefabs/plot (2) Variant.prefab
  artifactKey: Guid(da7a87ecd29cb3348a6080d5a4315508) Importer(2089858483,0ecaa5967403d082aa24f35e1b516d23)
Start importing Assets/Prefabs/plot (2) Variant.prefab using Guid(da7a87ecd29cb3348a6080d5a4315508) Importer(2089858483,0ecaa5967403d082aa24f35e1b516d23) [PhysX] Initialized MultithreadedTaskDispatcher with 16 workers.
 -> (artifact id: 'b93ab6d91e9b6b3018a99f9e56deee75') in 0.014328 seconds
Number of updated asset objects reloaded before import = 0
Number of asset objects unloaded after import = 332
========================================================================
Received Import Request.
  Time since last request: 0.000014 seconds.
  path: Assets/Materials/wall.mat
  artifactKey: Guid(c814eb00d3eec1347af60db0b40f5de9) Importer(2089858483,0ecaa5967403d082aa24f35e1b516d23)
Start importing Assets/Materials/wall.mat using Guid(c814eb00d3eec1347af60db0b40f5de9) Importer(2089858483,0ecaa5967403d082aa24f35e1b516d23) [PhysX] Initialized MultithreadedTaskDispatcher with 16 workers.
 -> (artifact id: '86a3cf4b5c9df23a455774ce1328198e') in 0.011645 seconds
Number of updated asset objects reloaded before import = 0
Number of asset objects unloaded after import = 2
========================================================================
Received Import Request.
  Time since last request: 0.000015 seconds.
  path: Assets/Prefabs/plot (1) Variant.prefab
  artifactKey: Guid(d404a824d132bc0418840228d403f6c6) Importer(2089858483,0ecaa5967403d082aa24f35e1b516d23)
Start importing Assets/Prefabs/plot (1) Variant.prefab using Guid(d404a824d132bc0418840228d403f6c6) Importer(2089858483,0ecaa5967403d082aa24f35e1b516d23) [PhysX] Initialized MultithreadedTaskDispatcher with 16 workers.
 -> (artifact id: 'ffb0fc2fd2b1deed5752c03e469414bd') in 0.015081 seconds
Number of updated asset objects reloaded before import = 0
Number of asset objects unloaded after import = 332
========================================================================
Received Import Request.
  Time since last request: 0.000021 seconds.
  path: Assets/TextMesh Pro/Shaders/TMP_Bitmap.shader
  artifactKey: Guid(128e987d567d4e2c824d754223b3f3b0) Importer(2089858483,0ecaa5967403d082aa24f35e1b516d23)
Start importing Assets/TextMesh Pro/Shaders/TMP_Bitmap.shader using Guid(128e987d567d4e2c824d754223b3f3b0) Importer(2089858483,0ecaa5967403d082aa24f35e1b516d23) [PhysX] Initialized MultithreadedTaskDispatcher with 16 workers.
 -> (artifact id: '3f7acab00009011be178bdc0a0067e83') in 0.012470 seconds
Number of updated asset objects reloaded before import = 0
Number of asset objects unloaded after import = 1
========================================================================
Received Import Request.
  Time since last request: 0.000015 seconds.
  path: Assets/TextMesh Pro/Shaders/TMPro_Surface.cginc
  artifactKey: Guid(d930090c0cd643c7b55f19a38538c162) Importer(2089858483,0ecaa5967403d082aa24f35e1b516d23)
Start importing Assets/TextMesh Pro/Shaders/TMPro_Surface.cginc using Guid(d930090c0cd643c7b55f19a38538c162) Importer(2089858483,0ecaa5967403d082aa24f35e1b516d23) [PhysX] Initialized MultithreadedTaskDispatcher with 16 workers.
 -> (artifact id: '9d02eb9e76db29ee75003746ba6f561d') in 0.010903 seconds
Number of updated asset objects reloaded before import = 0
Number of asset objects unloaded after import = 1
========================================================================
Received Import Request.
  Time since last request: 0.000017 seconds.
  path: Assets/Scenes/GameSettings.lighting
  artifactKey: Guid(934bedea77806bb43b8bdf7f52af3719) Importer(2089858483,0ecaa5967403d082aa24f35e1b516d23)
Start importing Assets/Scenes/GameSettings.lighting using Guid(934bedea77806bb43b8bdf7f52af3719) Importer(2089858483,0ecaa5967403d082aa24f35e1b516d23) [PhysX] Initialized MultithreadedTaskDispatcher with 16 workers.
 -> (artifact id: '5c94ddeaa5b35d76f2c27be9a21ab7d4') in 0.017682 seconds
Number of updated asset objects reloaded before import = 0
Number of asset objects unloaded after import = 1
========================================================================
Received Import Request.
  Time since last request: 0.000014 seconds.
  path: Assets/Scripts/Behaviour/Plant.cs
  artifactKey: Guid(779ad14b4c082d44e8d7a5a06d38ccfd) Importer(2089858483,0ecaa5967403d082aa24f35e1b516d23)
Start importing Assets/Scripts/Behaviour/Plant.cs using Guid(779ad14b4c082d44e8d7a5a06d38ccfd) Importer(2089858483,0ecaa5967403d082aa24f35e1b516d23) [PhysX] Initialized MultithreadedTaskDispatcher with 16 workers.
 -> (artifact id: 'fe8d0c4b29f36e9830298c086933b85c') in 0.012959 seconds
Number of updated asset objects reloaded before import = 0
Number of asset objects unloaded after import = 1
========================================================================
Received Import Request.
  Time since last request: 0.000014 seconds.
  path: Assets/Scripts/Input/DefaultBindingRules.cs
  artifactKey: Guid(aa70df1494cf0a5469d58c4826e06aee) Importer(2089858483,0ecaa5967403d082aa24f35e1b516d23)
Start importing Assets/Scripts/Input/DefaultBindingRules.cs using Guid(aa70df1494cf0a5469d58c4826e06aee) Importer(2089858483,0ecaa5967403d082aa24f35e1b516d23) [PhysX] Initialized MultithreadedTaskDispatcher with 16 workers.
 -> (artifact id: '4f6368f7fe7464db0110e0ee9d6ab15b') in 0.013732 seconds
Number of updated asset objects reloaded before import = 0
Number of asset objects unloaded after import = 1
========================================================================
Received Import Request.
  Time since last request: 0.000018 seconds.
  path: Assets/Scripts/ServiceLocator/ServiceLocator.cs
  artifactKey: Guid(3c0b5469c451bf048bbbff3e16e2c634) Importer(2089858483,0ecaa5967403d082aa24f35e1b516d23)
Start importing Assets/Scripts/ServiceLocator/ServiceLocator.cs using Guid(3c0b5469c451bf048bbbff3e16e2c634) Importer(2089858483,0ecaa5967403d082aa24f35e1b516d23) [PhysX] Initialized MultithreadedTaskDispatcher with 16 workers.
 -> (artifact id: '2c1088a4de11e7d5149d9cd283b85dfb') in 0.011333 seconds
Number of updated asset objects reloaded before import = 0
Number of asset objects unloaded after import = 1
========================================================================
Received Import Request.
  Time since last request: 0.000016 seconds.
  path: Assets/TextMesh Pro/Shaders/TMP_SDF Overlay.shader
  artifactKey: Guid(dd89cf5b9246416f84610a006f916af7) Importer(2089858483,0ecaa5967403d082aa24f35e1b516d23)
Start importing Assets/TextMesh Pro/Shaders/TMP_SDF Overlay.shader using Guid(dd89cf5b9246416f84610a006f916af7) Importer(2089858483,0ecaa5967403d082aa24f35e1b516d23) [PhysX] Initialized MultithreadedTaskDispatcher with 16 workers.
 -> (artifact id: '920f84fff9e3e8208b2da35010d5c17a') in 0.013512 seconds
Number of updated asset objects reloaded before import = 0
Number of asset objects unloaded after import = 1
========================================================================
Received Import Request.
  Time since last request: 0.000023 seconds.
  path: Assets/TextMesh Pro/Resources/TMP Settings.asset
  artifactKey: Guid(3f5b5dff67a942289a9defa416b206f3) Importer(2089858483,0ecaa5967403d082aa24f35e1b516d23)
Start importing Assets/TextMesh Pro/Resources/TMP Settings.asset using Guid(3f5b5dff67a942289a9defa416b206f3) Importer(2089858483,0ecaa5967403d082aa24f35e1b516d23) [PhysX] Initialized MultithreadedTaskDispatcher with 16 workers.
 -> (artifact id: 'e7e5cf20e3d8fa994d0a16da4352ed05') in 0.047913 seconds
Number of updated asset objects reloaded before import = 0
Number of asset objects unloaded after import = 15
========================================================================
Received Import Request.
  Time since last request: 0.000017 seconds.
  path: Assets/TextMesh Pro/Shaders/TMP_SDF-Mobile SSD.shader
  artifactKey: Guid(c8d12adcee749c344b8117cf7c7eb912) Importer(2089858483,0ecaa5967403d082aa24f35e1b516d23)
Start importing Assets/TextMesh Pro/Shaders/TMP_SDF-Mobile SSD.shader using Guid(c8d12adcee749c344b8117cf7c7eb912) Importer(2089858483,0ecaa5967403d082aa24f35e1b516d23) [PhysX] Initialized MultithreadedTaskDispatcher with 16 workers.
 -> (artifact id: 'ece11ab43e6a4475031ba802d9fe6f09') in 0.010345 seconds
Number of updated asset objects reloaded before import = 0
Number of asset objects unloaded after import = 1
========================================================================
Received Import Request.
  Time since last request: 0.000091 seconds.
  path: Assets/TextMesh Pro/Shaders/TMP_SDF SSD.shader
  artifactKey: Guid(14eb328de4b8eb245bb7cea29e4ac00b) Importer(2089858483,0ecaa5967403d082aa24f35e1b516d23)
Start importing Assets/TextMesh Pro/Shaders/TMP_SDF SSD.shader using Guid(14eb328de4b8eb245bb7cea29e4ac00b) Importer(2089858483,0ecaa5967403d082aa24f35e1b516d23) [PhysX] Initialized MultithreadedTaskDispatcher with 16 workers.
 -> (artifact id: '193f3794e6204cb432ca016d1355718f') in 0.011543 seconds
Number of updated asset objects reloaded before import = 0
Number of asset objects unloaded after import = 1
========================================================================
Received Import Request.
  Time since last request: 0.000017 seconds.
  path: Assets/Resources/Moonberry/stage_1_img.png
  artifactKey: Guid(a9aa0f06705478243a4ef9e16dd899ce) Importer(2089858483,0ecaa5967403d082aa24f35e1b516d23)
Start importing Assets/Resources/Moonberry/stage_1_img.png using Guid(a9aa0f06705478243a4ef9e16dd899ce) Importer(2089858483,0ecaa5967403d082aa24f35e1b516d23) [PhysX] Initialized MultithreadedTaskDispatcher with 16 workers.
 -> (artifact id: '711db206d7df2c1c82ae15888fbdaea7') in 0.017806 seconds
Number of updated asset objects reloaded before import = 0
Number of asset objects unloaded after import = 3
========================================================================
Received Import Request.
  Time since last request: 0.000013 seconds.
  path: Assets/TextMesh Pro/Resources/Style Sheets/Default Style Sheet.asset
  artifactKey: Guid(f952c082cb03451daed3ee968ac6c63e) Importer(2089858483,0ecaa5967403d082aa24f35e1b516d23)
Start importing Assets/TextMesh Pro/Resources/Style Sheets/Default Style Sheet.asset using Guid(f952c082cb03451daed3ee968ac6c63e) Importer(2089858483,0ecaa5967403d082aa24f35e1b516d23) [PhysX] Initialized MultithreadedTaskDispatcher with 16 workers.
 -> (artifact id: 'b5226282e331799e44d2cf45e97b2ac9') in 0.010345 seconds
Number of updated asset objects reloaded before import = 0
Number of asset objects unloaded after import = 1
========================================================================
Received Import Request.
  Time since last request: 0.000018 seconds.
  path: Assets/Resources/Feathercup/stage_1_img.png
  artifactKey: Guid(40fc2ab41064b6947b839fd0797986bd) Importer(2089858483,0ecaa5967403d082aa24f35e1b516d23)
Start importing Assets/Resources/Feathercup/stage_1_img.png using Guid(40fc2ab41064b6947b839fd0797986bd) Importer(2089858483,0ecaa5967403d082aa24f35e1b516d23) [PhysX] Initialized MultithreadedTaskDispatcher with 16 workers.
 -> (artifact id: '7ac902e6e1a81f1719ee4b80d66274f4') in 0.017697 seconds
Number of updated asset objects reloaded before import = 0
Number of asset objects unloaded after import = 3
========================================================================
Received Import Request.
  Time since last request: 0.000013 seconds.
  path: Assets/Scripts/Interfaces/IInputService.cs
  artifactKey: Guid(6525b8c3beacec649ab84fe825e5f236) Importer(2089858483,0ecaa5967403d082aa24f35e1b516d23)
Start importing Assets/Scripts/Interfaces/IInputService.cs using Guid(6525b8c3beacec649ab84fe825e5f236) Importer(2089858483,0ecaa5967403d082aa24f35e1b516d23) [PhysX] Initialized MultithreadedTaskDispatcher with 16 workers.
 -> (artifact id: '67af3b4295f7a86ea328087108f800b9') in 0.012605 seconds
Number of updated asset objects reloaded before import = 0
Number of asset objects unloaded after import = 1
========================================================================
Received Import Request.
  Time since last request: 0.000022 seconds.
  path: Assets/Scripts/Input/InputSource.cs
  artifactKey: Guid(3be80a83217cfd747b949ab59ac84a99) Importer(2089858483,0ecaa5967403d082aa24f35e1b516d23)
Start importing Assets/Scripts/Input/InputSource.cs using Guid(3be80a83217cfd747b949ab59ac84a99) Importer(2089858483,0ecaa5967403d082aa24f35e1b516d23) [PhysX] Initialized MultithreadedTaskDispatcher with 16 workers.
 -> (artifact id: '2126e7d637e22340ea66f903dc80349d') in 0.011358 seconds
Number of updated asset objects reloaded before import = 0
Number of asset objects unloaded after import = 1
========================================================================
Received Import Request.
  Time since last request: 0.000017 seconds.
  path: Assets/Scripts/PlayerMovement/ForcesMovement.cs
  artifactKey: Guid(7613b589286f3fd4a951663b4581a433) Importer(2089858483,0ecaa5967403d082aa24f35e1b516d23)
Start importing Assets/Scripts/PlayerMovement/ForcesMovement.cs using Guid(7613b589286f3fd4a951663b4581a433) Importer(2089858483,0ecaa5967403d082aa24f35e1b516d23) [PhysX] Initialized MultithreadedTaskDispatcher with 16 workers.
 -> (artifact id: '03c15b41d3b764691eec7c1cf20839ec') in 0.010958 seconds
Number of updated asset objects reloaded before import = 0
Number of asset objects unloaded after import = 1
========================================================================
Received Import Request.
  Time since last request: 0.000068 seconds.
  path: Assets/Scripts/Input/InputHandler.cs
  artifactKey: Guid(4fccd6c84046f3940815229386d8661f) Importer(2089858483,0ecaa5967403d082aa24f35e1b516d23)
Start importing Assets/Scripts/Input/InputHandler.cs using Guid(4fccd6c84046f3940815229386d8661f) Importer(2089858483,0ecaa5967403d082aa24f35e1b516d23) [PhysX] Initialized MultithreadedTaskDispatcher with 16 workers.
 -> (artifact id: '471b440229fab2ef4ad414352de45803') in 0.011958 seconds
Number of updated asset objects reloaded before import = 0
Number of asset objects unloaded after import = 1
========================================================================
Received Import Request.
  Time since last request: 0.000017 seconds.
  path: Assets/TextMesh Pro/Resources/Sprite Assets/EmojiOne.asset
  artifactKey: Guid(c41005c129ba4d66911b75229fd70b45) Importer(2089858483,0ecaa5967403d082aa24f35e1b516d23)
Start importing Assets/TextMesh Pro/Resources/Sprite Assets/EmojiOne.asset using Guid(c41005c129ba4d66911b75229fd70b45) Importer(2089858483,0ecaa5967403d082aa24f35e1b516d23) [PhysX] Initialized MultithreadedTaskDispatcher with 16 workers.
 -> (artifact id: 'e990682b93318b150777c970fea9489a') in 0.015989 seconds
Number of updated asset objects reloaded before import = 0
Number of asset objects unloaded after import = 3
========================================================================
Received Import Request.
  Time since last request: 0.000018 seconds.
  path: Assets/Resources/Moonberry/stage_2_mat.mat
  artifactKey: Guid(b9aa6bf621fb96643bf0b7c52ea84b29) Importer(2089858483,0ecaa5967403d082aa24f35e1b516d23)
Start importing Assets/Resources/Moonberry/stage_2_mat.mat using Guid(b9aa6bf621fb96643bf0b7c52ea84b29) Importer(2089858483,0ecaa5967403d082aa24f35e1b516d23) [PhysX] Initialized MultithreadedTaskDispatcher with 16 workers.
 -> (artifact id: 'c9cf11a0356e58c93d087fc4024e2142') in 0.012190 seconds
Number of updated asset objects reloaded before import = 0
Number of asset objects unloaded after import = 2
========================================================================
Received Import Request.
  Time since last request: 0.000015 seconds.
  path: Assets/Resources/Feathercup/stage_2_mat.mat
  artifactKey: Guid(2f571c5e9cd1e2c4e9b06fe39b0f7523) Importer(2089858483,0ecaa5967403d082aa24f35e1b516d23)
Start importing Assets/Resources/Feathercup/stage_2_mat.mat using Guid(2f571c5e9cd1e2c4e9b06fe39b0f7523) Importer(2089858483,0ecaa5967403d082aa24f35e1b516d23) [PhysX] Initialized MultithreadedTaskDispatcher with 16 workers.
 -> (artifact id: '2a06af661d8ac2adb2039508c0dc09be') in 0.011885 seconds
Number of updated asset objects reloaded before import = 0
Number of asset objects unloaded after import = 2
========================================================================
Received Import Request.
  Time since last request: 0.000014 seconds.
  path: Assets/Resources/Feathercup/stage_4_img.png
  artifactKey: Guid(e4e93ece842f5894d840639821073068) Importer(2089858483,0ecaa5967403d082aa24f35e1b516d23)
Start importing Assets/Resources/Feathercup/stage_4_img.png using Guid(e4e93ece842f5894d840639821073068) Importer(2089858483,0ecaa5967403d082aa24f35e1b516d23) [PhysX] Initialized MultithreadedTaskDispatcher with 16 workers.
 -> (artifact id: 'be318d07c1ef0f1b4c9134c1006b5c11') in 0.018721 seconds
Number of updated asset objects reloaded before import = 0
Number of asset objects unloaded after import = 3
========================================================================
Received Import Request.
  Time since last request: 0.000101 seconds.
  path: Assets/Resources/Everbending/stage_5_mat.mat
  artifactKey: Guid(68e16c905aac4104882da248a778b399) Importer(2089858483,0ecaa5967403d082aa24f35e1b516d23)
Start importing Assets/Resources/Everbending/stage_5_mat.mat using Guid(68e16c905aac4104882da248a778b399) Importer(2089858483,0ecaa5967403d082aa24f35e1b516d23) [PhysX] Initialized MultithreadedTaskDispatcher with 16 workers.
 -> (artifact id: 'c5e08d2bacb9bb92e7de7e42220cfe6b') in 0.013788 seconds
Number of updated asset objects reloaded before import = 0
Number of asset objects unloaded after import = 2
========================================================================
Received Import Request.
  Time since last request: 0.000016 seconds.
  path: Assets/Scripts/Composites/GameWorld.cs
  artifactKey: Guid(0e23b0d547129d24d880a201c9017bdd) Importer(2089858483,0ecaa5967403d082aa24f35e1b516d23)
Start importing Assets/Scripts/Composites/GameWorld.cs using Guid(0e23b0d547129d24d880a201c9017bdd) Importer(2089858483,0ecaa5967403d082aa24f35e1b516d23) [PhysX] Initialized MultithreadedTaskDispatcher with 16 workers.
 -> (artifact id: '32b358df07171d5775ba9cf881da7482') in 0.011123 seconds
Number of updated asset objects reloaded before import = 0
Number of asset objects unloaded after import = 1
========================================================================
Received Import Request.
  Time since last request: 0.000139 seconds.
  path: Assets/Scripts/ScriptableObjects/PlantSpeciesProfile.cs
  artifactKey: Guid(ff6a27d827763c14bb119215246c475d) Importer(2089858483,0ecaa5967403d082aa24f35e1b516d23)
Start importing Assets/Scripts/ScriptableObjects/PlantSpeciesProfile.cs using Guid(ff6a27d827763c14bb119215246c475d) Importer(2089858483,0ecaa5967403d082aa24f35e1b516d23) [PhysX] Initialized MultithreadedTaskDispatcher with 16 workers.
 -> (artifact id: 'f1cced7a3800a9ea3563cccf94e8c651') in 0.012968 seconds
Number of updated asset objects reloaded before import = 0
Number of asset objects unloaded after import = 1
========================================================================
Received Import Request.
  Time since last request: 0.000019 seconds.
  path: Assets/Scripts/Input/KeyboardSource.cs
  artifactKey: Guid(0679ab78681fd1e4a968211d4511d3af) Importer(2089858483,0ecaa5967403d082aa24f35e1b516d23)
Start importing Assets/Scripts/Input/KeyboardSource.cs using Guid(0679ab78681fd1e4a968211d4511d3af) Importer(2089858483,0ecaa5967403d082aa24f35e1b516d23) [PhysX] Initialized MultithreadedTaskDispatcher with 16 workers.
 -> (artifact id: 'a3f8474eca4737767b21a9b3e2cca4a5') in 0.020277 seconds
Number of updated asset objects reloaded before import = 0
Number of asset objects unloaded after import = 1
========================================================================
Received Import Request.
  Time since last request: 0.000021 seconds.
  path: Assets/TextMesh Pro/Fonts/LiberationSans - OFL.txt
  artifactKey: Guid(6e59c59b81ab47f9b6ec5781fa725d2c) Importer(2089858483,0ecaa5967403d082aa24f35e1b516d23)
Start importing Assets/TextMesh Pro/Fonts/LiberationSans - OFL.txt using Guid(6e59c59b81ab47f9b6ec5781fa725d2c) Importer(2089858483,0ecaa5967403d082aa24f35e1b516d23) [PhysX] Initialized MultithreadedTaskDispatcher with 16 workers.
 -> (artifact id: '006e1a6a59a93fe28b1a79eff4675b4c') in 0.013473 seconds
Number of updated asset objects reloaded before import = 0
Number of asset objects unloaded after import = 1
========================================================================
Received Import Request.
  Time since last request: 0.000065 seconds.
  path: Assets/Scripts/Behaviour/TickClock.cs
  artifactKey: Guid(d42157468810afb4ba59bb04fb831b33) Importer(2089858483,0ecaa5967403d082aa24f35e1b516d23)
Start importing Assets/Scripts/Behaviour/TickClock.cs using Guid(d42157468810afb4ba59bb04fb831b33) Importer(2089858483,0ecaa5967403d082aa24f35e1b516d23) [PhysX] Initialized MultithreadedTaskDispatcher with 16 workers.
 -> (artifact id: '63685e063e244df60cbc500ecf20cec3') in 0.014451 seconds
Number of updated asset objects reloaded before import = 0
Number of asset objects unloaded after import = 1
========================================================================
Received Import Request.
  Time since last request: 0.000017 seconds.
  path: Assets/ScriptableObjects/Everbending.asset
  artifactKey: Guid(fea0b6872a59f284da25ba69885c92f6) Importer(2089858483,0ecaa5967403d082aa24f35e1b516d23)
Start importing Assets/ScriptableObjects/Everbending.asset using Guid(fea0b6872a59f284da25ba69885c92f6) Importer(2089858483,0ecaa5967403d082aa24f35e1b516d23) [PhysX] Initialized MultithreadedTaskDispatcher with 16 workers.
OnValidate() --> EVERBENDING.
UnityEngine.StackTraceUtility:ExtractStackTrace ()
UnityEngine.DebugLogHandler:LogFormat (UnityEngine.LogType,UnityEngine.Object,string,object[])
UnityEngine.Logger:Log (UnityEngine.LogType,object)
UnityEngine.Debug:Log (object)
IntegratedGameplaySystem.PlantSpeciesProfile:OnValidate () (at Assets/Scripts/ScriptableObjects/PlantSpeciesProfile.cs:27)
UnityEditor.Search.AssetIndexer:IndexProperties (int&,string&,bool&)
UnityEditor.Search.AssetIndexer:IndexDocument (string,bool)
UnityEditor.Search.SearchIndexEntryImporter:OnImportAsset (UnityEditor.AssetImporters.AssetImportContext)
UnityEditor.AssetImporters.ScriptedImporter:GenerateAssetData (UnityEditor.AssetImporters.AssetImportContext)

(Filename: Assets/Scripts/ScriptableObjects/PlantSpeciesProfile.cs Line: 27)

 -> (artifact id: '5d8403afb434b44fb750f91f593ce6d5') in 0.014556 seconds
Number of updated asset objects reloaded before import = 0
Number of asset objects unloaded after import = 8
========================================================================
Received Import Request.
  Time since last request: 0.000015 seconds.
  path: Assets/Prefabs/plot.prefab
  artifactKey: Guid(9d7f42bdfa682c7498c81cfdaf397b4a) Importer(2089858483,0ecaa5967403d082aa24f35e1b516d23)
Start importing Assets/Prefabs/plot.prefab using Guid(9d7f42bdfa682c7498c81cfdaf397b4a) Importer(2089858483,0ecaa5967403d082aa24f35e1b516d23) [PhysX] Initialized MultithreadedTaskDispatcher with 16 workers.
 -> (artifact id: '9b05cf7c807ee9f33e986b917046b2f6') in 0.014554 seconds
Number of updated asset objects reloaded before import = 0
Number of asset objects unloaded after import = 166
========================================================================
Received Import Request.
  Time since last request: 0.000013 seconds.
  path: Assets/ImportedAssets/pixel.png
  artifactKey: Guid(9d9ca8acaaf5a8f42856bbc5082a3295) Importer(2089858483,0ecaa5967403d082aa24f35e1b516d23)
Start importing Assets/ImportedAssets/pixel.png using Guid(9d9ca8acaaf5a8f42856bbc5082a3295) Importer(2089858483,0ecaa5967403d082aa24f35e1b516d23) [PhysX] Initialized MultithreadedTaskDispatcher with 16 workers.
 -> (artifact id: '2d98256dcb8219e517bc51474e881da7') in 0.018411 seconds
Number of updated asset objects reloaded before import = 0
Number of asset objects unloaded after import = 3
========================================================================
Received Import Request.
  Time since last request: 0.000017 seconds.
  path: Assets/Scripts/Observer/Occasion.cs
  artifactKey: Guid(a7474eeddea626545a44324e98abf045) Importer(2089858483,0ecaa5967403d082aa24f35e1b516d23)
Start importing Assets/Scripts/Observer/Occasion.cs using Guid(a7474eeddea626545a44324e98abf045) Importer(2089858483,0ecaa5967403d082aa24f35e1b516d23) [PhysX] Initialized MultithreadedTaskDispatcher with 16 workers.
 -> (artifact id: '92a7f1ce9498a15330a587c717b7de11') in 0.010657 seconds
Number of updated asset objects reloaded before import = 0
Number of asset objects unloaded after import = 1
========================================================================
Received Import Request.
  Time since last request: 0.000020 seconds.
  path: Assets/Scripts/ScriptableObjects/BindingsConfig.cs
  artifactKey: Guid(34b602a4d930523479815cd0ea1c4718) Importer(2089858483,0ecaa5967403d082aa24f35e1b516d23)
Start importing Assets/Scripts/ScriptableObjects/BindingsConfig.cs using Guid(34b602a4d930523479815cd0ea1c4718) Importer(2089858483,0ecaa5967403d082aa24f35e1b516d23) [PhysX] Initialized MultithreadedTaskDispatcher with 16 workers.
 -> (artifact id: '152d2955299ea07a6507a9511ea9b509') in 0.012254 seconds
Number of updated asset objects reloaded before import = 0
Number of asset objects unloaded after import = 1
Editor requested this worker to shutdown with reason: Scaling down because of idle timeout
TcpMessagingSession - receive error: operation aborted. errorcode: 995, details: The I/O operation has been aborted because of either a thread exit or an application request.
AssetImportWorker is now disconnected from the server
Process exiting
Exiting without the bug reporter. Application will terminate with return code 0