Using pre-set license
Built from '2022.3/staging' branch; Version is '2022.3.43f1 (85497d293fa1) revision 8735101'; Using compiler version '192829333'; Build Type 'Release'
OS: 'Windows 10  (10.0.19045) 64bit Professional' Language: 'en' Physical Memory: 65467 MB
BatchMode: 1, IsHumanControllingUs: 0, StartBugReporterOnCrash: 0, Is64bit: 1, IsPro: 1

COMMAND LINE ARGUMENTS:
C:\Program Files\Unity\Hub\Editor\2022.3.43f1\Editor\Unity.exe
-adb2
-batchMode
-noUpm
-name
AssetImportWorker12
-projectPath
C:/Users/Dan-Mechanics/Development/GITHUB/IntegratedGameplaySystem/IntegratedGameplaySystem
-logFile
Logs/AssetImportWorker12.log
-srvPort
52517
Successfully changed project path to: C:/Users/Dan-Mechanics/Development/GITHUB/IntegratedGameplaySystem/IntegratedGameplaySystem
C:/Users/Dan-Mechanics/Development/GITHUB/IntegratedGameplaySystem/IntegratedGameplaySystem
[UnityMemory] Configuration Parameters - Can be set up in boot.config
    "memorysetup-bucket-allocator-granularity=16"
    "memorysetup-bucket-allocator-bucket-count=8"
    "memorysetup-bucket-allocator-block-size=33554432"
    "memorysetup-bucket-allocator-block-count=8"
    "memorysetup-main-allocator-block-size=16777216"
    "memorysetup-thread-allocator-block-size=16777216"
    "memorysetup-gfx-main-allocator-block-size=16777216"
    "memorysetup-gfx-thread-allocator-block-size=16777216"
    "memorysetup-cache-allocator-block-size=4194304"
    "memorysetup-typetree-allocator-block-size=2097152"
    "memorysetup-profiler-bucket-allocator-granularity=16"
    "memorysetup-profiler-bucket-allocator-bucket-count=8"
    "memorysetup-profiler-bucket-allocator-block-size=33554432"
    "memorysetup-profiler-bucket-allocator-block-count=8"
    "memorysetup-profiler-allocator-block-size=16777216"
    "memorysetup-profiler-editor-allocator-block-size=1048576"
    "memorysetup-temp-allocator-size-main=16777216"
    "memorysetup-job-temp-allocator-block-size=2097152"
    "memorysetup-job-temp-allocator-block-size-background=1048576"
    "memorysetup-job-temp-allocator-reduction-small-platforms=262144"
    "memorysetup-allocator-temp-initial-block-size-main=262144"
    "memorysetup-allocator-temp-initial-block-size-worker=262144"
    "memorysetup-temp-allocator-size-background-worker=32768"
    "memorysetup-temp-allocator-size-job-worker=262144"
    "memorysetup-temp-allocator-size-preload-manager=33554432"
    "memorysetup-temp-allocator-size-nav-mesh-worker=65536"
    "memorysetup-temp-allocator-size-audio-worker=65536"
    "memorysetup-temp-allocator-size-cloud-worker=32768"
    "memorysetup-temp-allocator-size-gi-baking-worker=262144"
    "memorysetup-temp-allocator-size-gfx=262144"
Player connection [21740]  Target information:

Player connection [21740]  * "[IP] 192.168.81.187 [Port] 0 [Flags] 2 [Guid] 1407245551 [EditorId] 1407245551 [Version] 1048832 [Id] WindowsEditor(7,DESKTOP-U6NUIV5) [Debug] 1 [PackageName] WindowsEditor [ProjectName] Editor" 

Player connection [21740] Host joined multi-casting on [225.0.0.222:54997]...
Player connection [21740] Host joined alternative multi-casting on [225.0.0.222:34997]...
[PhysX] Initialized MultithreadedTaskDispatcher with 16 workers.
Refreshing native plugins compatible for Editor in 1.48 ms, found 0 plugins.
Preloading 0 native plugins for Editor in 0.00 ms.
Initialize engine version: 2022.3.43f1 (85497d293fa1)
[Subsystems] Discovering subsystems at path C:/Program Files/Unity/Hub/Editor/2022.3.43f1/Editor/Data/Resources/UnitySubsystems
[Subsystems] Discovering subsystems at path C:/Users/Dan-Mechanics/Development/GITHUB/IntegratedGameplaySystem/IntegratedGameplaySystem/Assets
GfxDevice: creating device client; threaded=0; jobified=0
Direct3D:
    Version:  Direct3D 11.0 [level 11.1]
    Renderer: NVIDIA GeForce RTX 2080 SUPER (ID=0x1e81)
    Vendor:   NVIDIA
    VRAM:     7987 MB
    Driver:   32.0.15.7283
Initialize mono
Mono path[0] = 'C:/Program Files/Unity/Hub/Editor/2022.3.43f1/Editor/Data/Managed'
Mono path[1] = 'C:/Program Files/Unity/Hub/Editor/2022.3.43f1/Editor/Data/MonoBleedingEdge/lib/mono/unityjit-win32'
Mono config path = 'C:/Program Files/Unity/Hub/Editor/2022.3.43f1/Editor/Data/MonoBleedingEdge/etc'
Using monoOptions --debugger-agent=transport=dt_socket,embedding=1,server=y,suspend=n,address=127.0.0.1:56916
Begin MonoManager ReloadAssembly
Registering precompiled unity dll's ...
Register platform support module: C:/Program Files/Unity/Hub/Editor/2022.3.43f1/Editor/Data/PlaybackEngines/WebGLSupport/UnityEditor.WebGL.Extensions.dll
Register platform support module: C:/Program Files/Unity/Hub/Editor/2022.3.43f1/Editor/Data/PlaybackEngines/WindowsStandaloneSupport/UnityEditor.WindowsStandalone.Extensions.dll
Registered in 0.010234 seconds.
- Loaded All Assemblies, in  0.303 seconds
Native extension for WindowsStandalone target not found
Native extension for WebGL target not found
Mono: successfully reloaded assembly
- Finished resetting the current domain, in  0.224 seconds
Domain Reload Profiling: 524ms
	BeginReloadAssembly (90ms)
		ExecutionOrderSort (0ms)
		DisableScriptedObjects (0ms)
		BackupInstance (0ms)
		ReleaseScriptingObjects (0ms)
		CreateAndSetChildDomain (1ms)
	RebuildCommonClasses (29ms)
	RebuildNativeTypeToScriptingClass (9ms)
	initialDomainReloadingComplete (54ms)
	LoadAllAssembliesAndSetupDomain (118ms)
		LoadAssemblies (88ms)
		RebuildTransferFunctionScriptingTraits (0ms)
		AnalyzeDomain (117ms)
			TypeCache.Refresh (115ms)
				TypeCache.ScanAssembly (104ms)
			ScanForSourceGeneratedMonoScriptInfo (0ms)
			ResolveRequiredComponents (0ms)
	FinalizeReload (224ms)
		ReleaseScriptCaches (0ms)
		RebuildScriptCaches (0ms)
		SetupLoadedEditorAssemblies (185ms)
			LogAssemblyErrors (0ms)
			InitializePlatformSupportModulesInManaged (10ms)
			SetLoadedEditorAssemblies (4ms)
			RefreshPlugins (0ms)
			BeforeProcessingInitializeOnLoad (2ms)
			ProcessInitializeOnLoadAttributes (127ms)
			ProcessInitializeOnLoadMethodAttributes (42ms)
			AfterProcessingInitializeOnLoad (0ms)
			EditorAssembliesLoaded (0ms)
		ExecutionOrderSort2 (0ms)
		AwakeInstancesAfterBackupRestoration (0ms)
========================================================================
Worker process is ready to serve import requests
Caller must complete domain reload
Begin MonoManager ReloadAssembly
- Loaded All Assemblies, in  0.334 seconds
Native extension for WindowsStandalone target not found
Native extension for WebGL target not found
Mono: successfully reloaded assembly
- Finished resetting the current domain, in  0.321 seconds
Domain Reload Profiling: 653ms
	BeginReloadAssembly (122ms)
		ExecutionOrderSort (0ms)
		DisableScriptedObjects (5ms)
		BackupInstance (0ms)
		ReleaseScriptingObjects (0ms)
		CreateAndSetChildDomain (18ms)
	RebuildCommonClasses (28ms)
	RebuildNativeTypeToScriptingClass (9ms)
	initialDomainReloadingComplete (34ms)
	LoadAllAssembliesAndSetupDomain (138ms)
		LoadAssemblies (170ms)
		RebuildTransferFunctionScriptingTraits (0ms)
		AnalyzeDomain (39ms)
			TypeCache.Refresh (30ms)
				TypeCache.ScanAssembly (23ms)
			ScanForSourceGeneratedMonoScriptInfo (5ms)
			ResolveRequiredComponents (2ms)
	FinalizeReload (322ms)
		ReleaseScriptCaches (0ms)
		RebuildScriptCaches (0ms)
		SetupLoadedEditorAssemblies (218ms)
			LogAssemblyErrors (0ms)
			InitializePlatformSupportModulesInManaged (7ms)
			SetLoadedEditorAssemblies (3ms)
			RefreshPlugins (0ms)
			BeforeProcessingInitializeOnLoad (40ms)
			ProcessInitializeOnLoadAttributes (140ms)
			ProcessInitializeOnLoadMethodAttributes (19ms)
			AfterProcessingInitializeOnLoad (9ms)
			EditorAssembliesLoaded (0ms)
		ExecutionOrderSort2 (0ms)
		AwakeInstancesAfterBackupRestoration (7ms)
Launched and connected shader compiler UnityShaderCompiler.exe after 0.03 seconds
Refreshing native plugins compatible for Editor in 0.90 ms, found 0 plugins.
Preloading 0 native plugins for Editor in 0.00 ms.
Unloading 1152 Unused Serialized files (Serialized files now loaded: 0)
Unloading 10 unused Assets / (52.1 KB). Loaded Objects now: 1635.
Memory consumption went from 151.5 MB to 151.4 MB.
Total: 3.166000 ms (FindLiveObjects: 0.111500 ms CreateObjectMapping: 0.039300 ms MarkObjects: 2.884000 ms  DeleteObjects: 0.130400 ms)

AssetImportParameters requested are different than current active one (requested -> active):
  custom:video-encoder-webm-vp8: eb34c28f22e8b96e1ab97ce403110664 -> 
  custom:video-decoder-webm-vp8: 9c59270c3fd7afecdb556c50c9e8de78 -> 
  custom:scripting/monoscript/fileName/Wallet.cs: f282d1da9b5f829dd81e561c421e2ac3 -> b84605335fa66739ec31964faba9642a
  custom:scripting/monoscript/fileName/EasyDebug.cs: 7733b379e43f82831b0419645b150bfb -> 
  custom:scripting/monoscript/fileName/GroundedConfiguration.cs: 585e603979995a044dfb920aba655510 -> 
  custom:audio-decoder-ogg-vorbis: bf7c407c2cedff20999df2af8eb42d56 -> 
  custom:scripting/monoscript/fileName/DefaultBindingRules.cs: 2b01cbcba6988a2e45c629c72209e9ff -> 
  custom:scripting/monoscript/fileName/Plant.cs: 58ac698cc3dafd4977609d4792b7ff8b -> 62ba4f5aa2dbbed39a5f15fe599a088c
  custom:scripting/monoscript/fileName/Utils.cs: 244f448866b4b61468b93b880d9850fe -> 8ec94ddc03461d9756a1cb6c0cd2a843
  custom:scripting/monoscript/fileName/DisplayBehaviour.cs: d47b9c96575465d674ad8f85f3d4ba81 -> 
  custom:scripting/monoscript/fileName/PlantBlueprint.cs: 884434b781165ad4854468a32963b349 -> 
  custom:scripting/monoscript/fileName/Assets.cs: f6191230adaa88b1694a40dcafbfb23e -> 59e73b97eff0038cfda1b2e241adeda3
  custom:SearchIndexIgnoredProperties: e643bd26f0fe6173181afceb89e7c659 -> 
  custom:container-demuxer-ogg: 62fdf1f143b41e24485cea50d1cbac27 -> 
  custom:AudioImporter_EditorPlatform: d09bf68614088b80899f8185d706f6e7 -> 
  custom:CustomObjectIndexerAttribute: 9a22284fe3817be447336de3de66b15e -> 
  custom:scripting/monoscript/fileName/PlayerInput.cs: f6aa81e421e5abdd63a3a534795fe643 -> 
  custom:scripting/monoscript/fileName/MovementSettings.cs: 6cdb1110e838deb634bb5a01affda34a -> 
  custom:scripting/monoscript/fileName/PlayerContext.cs: 1d37eca89d95522fdbcf0ac0386713ac -> 
  custom:scripting/monoscript/fileName/ConfigTextFile.cs: 21287d204595fc6c021627d15f7c8fd6 -> ae7daafbaecbabf7f70b113d353c1ef8
  custom:container-demuxer-webm: 4f35f7cbe854078d1ac9338744f61a02 -> 
  custom:scripting/monoscript/fileName/SmoothAssets.cs: 7fd81c5769ccf7bfc66eb1178b96ffcc -> 
  custom:scripting/monoscript/fileName/BaseBehaviour.cs: 0373f7db4818287325ce3ce3f19dfe9a -> 
  custom:scripting/monoscript/fileName/SingleMonoBehaviour.cs: 426938f1b26cb5d4ea08365171201abf -> 
  custom:video-decoder-ogg-theora: a1e56fd34408186e4bbccfd4996cb3dc -> 
  custom:scripting/monoscript/fileName/GameContext.cs: 25129b7e77e9db5460e21a4cf5fcdf2b -> 
  custom:audio-encoder-webm-vorbis: bf7c407c2cedff20999df2af8eb42d56 -> 
  custom:scripting/monoscript/fileName/Heart.cs: 82330c400ffbb95819c026ecbe08869c -> a001b955fa54c0f9a8e1f195457c4bd5
  custom:framework-win-MediaFoundation: 216162199b28c13a410421893ffa2e32 -> 
  custom:scripting/monoscript/fileName/INewBindingRule.cs: 4cfc1805a2cd7e53d6b3607a52e1b1bb -> 
  custom:scripting/monoscript/fileName/PlantSettings.cs: cab5b764220bd0ee1e805cdfabb8b59b -> 
  custom:scripting/monoscript/fileName/PatchBehaviour.cs: ae5322aa772827a84e49536e9cbd2f17 -> 
  custom:scripting/monoscript/fileName/RaycastData.cs: 223adf16e2df6b7cf8a1a9f67f574019 -> 
  custom:scripting/monoscript/fileName/CameraSettingsFPS.cs: 66bd5e1d90f4a860160c3cce44d0a4b7 -> 
  custom:scripting/monoscript/fileName/GameWorld.cs: a6c957d5dd59a7dd9cddf6a01c7fbdb4 -> ca78e59c92dc5df17222e6c37c4dbbca
  custom:container-muxer-webm: aa71ff27fc2769a1b78a27578f13a17b -> 
========================================================================
Received Import Request.
  Time since last request: 41366.976752 seconds.
  path: Assets/Resources/Moonberry/stage_2_mat.mat
  artifactKey: Guid(b9aa6bf621fb96643bf0b7c52ea84b29) Importer(815301076,1909f56bfc062723c751e8b465ee728b)
Start importing Assets/Resources/Moonberry/stage_2_mat.mat using Guid(b9aa6bf621fb96643bf0b7c52ea84b29) Importer(815301076,1909f56bfc062723c751e8b465ee728b) [PhysX] Initialized MultithreadedTaskDispatcher with 16 workers.
[PhysX] Initialized MultithreadedTaskDispatcher with 16 workers.
 -> (artifact id: 'a078cdc0405fdb323ee468034ba7979e') in 0.269944 seconds
Number of updated asset objects reloaded before import = 0
Number of asset objects unloaded after import = 2
========================================================================
Received Import Request.
  Time since last request: 8.806782 seconds.
  path: Assets/Resources/Feathercup/stage_2_mat.mat
  artifactKey: Guid(2f571c5e9cd1e2c4e9b06fe39b0f7523) Importer(815301076,1909f56bfc062723c751e8b465ee728b)
Start importing Assets/Resources/Feathercup/stage_2_mat.mat using Guid(2f571c5e9cd1e2c4e9b06fe39b0f7523) Importer(815301076,1909f56bfc062723c751e8b465ee728b) [PhysX] Initialized MultithreadedTaskDispatcher with 16 workers.
[PhysX] Initialized MultithreadedTaskDispatcher with 16 workers.
 -> (artifact id: 'd6e54841b3b41a225dae555816713937') in 0.016443 seconds
Number of updated asset objects reloaded before import = 0
Number of asset objects unloaded after import = 2
========================================================================
Received Import Request.
  Time since last request: 23.600373 seconds.
  path: Assets/Resources/Everbending/stage_2_mat.mat
  artifactKey: Guid(bb180aa66c8e9424daedd80386aabd3f) Importer(815301076,1909f56bfc062723c751e8b465ee728b)
Start importing Assets/Resources/Everbending/stage_2_mat.mat using Guid(bb180aa66c8e9424daedd80386aabd3f) Importer(815301076,1909f56bfc062723c751e8b465ee728b) [PhysX] Initialized MultithreadedTaskDispatcher with 16 workers.
[PhysX] Initialized MultithreadedTaskDispatcher with 16 workers.
 -> (artifact id: 'a4ab9bd09a87df53576a03bf22eafeaf') in 0.011979 seconds
Number of updated asset objects reloaded before import = 0
Number of asset objects unloaded after import = 2
========================================================================
Received Import Request.
  Time since last request: 8.222008 seconds.
  path: Assets/Resources/Everbending/stage_2_mat.mat
  artifactKey: Guid(bb180aa66c8e9424daedd80386aabd3f) Importer(815301076,1909f56bfc062723c751e8b465ee728b)
Start importing Assets/Resources/Everbending/stage_2_mat.mat using Guid(bb180aa66c8e9424daedd80386aabd3f) Importer(815301076,1909f56bfc062723c751e8b465ee728b) [PhysX] Initialized MultithreadedTaskDispatcher with 16 workers.
[PhysX] Initialized MultithreadedTaskDispatcher with 16 workers.
 -> (artifact id: '3ee69e986234046821e1bcc9d5e08c27') in 0.012947 seconds
Number of updated asset objects reloaded before import = 0
Number of asset objects unloaded after import = 2
========================================================================
Received Import Request.
  Time since last request: 0.000015 seconds.
  path: Assets/Resources/Everbending/stage_4_mat.mat
  artifactKey: Guid(ca638e5d854c8684e9a5f7b2d9f0f9e3) Importer(815301076,1909f56bfc062723c751e8b465ee728b)
Start importing Assets/Resources/Everbending/stage_4_mat.mat using Guid(ca638e5d854c8684e9a5f7b2d9f0f9e3) Importer(815301076,1909f56bfc062723c751e8b465ee728b) [PhysX] Initialized MultithreadedTaskDispatcher with 16 workers.
[PhysX] Initialized MultithreadedTaskDispatcher with 16 workers.
 -> (artifact id: '05d82255bfe082426beebe95df2bf69c') in 0.012596 seconds
Number of updated asset objects reloaded before import = 0
Number of asset objects unloaded after import = 2
========================================================================
Received Prepare
Caller must complete domain reload
Begin MonoManager ReloadAssembly
- Loaded All Assemblies, in  0.473 seconds
Native extension for WindowsStandalone target not found
Native extension for WebGL target not found
Mono: successfully reloaded assembly
- Finished resetting the current domain, in  0.525 seconds
Domain Reload Profiling: 995ms
	BeginReloadAssembly (248ms)
		ExecutionOrderSort (0ms)
		DisableScriptedObjects (6ms)
		BackupInstance (0ms)
		ReleaseScriptingObjects (0ms)
		CreateAndSetChildDomain (21ms)
	RebuildCommonClasses (35ms)
	RebuildNativeTypeToScriptingClass (10ms)
	initialDomainReloadingComplete (34ms)
	LoadAllAssembliesAndSetupDomain (144ms)
		LoadAssemblies (232ms)
		RebuildTransferFunctionScriptingTraits (0ms)
		AnalyzeDomain (11ms)
			TypeCache.Refresh (7ms)
				TypeCache.ScanAssembly (0ms)
			ScanForSourceGeneratedMonoScriptInfo (0ms)
			ResolveRequiredComponents (4ms)
	FinalizeReload (525ms)
		ReleaseScriptCaches (0ms)
		RebuildScriptCaches (0ms)
		SetupLoadedEditorAssemblies (263ms)
			LogAssemblyErrors (0ms)
			InitializePlatformSupportModulesInManaged (10ms)
			SetLoadedEditorAssemblies (3ms)
			RefreshPlugins (0ms)
			BeforeProcessingInitializeOnLoad (54ms)
			ProcessInitializeOnLoadAttributes (156ms)
			ProcessInitializeOnLoadMethodAttributes (27ms)
			AfterProcessingInitializeOnLoad (12ms)
			EditorAssembliesLoaded (0ms)
		ExecutionOrderSort2 (0ms)
		AwakeInstancesAfterBackupRestoration (10ms)
Refreshing native plugins compatible for Editor in 1.08 ms, found 0 plugins.
Preloading 0 native plugins for Editor in 0.00 ms.
Unloading 1132 Unused Serialized files (Serialized files now loaded: 0)
Unloading 5 unused Assets / (24.0 KB). Loaded Objects now: 1679.
Memory consumption went from 151.7 MB to 151.6 MB.
Total: 4.078100 ms (FindLiveObjects: 0.262300 ms CreateObjectMapping: 0.087600 ms MarkObjects: 3.695000 ms  DeleteObjects: 0.032100 ms)

Prepare: number of updated asset objects reloaded= 0
AssetImportParameters requested are different than current active one (requested -> active):
  custom:video-encoder-webm-vp8: eb34c28f22e8b96e1ab97ce403110664 -> 
  custom:video-decoder-webm-vp8: 9c59270c3fd7afecdb556c50c9e8de78 -> 
  custom:scripting/monoscript/fileName/Wallet.cs: f282d1da9b5f829dd81e561c421e2ac3 -> b84605335fa66739ec31964faba9642a
  custom:scripting/monoscript/fileName/EasyDebug.cs: 7733b379e43f82831b0419645b150bfb -> 
  custom:scripting/monoscript/fileName/GroundedConfiguration.cs: 585e603979995a044dfb920aba655510 -> 
  custom:audio-decoder-ogg-vorbis: bf7c407c2cedff20999df2af8eb42d56 -> 
  custom:scripting/monoscript/fileName/DefaultBindingRules.cs: 2b01cbcba6988a2e45c629c72209e9ff -> 
  custom:scripting/monoscript/fileName/Plant.cs: 58ac698cc3dafd4977609d4792b7ff8b -> 62ba4f5aa2dbbed39a5f15fe599a088c
  custom:scripting/monoscript/fileName/Utils.cs: 244f448866b4b61468b93b880d9850fe -> 8ec94ddc03461d9756a1cb6c0cd2a843
  custom:scripting/monoscript/fileName/DisplayBehaviour.cs: d47b9c96575465d674ad8f85f3d4ba81 -> 
  custom:scripting/monoscript/fileName/PlantBlueprint.cs: 884434b781165ad4854468a32963b349 -> 
  custom:scripting/monoscript/fileName/Assets.cs: f6191230adaa88b1694a40dcafbfb23e -> 59e73b97eff0038cfda1b2e241adeda3
  custom:SearchIndexIgnoredProperties: e643bd26f0fe6173181afceb89e7c659 -> 
  custom:container-demuxer-ogg: 62fdf1f143b41e24485cea50d1cbac27 -> 
  custom:AudioImporter_EditorPlatform: d09bf68614088b80899f8185d706f6e7 -> 
  custom:CustomObjectIndexerAttribute: 9a22284fe3817be447336de3de66b15e -> 
  custom:scripting/monoscript/fileName/PlayerInput.cs: f6aa81e421e5abdd63a3a534795fe643 -> 
  custom:scripting/monoscript/fileName/MovementSettings.cs: 6cdb1110e838deb634bb5a01affda34a -> 
  custom:scripting/monoscript/fileName/PlayerContext.cs: 1d37eca89d95522fdbcf0ac0386713ac -> 
  custom:scripting/monoscript/fileName/ConfigTextFile.cs: 21287d204595fc6c021627d15f7c8fd6 -> ae7daafbaecbabf7f70b113d353c1ef8
  custom:container-demuxer-webm: 4f35f7cbe854078d1ac9338744f61a02 -> 
  custom:scripting/monoscript/fileName/SmoothAssets.cs: 7fd81c5769ccf7bfc66eb1178b96ffcc -> 
  custom:scripting/monoscript/fileName/BaseBehaviour.cs: 0373f7db4818287325ce3ce3f19dfe9a -> 
  custom:scripting/monoscript/fileName/SingleMonoBehaviour.cs: 426938f1b26cb5d4ea08365171201abf -> 
  custom:video-decoder-ogg-theora: a1e56fd34408186e4bbccfd4996cb3dc -> 
  custom:scripting/monoscript/fileName/GameContext.cs: 25129b7e77e9db5460e21a4cf5fcdf2b -> 
  custom:audio-encoder-webm-vorbis: bf7c407c2cedff20999df2af8eb42d56 -> 
  custom:scripting/monoscript/fileName/Heart.cs: 82330c400ffbb95819c026ecbe08869c -> a001b955fa54c0f9a8e1f195457c4bd5
  custom:framework-win-MediaFoundation: 216162199b28c13a410421893ffa2e32 -> 
  custom:scripting/monoscript/fileName/INewBindingRule.cs: 4cfc1805a2cd7e53d6b3607a52e1b1bb -> 
  custom:scripting/monoscript/fileName/PlantSettings.cs: cab5b764220bd0ee1e805cdfabb8b59b -> 
  custom:scripting/monoscript/fileName/PatchBehaviour.cs: ae5322aa772827a84e49536e9cbd2f17 -> 
  custom:scripting/monoscript/fileName/RaycastData.cs: 223adf16e2df6b7cf8a1a9f67f574019 -> 
  custom:scripting/monoscript/fileName/CameraSettingsFPS.cs: 66bd5e1d90f4a860160c3cce44d0a4b7 -> 
  custom:scripting/monoscript/fileName/GameWorld.cs: a6c957d5dd59a7dd9cddf6a01c7fbdb4 -> ca78e59c92dc5df17222e6c37c4dbbca
  custom:container-muxer-webm: aa71ff27fc2769a1b78a27578f13a17b -> 
========================================================================
Received Prepare
Caller must complete domain reload
Begin MonoManager ReloadAssembly
- Loaded All Assemblies, in  0.444 seconds
Native extension for WindowsStandalone target not found
Native extension for WebGL target not found
Mono: successfully reloaded assembly
- Finished resetting the current domain, in  0.516 seconds
Domain Reload Profiling: 958ms
	BeginReloadAssembly (241ms)
		ExecutionOrderSort (0ms)
		DisableScriptedObjects (5ms)
		BackupInstance (0ms)
		ReleaseScriptingObjects (0ms)
		CreateAndSetChildDomain (18ms)
	RebuildCommonClasses (33ms)
	RebuildNativeTypeToScriptingClass (13ms)
	initialDomainReloadingComplete (25ms)
	LoadAllAssembliesAndSetupDomain (129ms)
		LoadAssemblies (193ms)
		RebuildTransferFunctionScriptingTraits (0ms)
		AnalyzeDomain (18ms)
			TypeCache.Refresh (6ms)
				TypeCache.ScanAssembly (1ms)
			ScanForSourceGeneratedMonoScriptInfo (9ms)
			ResolveRequiredComponents (2ms)
	FinalizeReload (516ms)
		ReleaseScriptCaches (0ms)
		RebuildScriptCaches (0ms)
		SetupLoadedEditorAssemblies (256ms)
			LogAssemblyErrors (0ms)
			InitializePlatformSupportModulesInManaged (9ms)
			SetLoadedEditorAssemblies (3ms)
			RefreshPlugins (0ms)
			BeforeProcessingInitializeOnLoad (53ms)
			ProcessInitializeOnLoadAttributes (158ms)
			ProcessInitializeOnLoadMethodAttributes (23ms)
			AfterProcessingInitializeOnLoad (9ms)
			EditorAssembliesLoaded (0ms)
		ExecutionOrderSort2 (0ms)
		AwakeInstancesAfterBackupRestoration (7ms)
Refreshing native plugins compatible for Editor in 1.41 ms, found 0 plugins.
Preloading 0 native plugins for Editor in 0.00 ms.
Unloading 1133 Unused Serialized files (Serialized files now loaded: 0)
Unloading 5 unused Assets / (23.8 KB). Loaded Objects now: 1682.
Memory consumption went from 151.9 MB to 151.9 MB.
Total: 3.369600 ms (FindLiveObjects: 0.220700 ms CreateObjectMapping: 0.122300 ms MarkObjects: 2.991500 ms  DeleteObjects: 0.034100 ms)

Prepare: number of updated asset objects reloaded= 0
AssetImportParameters requested are different than current active one (requested -> active):
  custom:video-encoder-webm-vp8: eb34c28f22e8b96e1ab97ce403110664 -> 
  custom:video-decoder-webm-vp8: 9c59270c3fd7afecdb556c50c9e8de78 -> 
  custom:scripting/monoscript/fileName/Wallet.cs: f282d1da9b5f829dd81e561c421e2ac3 -> b84605335fa66739ec31964faba9642a
  custom:scripting/monoscript/fileName/EasyDebug.cs: 7733b379e43f82831b0419645b150bfb -> 
  custom:scripting/monoscript/fileName/GroundedConfiguration.cs: 585e603979995a044dfb920aba655510 -> 
  custom:audio-decoder-ogg-vorbis: bf7c407c2cedff20999df2af8eb42d56 -> 
  custom:scripting/monoscript/fileName/DefaultBindingRules.cs: 2b01cbcba6988a2e45c629c72209e9ff -> 
  custom:scripting/monoscript/fileName/Plant.cs: 58ac698cc3dafd4977609d4792b7ff8b -> 62ba4f5aa2dbbed39a5f15fe599a088c
  custom:scripting/monoscript/fileName/Utils.cs: 244f448866b4b61468b93b880d9850fe -> 8ec94ddc03461d9756a1cb6c0cd2a843
  custom:scripting/monoscript/fileName/DisplayBehaviour.cs: d47b9c96575465d674ad8f85f3d4ba81 -> 
  custom:scripting/monoscript/fileName/PlantBlueprint.cs: 884434b781165ad4854468a32963b349 -> 
  custom:scripting/monoscript/fileName/Assets.cs: f6191230adaa88b1694a40dcafbfb23e -> 59e73b97eff0038cfda1b2e241adeda3
  custom:SearchIndexIgnoredProperties: e643bd26f0fe6173181afceb89e7c659 -> 
  custom:container-demuxer-ogg: 62fdf1f143b41e24485cea50d1cbac27 -> 
  custom:AudioImporter_EditorPlatform: d09bf68614088b80899f8185d706f6e7 -> 
  custom:CustomObjectIndexerAttribute: 9a22284fe3817be447336de3de66b15e -> 
  custom:scripting/monoscript/fileName/PlayerInput.cs: f6aa81e421e5abdd63a3a534795fe643 -> 
  custom:scripting/monoscript/fileName/MovementSettings.cs: 6cdb1110e838deb634bb5a01affda34a -> 
  custom:scripting/monoscript/fileName/PlayerContext.cs: 1d37eca89d95522fdbcf0ac0386713ac -> 
  custom:scripting/monoscript/fileName/ConfigTextFile.cs: 21287d204595fc6c021627d15f7c8fd6 -> ae7daafbaecbabf7f70b113d353c1ef8
  custom:container-demuxer-webm: 4f35f7cbe854078d1ac9338744f61a02 -> 
  custom:scripting/monoscript/fileName/SmoothAssets.cs: 7fd81c5769ccf7bfc66eb1178b96ffcc -> 
  custom:scripting/monoscript/fileName/BaseBehaviour.cs: 0373f7db4818287325ce3ce3f19dfe9a -> 
  custom:scripting/monoscript/fileName/SingleMonoBehaviour.cs: 426938f1b26cb5d4ea08365171201abf -> 
  custom:video-decoder-ogg-theora: a1e56fd34408186e4bbccfd4996cb3dc -> 
  custom:scripting/monoscript/fileName/GameContext.cs: 25129b7e77e9db5460e21a4cf5fcdf2b -> 
  custom:audio-encoder-webm-vorbis: bf7c407c2cedff20999df2af8eb42d56 -> 
  custom:scripting/monoscript/fileName/Heart.cs: 82330c400ffbb95819c026ecbe08869c -> a001b955fa54c0f9a8e1f195457c4bd5
  custom:framework-win-MediaFoundation: 216162199b28c13a410421893ffa2e32 -> 
  custom:scripting/monoscript/fileName/INewBindingRule.cs: 4cfc1805a2cd7e53d6b3607a52e1b1bb -> 
  custom:scripting/monoscript/fileName/PlantSettings.cs: cab5b764220bd0ee1e805cdfabb8b59b -> 
  custom:scripting/monoscript/fileName/PatchBehaviour.cs: ae5322aa772827a84e49536e9cbd2f17 -> 
  custom:scripting/monoscript/fileName/RaycastData.cs: 223adf16e2df6b7cf8a1a9f67f574019 -> 
  custom:scripting/monoscript/fileName/CameraSettingsFPS.cs: 66bd5e1d90f4a860160c3cce44d0a4b7 -> 
  custom:scripting/monoscript/fileName/GameWorld.cs: a6c957d5dd59a7dd9cddf6a01c7fbdb4 -> ca78e59c92dc5df17222e6c37c4dbbca
  custom:container-muxer-webm: aa71ff27fc2769a1b78a27578f13a17b -> 
========================================================================
Received Prepare
Caller must complete domain reload
Begin MonoManager ReloadAssembly
- Loaded All Assemblies, in  0.414 seconds
Native extension for WindowsStandalone target not found
Native extension for WebGL target not found
Mono: successfully reloaded assembly
- Finished resetting the current domain, in  0.459 seconds
Domain Reload Profiling: 871ms
	BeginReloadAssembly (210ms)
		ExecutionOrderSort (0ms)
		DisableScriptedObjects (5ms)
		BackupInstance (0ms)
		ReleaseScriptingObjects (0ms)
		CreateAndSetChildDomain (17ms)
	RebuildCommonClasses (42ms)
	RebuildNativeTypeToScriptingClass (12ms)
	initialDomainReloadingComplete (26ms)
	LoadAllAssembliesAndSetupDomain (122ms)
		LoadAssemblies (184ms)
		RebuildTransferFunctionScriptingTraits (0ms)
		AnalyzeDomain (17ms)
			TypeCache.Refresh (5ms)
				TypeCache.ScanAssembly (0ms)
			ScanForSourceGeneratedMonoScriptInfo (8ms)
			ResolveRequiredComponents (3ms)
	FinalizeReload (460ms)
		ReleaseScriptCaches (0ms)
		RebuildScriptCaches (0ms)
		SetupLoadedEditorAssemblies (237ms)
			LogAssemblyErrors (0ms)
			InitializePlatformSupportModulesInManaged (8ms)
			SetLoadedEditorAssemblies (3ms)
			RefreshPlugins (0ms)
			BeforeProcessingInitializeOnLoad (43ms)
			ProcessInitializeOnLoadAttributes (153ms)
			ProcessInitializeOnLoadMethodAttributes (21ms)
			AfterProcessingInitializeOnLoad (9ms)
			EditorAssembliesLoaded (0ms)
		ExecutionOrderSort2 (0ms)
		AwakeInstancesAfterBackupRestoration (7ms)
Refreshing native plugins compatible for Editor in 0.99 ms, found 0 plugins.
Preloading 0 native plugins for Editor in 0.00 ms.
Unloading 1133 Unused Serialized files (Serialized files now loaded: 0)
Unloading 5 unused Assets / (23.9 KB). Loaded Objects now: 1685.
Memory consumption went from 151.9 MB to 151.9 MB.
Total: 3.017500 ms (FindLiveObjects: 0.167900 ms CreateObjectMapping: 0.079700 ms MarkObjects: 2.732600 ms  DeleteObjects: 0.035900 ms)

Prepare: number of updated asset objects reloaded= 0
AssetImportParameters requested are different than current active one (requested -> active):
  custom:video-encoder-webm-vp8: eb34c28f22e8b96e1ab97ce403110664 -> 
  custom:video-decoder-webm-vp8: 9c59270c3fd7afecdb556c50c9e8de78 -> 
  custom:scripting/monoscript/fileName/Wallet.cs: f282d1da9b5f829dd81e561c421e2ac3 -> b84605335fa66739ec31964faba9642a
  custom:scripting/monoscript/fileName/EasyDebug.cs: 7733b379e43f82831b0419645b150bfb -> 
  custom:scripting/monoscript/fileName/GroundedConfiguration.cs: 585e603979995a044dfb920aba655510 -> 
  custom:audio-decoder-ogg-vorbis: bf7c407c2cedff20999df2af8eb42d56 -> 
  custom:scripting/monoscript/fileName/DefaultBindingRules.cs: 2b01cbcba6988a2e45c629c72209e9ff -> 
  custom:scripting/monoscript/fileName/Plant.cs: 58ac698cc3dafd4977609d4792b7ff8b -> 62ba4f5aa2dbbed39a5f15fe599a088c
  custom:scripting/monoscript/fileName/Utils.cs: 244f448866b4b61468b93b880d9850fe -> 8ec94ddc03461d9756a1cb6c0cd2a843
  custom:scripting/monoscript/fileName/DisplayBehaviour.cs: d47b9c96575465d674ad8f85f3d4ba81 -> 
  custom:scripting/monoscript/fileName/PlantBlueprint.cs: 884434b781165ad4854468a32963b349 -> 
  custom:scripting/monoscript/fileName/Assets.cs: f6191230adaa88b1694a40dcafbfb23e -> 59e73b97eff0038cfda1b2e241adeda3
  custom:SearchIndexIgnoredProperties: e643bd26f0fe6173181afceb89e7c659 -> 
  custom:container-demuxer-ogg: 62fdf1f143b41e24485cea50d1cbac27 -> 
  custom:AudioImporter_EditorPlatform: d09bf68614088b80899f8185d706f6e7 -> 
  custom:CustomObjectIndexerAttribute: 9a22284fe3817be447336de3de66b15e -> 
  custom:scripting/monoscript/fileName/PlayerInput.cs: f6aa81e421e5abdd63a3a534795fe643 -> 
  custom:scripting/monoscript/fileName/MovementSettings.cs: 6cdb1110e838deb634bb5a01affda34a -> 
  custom:scripting/monoscript/fileName/PlayerContext.cs: 1d37eca89d95522fdbcf0ac0386713ac -> 
  custom:scripting/monoscript/fileName/ConfigTextFile.cs: 21287d204595fc6c021627d15f7c8fd6 -> ae7daafbaecbabf7f70b113d353c1ef8
  custom:container-demuxer-webm: 4f35f7cbe854078d1ac9338744f61a02 -> 
  custom:scripting/monoscript/fileName/SmoothAssets.cs: 7fd81c5769ccf7bfc66eb1178b96ffcc -> 
  custom:scripting/monoscript/fileName/BaseBehaviour.cs: 0373f7db4818287325ce3ce3f19dfe9a -> 
  custom:scripting/monoscript/fileName/SingleMonoBehaviour.cs: 426938f1b26cb5d4ea08365171201abf -> 
  custom:video-decoder-ogg-theora: a1e56fd34408186e4bbccfd4996cb3dc -> 
  custom:scripting/monoscript/fileName/GameContext.cs: 25129b7e77e9db5460e21a4cf5fcdf2b -> 
  custom:audio-encoder-webm-vorbis: bf7c407c2cedff20999df2af8eb42d56 -> 
  custom:scripting/monoscript/fileName/Heart.cs: 82330c400ffbb95819c026ecbe08869c -> a001b955fa54c0f9a8e1f195457c4bd5
  custom:framework-win-MediaFoundation: 216162199b28c13a410421893ffa2e32 -> 
  custom:scripting/monoscript/fileName/INewBindingRule.cs: 4cfc1805a2cd7e53d6b3607a52e1b1bb -> 
  custom:scripting/monoscript/fileName/PlantSettings.cs: cab5b764220bd0ee1e805cdfabb8b59b -> 
  custom:scripting/monoscript/fileName/PatchBehaviour.cs: ae5322aa772827a84e49536e9cbd2f17 -> 
  custom:scripting/monoscript/fileName/RaycastData.cs: 223adf16e2df6b7cf8a1a9f67f574019 -> 
  custom:scripting/monoscript/fileName/CameraSettingsFPS.cs: 66bd5e1d90f4a860160c3cce44d0a4b7 -> 
  custom:scripting/monoscript/fileName/GameWorld.cs: a6c957d5dd59a7dd9cddf6a01c7fbdb4 -> ca78e59c92dc5df17222e6c37c4dbbca
  custom:container-muxer-webm: aa71ff27fc2769a1b78a27578f13a17b -> 
========================================================================
Received Prepare
Caller must complete domain reload
Begin MonoManager ReloadAssembly
- Loaded All Assemblies, in  0.391 seconds
Native extension for WindowsStandalone target not found
Native extension for WebGL target not found
Mono: successfully reloaded assembly
- Finished resetting the current domain, in  0.446 seconds
Domain Reload Profiling: 835ms
	BeginReloadAssembly (213ms)
		ExecutionOrderSort (0ms)
		DisableScriptedObjects (5ms)
		BackupInstance (0ms)
		ReleaseScriptingObjects (0ms)
		CreateAndSetChildDomain (17ms)
	RebuildCommonClasses (29ms)
	RebuildNativeTypeToScriptingClass (9ms)
	initialDomainReloadingComplete (25ms)
	LoadAllAssembliesAndSetupDomain (112ms)
		LoadAssemblies (178ms)
		RebuildTransferFunctionScriptingTraits (0ms)
		AnalyzeDomain (13ms)
			TypeCache.Refresh (5ms)
				TypeCache.ScanAssembly (0ms)
			ScanForSourceGeneratedMonoScriptInfo (6ms)
			ResolveRequiredComponents (2ms)
	FinalizeReload (446ms)
		ReleaseScriptCaches (0ms)
		RebuildScriptCaches (0ms)
		SetupLoadedEditorAssemblies (229ms)
			LogAssemblyErrors (0ms)
			InitializePlatformSupportModulesInManaged (8ms)
			SetLoadedEditorAssemblies (3ms)
			RefreshPlugins (0ms)
			BeforeProcessingInitializeOnLoad (42ms)
			ProcessInitializeOnLoadAttributes (146ms)
			ProcessInitializeOnLoadMethodAttributes (20ms)
			AfterProcessingInitializeOnLoad (9ms)
			EditorAssembliesLoaded (0ms)
		ExecutionOrderSort2 (0ms)
		AwakeInstancesAfterBackupRestoration (7ms)
Refreshing native plugins compatible for Editor in 1.04 ms, found 0 plugins.
Preloading 0 native plugins for Editor in 0.00 ms.
Unloading 1133 Unused Serialized files (Serialized files now loaded: 0)
Unloading 5 unused Assets / (23.9 KB). Loaded Objects now: 1688.
Memory consumption went from 151.9 MB to 151.9 MB.
Total: 3.113300 ms (FindLiveObjects: 0.141400 ms CreateObjectMapping: 0.072800 ms MarkObjects: 2.861800 ms  DeleteObjects: 0.036300 ms)

Prepare: number of updated asset objects reloaded= 0
AssetImportParameters requested are different than current active one (requested -> active):
  custom:video-encoder-webm-vp8: eb34c28f22e8b96e1ab97ce403110664 -> 
  custom:video-decoder-webm-vp8: 9c59270c3fd7afecdb556c50c9e8de78 -> 
  custom:scripting/monoscript/fileName/Wallet.cs: f282d1da9b5f829dd81e561c421e2ac3 -> b84605335fa66739ec31964faba9642a
  custom:scripting/monoscript/fileName/EasyDebug.cs: 7733b379e43f82831b0419645b150bfb -> 
  custom:scripting/monoscript/fileName/GroundedConfiguration.cs: 585e603979995a044dfb920aba655510 -> 
  custom:audio-decoder-ogg-vorbis: bf7c407c2cedff20999df2af8eb42d56 -> 
  custom:scripting/monoscript/fileName/DefaultBindingRules.cs: 2b01cbcba6988a2e45c629c72209e9ff -> 
  custom:scripting/monoscript/fileName/Plant.cs: 58ac698cc3dafd4977609d4792b7ff8b -> 62ba4f5aa2dbbed39a5f15fe599a088c
  custom:scripting/monoscript/fileName/Utils.cs: 244f448866b4b61468b93b880d9850fe -> 8ec94ddc03461d9756a1cb6c0cd2a843
  custom:scripting/monoscript/fileName/DisplayBehaviour.cs: d47b9c96575465d674ad8f85f3d4ba81 -> 
  custom:scripting/monoscript/fileName/PlantBlueprint.cs: 884434b781165ad4854468a32963b349 -> 
  custom:scripting/monoscript/fileName/Assets.cs: f6191230adaa88b1694a40dcafbfb23e -> 59e73b97eff0038cfda1b2e241adeda3
  custom:SearchIndexIgnoredProperties: e643bd26f0fe6173181afceb89e7c659 -> 
  custom:container-demuxer-ogg: 62fdf1f143b41e24485cea50d1cbac27 -> 
  custom:AudioImporter_EditorPlatform: d09bf68614088b80899f8185d706f6e7 -> 
  custom:CustomObjectIndexerAttribute: 9a22284fe3817be447336de3de66b15e -> 
  custom:scripting/monoscript/fileName/PlayerInput.cs: f6aa81e421e5abdd63a3a534795fe643 -> 
  custom:scripting/monoscript/fileName/MovementSettings.cs: 6cdb1110e838deb634bb5a01affda34a -> 
  custom:scripting/monoscript/fileName/PlayerContext.cs: 1d37eca89d95522fdbcf0ac0386713ac -> 
  custom:scripting/monoscript/fileName/ConfigTextFile.cs: 21287d204595fc6c021627d15f7c8fd6 -> ae7daafbaecbabf7f70b113d353c1ef8
  custom:container-demuxer-webm: 4f35f7cbe854078d1ac9338744f61a02 -> 
  custom:scripting/monoscript/fileName/SmoothAssets.cs: 7fd81c5769ccf7bfc66eb1178b96ffcc -> 
  custom:scripting/monoscript/fileName/BaseBehaviour.cs: 0373f7db4818287325ce3ce3f19dfe9a -> 
  custom:scripting/monoscript/fileName/SingleMonoBehaviour.cs: 426938f1b26cb5d4ea08365171201abf -> 
  custom:video-decoder-ogg-theora: a1e56fd34408186e4bbccfd4996cb3dc -> 
  custom:scripting/monoscript/fileName/GameContext.cs: 25129b7e77e9db5460e21a4cf5fcdf2b -> 
  custom:audio-encoder-webm-vorbis: bf7c407c2cedff20999df2af8eb42d56 -> 
  custom:scripting/monoscript/fileName/Heart.cs: 82330c400ffbb95819c026ecbe08869c -> a001b955fa54c0f9a8e1f195457c4bd5
  custom:framework-win-MediaFoundation: 216162199b28c13a410421893ffa2e32 -> 
  custom:scripting/monoscript/fileName/INewBindingRule.cs: 4cfc1805a2cd7e53d6b3607a52e1b1bb -> 
  custom:scripting/monoscript/fileName/PlantSettings.cs: cab5b764220bd0ee1e805cdfabb8b59b -> 
  custom:scripting/monoscript/fileName/PatchBehaviour.cs: ae5322aa772827a84e49536e9cbd2f17 -> 
  custom:scripting/monoscript/fileName/RaycastData.cs: 223adf16e2df6b7cf8a1a9f67f574019 -> 
  custom:scripting/monoscript/fileName/CameraSettingsFPS.cs: 66bd5e1d90f4a860160c3cce44d0a4b7 -> 
  custom:scripting/monoscript/fileName/GameWorld.cs: a6c957d5dd59a7dd9cddf6a01c7fbdb4 -> ca78e59c92dc5df17222e6c37c4dbbca
  custom:container-muxer-webm: aa71ff27fc2769a1b78a27578f13a17b -> 
========================================================================
Received Prepare
Caller must complete domain reload
Begin MonoManager ReloadAssembly
- Loaded All Assemblies, in  0.398 seconds
Native extension for WindowsStandalone target not found
Native extension for WebGL target not found
Mono: successfully reloaded assembly
- Finished resetting the current domain, in  0.436 seconds
Domain Reload Profiling: 832ms
	BeginReloadAssembly (205ms)
		ExecutionOrderSort (0ms)
		DisableScriptedObjects (5ms)
		BackupInstance (0ms)
		ReleaseScriptingObjects (0ms)
		CreateAndSetChildDomain (16ms)
	RebuildCommonClasses (33ms)
	RebuildNativeTypeToScriptingClass (9ms)
	initialDomainReloadingComplete (28ms)
	LoadAllAssembliesAndSetupDomain (120ms)
		LoadAssemblies (181ms)
		RebuildTransferFunctionScriptingTraits (0ms)
		AnalyzeDomain (13ms)
			TypeCache.Refresh (4ms)
				TypeCache.ScanAssembly (0ms)
			ScanForSourceGeneratedMonoScriptInfo (5ms)
			ResolveRequiredComponents (2ms)
	FinalizeReload (436ms)
		ReleaseScriptCaches (0ms)
		RebuildScriptCaches (0ms)
		SetupLoadedEditorAssemblies (220ms)
			LogAssemblyErrors (0ms)
			InitializePlatformSupportModulesInManaged (8ms)
			SetLoadedEditorAssemblies (3ms)
			RefreshPlugins (0ms)
			BeforeProcessingInitializeOnLoad (40ms)
			ProcessInitializeOnLoadAttributes (141ms)
			ProcessInitializeOnLoadMethodAttributes (19ms)
			AfterProcessingInitializeOnLoad (9ms)
			EditorAssembliesLoaded (0ms)
		ExecutionOrderSort2 (0ms)
		AwakeInstancesAfterBackupRestoration (8ms)
Refreshing native plugins compatible for Editor in 1.00 ms, found 0 plugins.
Preloading 0 native plugins for Editor in 0.00 ms.
Unloading 1133 Unused Serialized files (Serialized files now loaded: 0)
Unloading 5 unused Assets / (23.9 KB). Loaded Objects now: 1691.
Memory consumption went from 151.9 MB to 151.9 MB.
Total: 3.354800 ms (FindLiveObjects: 0.157100 ms CreateObjectMapping: 0.083800 ms MarkObjects: 3.073000 ms  DeleteObjects: 0.039700 ms)

Prepare: number of updated asset objects reloaded= 0
AssetImportParameters requested are different than current active one (requested -> active):
  custom:video-encoder-webm-vp8: eb34c28f22e8b96e1ab97ce403110664 -> 
  custom:video-decoder-webm-vp8: 9c59270c3fd7afecdb556c50c9e8de78 -> 
  custom:scripting/monoscript/fileName/Wallet.cs: f282d1da9b5f829dd81e561c421e2ac3 -> b84605335fa66739ec31964faba9642a
  custom:scripting/monoscript/fileName/EasyDebug.cs: 7733b379e43f82831b0419645b150bfb -> 
  custom:scripting/monoscript/fileName/GroundedConfiguration.cs: 585e603979995a044dfb920aba655510 -> 
  custom:audio-decoder-ogg-vorbis: bf7c407c2cedff20999df2af8eb42d56 -> 
  custom:scripting/monoscript/fileName/DefaultBindingRules.cs: 2b01cbcba6988a2e45c629c72209e9ff -> 
  custom:scripting/monoscript/fileName/Plant.cs: 58ac698cc3dafd4977609d4792b7ff8b -> 62ba4f5aa2dbbed39a5f15fe599a088c
  custom:scripting/monoscript/fileName/Utils.cs: 244f448866b4b61468b93b880d9850fe -> 8ec94ddc03461d9756a1cb6c0cd2a843
  custom:scripting/monoscript/fileName/DisplayBehaviour.cs: d47b9c96575465d674ad8f85f3d4ba81 -> 
  custom:scripting/monoscript/fileName/PlantBlueprint.cs: 884434b781165ad4854468a32963b349 -> 
  custom:scripting/monoscript/fileName/Assets.cs: f6191230adaa88b1694a40dcafbfb23e -> 59e73b97eff0038cfda1b2e241adeda3
  custom:SearchIndexIgnoredProperties: e643bd26f0fe6173181afceb89e7c659 -> 
  custom:container-demuxer-ogg: 62fdf1f143b41e24485cea50d1cbac27 -> 
  custom:AudioImporter_EditorPlatform: d09bf68614088b80899f8185d706f6e7 -> 
  custom:CustomObjectIndexerAttribute: 9a22284fe3817be447336de3de66b15e -> 
  custom:scripting/monoscript/fileName/PlayerInput.cs: f6aa81e421e5abdd63a3a534795fe643 -> 
  custom:scripting/monoscript/fileName/MovementSettings.cs: 6cdb1110e838deb634bb5a01affda34a -> 
  custom:scripting/monoscript/fileName/PlayerContext.cs: 1d37eca89d95522fdbcf0ac0386713ac -> 
  custom:scripting/monoscript/fileName/ConfigTextFile.cs: 21287d204595fc6c021627d15f7c8fd6 -> ae7daafbaecbabf7f70b113d353c1ef8
  custom:container-demuxer-webm: 4f35f7cbe854078d1ac9338744f61a02 -> 
  custom:scripting/monoscript/fileName/SmoothAssets.cs: 7fd81c5769ccf7bfc66eb1178b96ffcc -> 
  custom:scripting/monoscript/fileName/BaseBehaviour.cs: 0373f7db4818287325ce3ce3f19dfe9a -> 
  custom:scripting/monoscript/fileName/SingleMonoBehaviour.cs: 426938f1b26cb5d4ea08365171201abf -> 
  custom:video-decoder-ogg-theora: a1e56fd34408186e4bbccfd4996cb3dc -> 
  custom:scripting/monoscript/fileName/GameContext.cs: 25129b7e77e9db5460e21a4cf5fcdf2b -> 
  custom:audio-encoder-webm-vorbis: bf7c407c2cedff20999df2af8eb42d56 -> 
  custom:scripting/monoscript/fileName/Heart.cs: 82330c400ffbb95819c026ecbe08869c -> a001b955fa54c0f9a8e1f195457c4bd5
  custom:framework-win-MediaFoundation: 216162199b28c13a410421893ffa2e32 -> 
  custom:scripting/monoscript/fileName/INewBindingRule.cs: 4cfc1805a2cd7e53d6b3607a52e1b1bb -> 
  custom:scripting/monoscript/fileName/PlantSettings.cs: cab5b764220bd0ee1e805cdfabb8b59b -> 
  custom:scripting/monoscript/fileName/PatchBehaviour.cs: ae5322aa772827a84e49536e9cbd2f17 -> 
  custom:scripting/monoscript/fileName/RaycastData.cs: 223adf16e2df6b7cf8a1a9f67f574019 -> 
  custom:scripting/monoscript/fileName/CameraSettingsFPS.cs: 66bd5e1d90f4a860160c3cce44d0a4b7 -> 
  custom:scripting/monoscript/fileName/GameWorld.cs: a6c957d5dd59a7dd9cddf6a01c7fbdb4 -> ca78e59c92dc5df17222e6c37c4dbbca
  custom:container-muxer-webm: aa71ff27fc2769a1b78a27578f13a17b -> 
