Using pre-set license
Built from '2022.3/staging' branch; Version is '2022.3.43f1 (85497d293fa1) revision 8735101'; Using compiler version '192829333'; Build Type 'Release'
OS: 'Windows 10  (10.0.19045) 64bit Professional' Language: 'en' Physical Memory: 65467 MB
BatchMode: 1, IsHumanControllingUs: 0, StartBugReporterOnCrash: 0, Is64bit: 1, IsPro: 1

COMMAND LINE ARGUMENTS:
C:\Program Files\Unity\Hub\Editor\2022.3.43f1\Editor\Unity.exe
-adb2
-batchMode
-noUpm
-name
AssetImportWorker11
-projectPath
C:/Users/Dan-Mechanics/Development/GITHUB/IntegratedGameplaySystem/IntegratedGameplaySystem
-logFile
Logs/AssetImportWorker11.log
-srvPort
52517
Successfully changed project path to: C:/Users/Dan-Mechanics/Development/GITHUB/IntegratedGameplaySystem/IntegratedGameplaySystem
C:/Users/Dan-Mechanics/Development/GITHUB/IntegratedGameplaySystem/IntegratedGameplaySystem
[UnityMemory] Configuration Parameters - Can be set up in boot.config
    "memorysetup-bucket-allocator-granularity=16"
    "memorysetup-bucket-allocator-bucket-count=8"
    "memorysetup-bucket-allocator-block-size=33554432"
    "memorysetup-bucket-allocator-block-count=8"
    "memorysetup-main-allocator-block-size=16777216"
    "memorysetup-thread-allocator-block-size=16777216"
    "memorysetup-gfx-main-allocator-block-size=16777216"
    "memorysetup-gfx-thread-allocator-block-size=16777216"
    "memorysetup-cache-allocator-block-size=4194304"
    "memorysetup-typetree-allocator-block-size=2097152"
    "memorysetup-profiler-bucket-allocator-granularity=16"
    "memorysetup-profiler-bucket-allocator-bucket-count=8"
    "memorysetup-profiler-bucket-allocator-block-size=33554432"
    "memorysetup-profiler-bucket-allocator-block-count=8"
    "memorysetup-profiler-allocator-block-size=16777216"
    "memorysetup-profiler-editor-allocator-block-size=1048576"
    "memorysetup-temp-allocator-size-main=16777216"
    "memorysetup-job-temp-allocator-block-size=2097152"
    "memorysetup-job-temp-allocator-block-size-background=1048576"
    "memorysetup-job-temp-allocator-reduction-small-platforms=262144"
    "memorysetup-allocator-temp-initial-block-size-main=262144"
    "memorysetup-allocator-temp-initial-block-size-worker=262144"
    "memorysetup-temp-allocator-size-background-worker=32768"
    "memorysetup-temp-allocator-size-job-worker=262144"
    "memorysetup-temp-allocator-size-preload-manager=33554432"
    "memorysetup-temp-allocator-size-nav-mesh-worker=65536"
    "memorysetup-temp-allocator-size-audio-worker=65536"
    "memorysetup-temp-allocator-size-cloud-worker=32768"
    "memorysetup-temp-allocator-size-gi-baking-worker=262144"
    "memorysetup-temp-allocator-size-gfx=262144"
Player connection [22876]  Target information:

Player connection [22876]  * "[IP] 192.168.81.187 [Port] 0 [Flags] 2 [Guid] 3744129135 [EditorId] 3744129135 [Version] 1048832 [Id] WindowsEditor(7,DESKTOP-U6NUIV5) [Debug] 1 [PackageName] WindowsEditor [ProjectName] Editor" 

Player connection [22876] Host joined multi-casting on [225.0.0.222:54997]...
Player connection [22876] Host joined alternative multi-casting on [225.0.0.222:34997]...
[PhysX] Initialized MultithreadedTaskDispatcher with 16 workers.
Refreshing native plugins compatible for Editor in 1.41 ms, found 0 plugins.
Preloading 0 native plugins for Editor in 0.00 ms.
Initialize engine version: 2022.3.43f1 (85497d293fa1)
[Subsystems] Discovering subsystems at path C:/Program Files/Unity/Hub/Editor/2022.3.43f1/Editor/Data/Resources/UnitySubsystems
[Subsystems] Discovering subsystems at path C:/Users/Dan-Mechanics/Development/GITHUB/IntegratedGameplaySystem/IntegratedGameplaySystem/Assets
GfxDevice: creating device client; threaded=0; jobified=0
Direct3D:
    Version:  Direct3D 11.0 [level 11.1]
    Renderer: NVIDIA GeForce RTX 2080 SUPER (ID=0x1e81)
    Vendor:   NVIDIA
    VRAM:     7987 MB
    Driver:   32.0.15.7283
Initialize mono
Mono path[0] = 'C:/Program Files/Unity/Hub/Editor/2022.3.43f1/Editor/Data/Managed'
Mono path[1] = 'C:/Program Files/Unity/Hub/Editor/2022.3.43f1/Editor/Data/MonoBleedingEdge/lib/mono/unityjit-win32'
Mono config path = 'C:/Program Files/Unity/Hub/Editor/2022.3.43f1/Editor/Data/MonoBleedingEdge/etc'
Using monoOptions --debugger-agent=transport=dt_socket,embedding=1,server=y,suspend=n,address=127.0.0.1:56220
Begin MonoManager ReloadAssembly
Registering precompiled unity dll's ...
Register platform support module: C:/Program Files/Unity/Hub/Editor/2022.3.43f1/Editor/Data/PlaybackEngines/WebGLSupport/UnityEditor.WebGL.Extensions.dll
Register platform support module: C:/Program Files/Unity/Hub/Editor/2022.3.43f1/Editor/Data/PlaybackEngines/WindowsStandaloneSupport/UnityEditor.WindowsStandalone.Extensions.dll
Registered in 0.010394 seconds.
- Loaded All Assemblies, in  0.315 seconds
Native extension for WindowsStandalone target not found
Native extension for WebGL target not found
Mono: successfully reloaded assembly
- Finished resetting the current domain, in  0.225 seconds
Domain Reload Profiling: 538ms
	BeginReloadAssembly (93ms)
		ExecutionOrderSort (0ms)
		DisableScriptedObjects (0ms)
		BackupInstance (0ms)
		ReleaseScriptingObjects (0ms)
		CreateAndSetChildDomain (1ms)
	RebuildCommonClasses (29ms)
	RebuildNativeTypeToScriptingClass (9ms)
	initialDomainReloadingComplete (55ms)
	LoadAllAssembliesAndSetupDomain (127ms)
		LoadAssemblies (91ms)
		RebuildTransferFunctionScriptingTraits (0ms)
		AnalyzeDomain (125ms)
			TypeCache.Refresh (124ms)
				TypeCache.ScanAssembly (112ms)
			ScanForSourceGeneratedMonoScriptInfo (0ms)
			ResolveRequiredComponents (0ms)
	FinalizeReload (226ms)
		ReleaseScriptCaches (0ms)
		RebuildScriptCaches (0ms)
		SetupLoadedEditorAssemblies (187ms)
			LogAssemblyErrors (0ms)
			InitializePlatformSupportModulesInManaged (10ms)
			SetLoadedEditorAssemblies (5ms)
			RefreshPlugins (0ms)
			BeforeProcessingInitializeOnLoad (2ms)
			ProcessInitializeOnLoadAttributes (129ms)
			ProcessInitializeOnLoadMethodAttributes (41ms)
			AfterProcessingInitializeOnLoad (0ms)
			EditorAssembliesLoaded (0ms)
		ExecutionOrderSort2 (0ms)
		AwakeInstancesAfterBackupRestoration (0ms)
========================================================================
Worker process is ready to serve import requests
Caller must complete domain reload
Begin MonoManager ReloadAssembly
- Loaded All Assemblies, in  0.340 seconds
Native extension for WindowsStandalone target not found
Native extension for WebGL target not found
Mono: successfully reloaded assembly
- Finished resetting the current domain, in  0.322 seconds
Domain Reload Profiling: 660ms
	BeginReloadAssembly (125ms)
		ExecutionOrderSort (0ms)
		DisableScriptedObjects (5ms)
		BackupInstance (0ms)
		ReleaseScriptingObjects (0ms)
		CreateAndSetChildDomain (17ms)
	RebuildCommonClasses (28ms)
	RebuildNativeTypeToScriptingClass (9ms)
	initialDomainReloadingComplete (35ms)
	LoadAllAssembliesAndSetupDomain (139ms)
		LoadAssemblies (178ms)
		RebuildTransferFunctionScriptingTraits (0ms)
		AnalyzeDomain (35ms)
			TypeCache.Refresh (27ms)
				TypeCache.ScanAssembly (19ms)
			ScanForSourceGeneratedMonoScriptInfo (5ms)
			ResolveRequiredComponents (2ms)
	FinalizeReload (323ms)
		ReleaseScriptCaches (0ms)
		RebuildScriptCaches (0ms)
		SetupLoadedEditorAssemblies (219ms)
			LogAssemblyErrors (0ms)
			InitializePlatformSupportModulesInManaged (7ms)
			SetLoadedEditorAssemblies (3ms)
			RefreshPlugins (0ms)
			BeforeProcessingInitializeOnLoad (40ms)
			ProcessInitializeOnLoadAttributes (142ms)
			ProcessInitializeOnLoadMethodAttributes (18ms)
			AfterProcessingInitializeOnLoad (8ms)
			EditorAssembliesLoaded (0ms)
		ExecutionOrderSort2 (0ms)
		AwakeInstancesAfterBackupRestoration (6ms)
Launched and connected shader compiler UnityShaderCompiler.exe after 0.04 seconds
Refreshing native plugins compatible for Editor in 0.99 ms, found 0 plugins.
Preloading 0 native plugins for Editor in 0.00 ms.
Unloading 1152 Unused Serialized files (Serialized files now loaded: 0)
Unloading 10 unused Assets / (52.0 KB). Loaded Objects now: 1635.
Memory consumption went from 151.5 MB to 151.5 MB.
Total: 3.093800 ms (FindLiveObjects: 0.116300 ms CreateObjectMapping: 0.032700 ms MarkObjects: 2.817800 ms  DeleteObjects: 0.126100 ms)

AssetImportParameters requested are different than current active one (requested -> active):
  custom:video-encoder-webm-vp8: eb34c28f22e8b96e1ab97ce403110664 -> 
  custom:video-decoder-webm-vp8: 9c59270c3fd7afecdb556c50c9e8de78 -> 
  custom:scripting/monoscript/fileName/Wallet.cs: f282d1da9b5f829dd81e561c421e2ac3 -> b84605335fa66739ec31964faba9642a
  custom:scripting/monoscript/fileName/EasyDebug.cs: 7733b379e43f82831b0419645b150bfb -> 
  custom:scripting/monoscript/fileName/GroundedConfiguration.cs: 585e603979995a044dfb920aba655510 -> 
  custom:audio-decoder-ogg-vorbis: bf7c407c2cedff20999df2af8eb42d56 -> 
  custom:scripting/monoscript/fileName/DefaultBindingRules.cs: 2b01cbcba6988a2e45c629c72209e9ff -> 
  custom:scripting/monoscript/fileName/Plant.cs: 58ac698cc3dafd4977609d4792b7ff8b -> 62ba4f5aa2dbbed39a5f15fe599a088c
  custom:scripting/monoscript/fileName/Utils.cs: 244f448866b4b61468b93b880d9850fe -> 8ec94ddc03461d9756a1cb6c0cd2a843
  custom:scripting/monoscript/fileName/DisplayBehaviour.cs: d47b9c96575465d674ad8f85f3d4ba81 -> 
  custom:scripting/monoscript/fileName/PlantBlueprint.cs: 884434b781165ad4854468a32963b349 -> 
  custom:scripting/monoscript/fileName/Assets.cs: f6191230adaa88b1694a40dcafbfb23e -> 59e73b97eff0038cfda1b2e241adeda3
  custom:SearchIndexIgnoredProperties: e643bd26f0fe6173181afceb89e7c659 -> 
  custom:container-demuxer-ogg: 62fdf1f143b41e24485cea50d1cbac27 -> 
  custom:AudioImporter_EditorPlatform: d09bf68614088b80899f8185d706f6e7 -> 
  custom:CustomObjectIndexerAttribute: 9a22284fe3817be447336de3de66b15e -> 
  custom:scripting/monoscript/fileName/PlayerInput.cs: f6aa81e421e5abdd63a3a534795fe643 -> 
  custom:scripting/monoscript/fileName/MovementSettings.cs: 6cdb1110e838deb634bb5a01affda34a -> 
  custom:scripting/monoscript/fileName/PlayerContext.cs: 1d37eca89d95522fdbcf0ac0386713ac -> 
  custom:scripting/monoscript/fileName/ConfigTextFile.cs: 21287d204595fc6c021627d15f7c8fd6 -> ae7daafbaecbabf7f70b113d353c1ef8
  custom:container-demuxer-webm: 4f35f7cbe854078d1ac9338744f61a02 -> 
  custom:scripting/monoscript/fileName/SmoothAssets.cs: 7fd81c5769ccf7bfc66eb1178b96ffcc -> 
  custom:scripting/monoscript/fileName/BaseBehaviour.cs: 0373f7db4818287325ce3ce3f19dfe9a -> 
  custom:scripting/monoscript/fileName/SingleMonoBehaviour.cs: 426938f1b26cb5d4ea08365171201abf -> 
  custom:video-decoder-ogg-theora: a1e56fd34408186e4bbccfd4996cb3dc -> 
  custom:scripting/monoscript/fileName/GameContext.cs: 25129b7e77e9db5460e21a4cf5fcdf2b -> 
  custom:audio-encoder-webm-vorbis: bf7c407c2cedff20999df2af8eb42d56 -> 
  custom:scripting/monoscript/fileName/Heart.cs: 82330c400ffbb95819c026ecbe08869c -> a001b955fa54c0f9a8e1f195457c4bd5
  custom:framework-win-MediaFoundation: 216162199b28c13a410421893ffa2e32 -> 
  custom:scripting/monoscript/fileName/INewBindingRule.cs: 4cfc1805a2cd7e53d6b3607a52e1b1bb -> 
  custom:scripting/monoscript/fileName/PlantSettings.cs: cab5b764220bd0ee1e805cdfabb8b59b -> 
  custom:scripting/monoscript/fileName/PatchBehaviour.cs: ae5322aa772827a84e49536e9cbd2f17 -> 
  custom:scripting/monoscript/fileName/RaycastData.cs: 223adf16e2df6b7cf8a1a9f67f574019 -> 
  custom:scripting/monoscript/fileName/CameraSettingsFPS.cs: 66bd5e1d90f4a860160c3cce44d0a4b7 -> 
  custom:scripting/monoscript/fileName/GameWorld.cs: a6c957d5dd59a7dd9cddf6a01c7fbdb4 -> ca78e59c92dc5df17222e6c37c4dbbca
  custom:container-muxer-webm: aa71ff27fc2769a1b78a27578f13a17b -> 
========================================================================
Received Prepare
Caller must complete domain reload
Begin MonoManager ReloadAssembly
- Loaded All Assemblies, in  0.401 seconds
Native extension for WindowsStandalone target not found
Native extension for WebGL target not found
Mono: successfully reloaded assembly
- Finished resetting the current domain, in  0.470 seconds
Domain Reload Profiling: 868ms
	BeginReloadAssembly (213ms)
		ExecutionOrderSort (0ms)
		DisableScriptedObjects (5ms)
		BackupInstance (0ms)
		ReleaseScriptingObjects (0ms)
		CreateAndSetChildDomain (17ms)
	RebuildCommonClasses (40ms)
	RebuildNativeTypeToScriptingClass (10ms)
	initialDomainReloadingComplete (26ms)
	LoadAllAssembliesAndSetupDomain (109ms)
		LoadAssemblies (183ms)
		RebuildTransferFunctionScriptingTraits (0ms)
		AnalyzeDomain (6ms)
			TypeCache.Refresh (3ms)
				TypeCache.ScanAssembly (0ms)
			ScanForSourceGeneratedMonoScriptInfo (0ms)
			ResolveRequiredComponents (2ms)
	FinalizeReload (470ms)
		ReleaseScriptCaches (0ms)
		RebuildScriptCaches (0ms)
		SetupLoadedEditorAssemblies (244ms)
			LogAssemblyErrors (0ms)
			InitializePlatformSupportModulesInManaged (8ms)
			SetLoadedEditorAssemblies (3ms)
			RefreshPlugins (0ms)
			BeforeProcessingInitializeOnLoad (45ms)
			ProcessInitializeOnLoadAttributes (156ms)
			ProcessInitializeOnLoadMethodAttributes (22ms)
			AfterProcessingInitializeOnLoad (10ms)
			EditorAssembliesLoaded (0ms)
		ExecutionOrderSort2 (0ms)
		AwakeInstancesAfterBackupRestoration (8ms)
Refreshing native plugins compatible for Editor in 1.08 ms, found 0 plugins.
Preloading 0 native plugins for Editor in 0.00 ms.
Unloading 1133 Unused Serialized files (Serialized files now loaded: 0)
Unloading 5 unused Assets / (23.8 KB). Loaded Objects now: 1638.
Memory consumption went from 147.7 MB to 147.7 MB.
Total: 2.999000 ms (FindLiveObjects: 0.182100 ms CreateObjectMapping: 0.093700 ms MarkObjects: 2.692400 ms  DeleteObjects: 0.029700 ms)

Prepare: number of updated asset objects reloaded= 0
AssetImportParameters requested are different than current active one (requested -> active):
  custom:video-encoder-webm-vp8: eb34c28f22e8b96e1ab97ce403110664 -> 
  custom:video-decoder-webm-vp8: 9c59270c3fd7afecdb556c50c9e8de78 -> 
  custom:scripting/monoscript/fileName/Wallet.cs: f282d1da9b5f829dd81e561c421e2ac3 -> b84605335fa66739ec31964faba9642a
  custom:scripting/monoscript/fileName/EasyDebug.cs: 7733b379e43f82831b0419645b150bfb -> 
  custom:scripting/monoscript/fileName/GroundedConfiguration.cs: 585e603979995a044dfb920aba655510 -> 
  custom:audio-decoder-ogg-vorbis: bf7c407c2cedff20999df2af8eb42d56 -> 
  custom:scripting/monoscript/fileName/DefaultBindingRules.cs: 2b01cbcba6988a2e45c629c72209e9ff -> 
  custom:scripting/monoscript/fileName/Plant.cs: 58ac698cc3dafd4977609d4792b7ff8b -> 62ba4f5aa2dbbed39a5f15fe599a088c
  custom:scripting/monoscript/fileName/Utils.cs: 244f448866b4b61468b93b880d9850fe -> 8ec94ddc03461d9756a1cb6c0cd2a843
  custom:scripting/monoscript/fileName/DisplayBehaviour.cs: d47b9c96575465d674ad8f85f3d4ba81 -> 
  custom:scripting/monoscript/fileName/PlantBlueprint.cs: 884434b781165ad4854468a32963b349 -> 
  custom:scripting/monoscript/fileName/Assets.cs: f6191230adaa88b1694a40dcafbfb23e -> 59e73b97eff0038cfda1b2e241adeda3
  custom:SearchIndexIgnoredProperties: e643bd26f0fe6173181afceb89e7c659 -> 
  custom:container-demuxer-ogg: 62fdf1f143b41e24485cea50d1cbac27 -> 
  custom:AudioImporter_EditorPlatform: d09bf68614088b80899f8185d706f6e7 -> 
  custom:CustomObjectIndexerAttribute: 9a22284fe3817be447336de3de66b15e -> 
  custom:scripting/monoscript/fileName/PlayerInput.cs: f6aa81e421e5abdd63a3a534795fe643 -> 
  custom:scripting/monoscript/fileName/MovementSettings.cs: 6cdb1110e838deb634bb5a01affda34a -> 
  custom:scripting/monoscript/fileName/PlayerContext.cs: 1d37eca89d95522fdbcf0ac0386713ac -> 
  custom:scripting/monoscript/fileName/ConfigTextFile.cs: 21287d204595fc6c021627d15f7c8fd6 -> ae7daafbaecbabf7f70b113d353c1ef8
  custom:container-demuxer-webm: 4f35f7cbe854078d1ac9338744f61a02 -> 
  custom:scripting/monoscript/fileName/SmoothAssets.cs: 7fd81c5769ccf7bfc66eb1178b96ffcc -> 
  custom:scripting/monoscript/fileName/BaseBehaviour.cs: 0373f7db4818287325ce3ce3f19dfe9a -> 
  custom:scripting/monoscript/fileName/SingleMonoBehaviour.cs: 426938f1b26cb5d4ea08365171201abf -> 
  custom:video-decoder-ogg-theora: a1e56fd34408186e4bbccfd4996cb3dc -> 
  custom:scripting/monoscript/fileName/GameContext.cs: 25129b7e77e9db5460e21a4cf5fcdf2b -> 
  custom:audio-encoder-webm-vorbis: bf7c407c2cedff20999df2af8eb42d56 -> 
  custom:scripting/monoscript/fileName/Heart.cs: 82330c400ffbb95819c026ecbe08869c -> a001b955fa54c0f9a8e1f195457c4bd5
  custom:framework-win-MediaFoundation: 216162199b28c13a410421893ffa2e32 -> 
  custom:scripting/monoscript/fileName/INewBindingRule.cs: 4cfc1805a2cd7e53d6b3607a52e1b1bb -> 
  custom:scripting/monoscript/fileName/PlantSettings.cs: cab5b764220bd0ee1e805cdfabb8b59b -> 
  custom:scripting/monoscript/fileName/PatchBehaviour.cs: ae5322aa772827a84e49536e9cbd2f17 -> 
  custom:scripting/monoscript/fileName/RaycastData.cs: 223adf16e2df6b7cf8a1a9f67f574019 -> 
  custom:scripting/monoscript/fileName/CameraSettingsFPS.cs: 66bd5e1d90f4a860160c3cce44d0a4b7 -> 
  custom:scripting/monoscript/fileName/GameWorld.cs: a6c957d5dd59a7dd9cddf6a01c7fbdb4 -> ca78e59c92dc5df17222e6c37c4dbbca
  custom:container-muxer-webm: aa71ff27fc2769a1b78a27578f13a17b -> 
========================================================================
Received Import Request.
  Time since last request: 40901.737082 seconds.
  path: Assets/Resources/Moonberry/stage_1_mat.mat
  artifactKey: Guid(55dd53f572eb36e498e98c17e0d11268) Importer(815301076,1909f56bfc062723c751e8b465ee728b)
Start importing Assets/Resources/Moonberry/stage_1_mat.mat using Guid(55dd53f572eb36e498e98c17e0d11268) Importer(815301076,1909f56bfc062723c751e8b465ee728b) [PhysX] Initialized MultithreadedTaskDispatcher with 16 workers.
[PhysX] Initialized MultithreadedTaskDispatcher with 16 workers.
 -> (artifact id: '06df5bdb57dd396fdcb683bd9d41649f') in 0.084093 seconds
Number of updated asset objects reloaded before import = 0
Number of asset objects unloaded after import = 2
========================================================================
Received Import Request.
  Time since last request: 0.429137 seconds.
  path: Assets/Resources/Everbending/stage_1_mat.mat
  artifactKey: Guid(fe992bb52a09c904ba249199f0f2424d) Importer(815301076,1909f56bfc062723c751e8b465ee728b)
Start importing Assets/Resources/Everbending/stage_1_mat.mat using Guid(fe992bb52a09c904ba249199f0f2424d) Importer(815301076,1909f56bfc062723c751e8b465ee728b) [PhysX] Initialized MultithreadedTaskDispatcher with 16 workers.
[PhysX] Initialized MultithreadedTaskDispatcher with 16 workers.
 -> (artifact id: 'f9125863a54a6d758eca21857495cd6f') in 0.024155 seconds
Number of updated asset objects reloaded before import = 0
Number of asset objects unloaded after import = 2
========================================================================
Received Import Request.
  Time since last request: 0.326116 seconds.
  path: Assets/Resources/Feathercup/stage_1_mat.mat
  artifactKey: Guid(98e4f45ecd07b7b47a584cdd16c8f91a) Importer(815301076,1909f56bfc062723c751e8b465ee728b)
Start importing Assets/Resources/Feathercup/stage_1_mat.mat using Guid(98e4f45ecd07b7b47a584cdd16c8f91a) Importer(815301076,1909f56bfc062723c751e8b465ee728b) [PhysX] Initialized MultithreadedTaskDispatcher with 16 workers.
[PhysX] Initialized MultithreadedTaskDispatcher with 16 workers.
 -> (artifact id: '5919533292ccc4b856fc3a110b7f118f') in 0.011576 seconds
Number of updated asset objects reloaded before import = 0
Number of asset objects unloaded after import = 2
========================================================================
Received Import Request.
  Time since last request: 0.000018 seconds.
  path: Assets/Resources/Feathercup/stage_5_mat.mat
  artifactKey: Guid(ae5fbfa166a8e9d47b54c12c7ef4065a) Importer(815301076,1909f56bfc062723c751e8b465ee728b)
Start importing Assets/Resources/Feathercup/stage_5_mat.mat using Guid(ae5fbfa166a8e9d47b54c12c7ef4065a) Importer(815301076,1909f56bfc062723c751e8b465ee728b) [PhysX] Initialized MultithreadedTaskDispatcher with 16 workers.
[PhysX] Initialized MultithreadedTaskDispatcher with 16 workers.
 -> (artifact id: 'a7d47dc0b9eed5b26d3d1298e45678b7') in 0.028707 seconds
Number of updated asset objects reloaded before import = 0
Number of asset objects unloaded after import = 2
========================================================================
Received Prepare
Caller must complete domain reload
Begin MonoManager ReloadAssembly
- Loaded All Assemblies, in  0.395 seconds
Native extension for WindowsStandalone target not found
Native extension for WebGL target not found
Mono: successfully reloaded assembly
- Finished resetting the current domain, in  0.449 seconds
Domain Reload Profiling: 842ms
	BeginReloadAssembly (212ms)
		ExecutionOrderSort (0ms)
		DisableScriptedObjects (4ms)
		BackupInstance (0ms)
		ReleaseScriptingObjects (0ms)
		CreateAndSetChildDomain (18ms)
	RebuildCommonClasses (35ms)
	RebuildNativeTypeToScriptingClass (9ms)
	initialDomainReloadingComplete (26ms)
	LoadAllAssembliesAndSetupDomain (110ms)
		LoadAssemblies (185ms)
		RebuildTransferFunctionScriptingTraits (0ms)
		AnalyzeDomain (6ms)
			TypeCache.Refresh (3ms)
				TypeCache.ScanAssembly (0ms)
			ScanForSourceGeneratedMonoScriptInfo (0ms)
			ResolveRequiredComponents (2ms)
	FinalizeReload (450ms)
		ReleaseScriptCaches (0ms)
		RebuildScriptCaches (0ms)
		SetupLoadedEditorAssemblies (217ms)
			LogAssemblyErrors (0ms)
			InitializePlatformSupportModulesInManaged (8ms)
			SetLoadedEditorAssemblies (3ms)
			RefreshPlugins (0ms)
			BeforeProcessingInitializeOnLoad (42ms)
			ProcessInitializeOnLoadAttributes (136ms)
			ProcessInitializeOnLoadMethodAttributes (20ms)
			AfterProcessingInitializeOnLoad (9ms)
			EditorAssembliesLoaded (0ms)
		ExecutionOrderSort2 (0ms)
		AwakeInstancesAfterBackupRestoration (7ms)
Refreshing native plugins compatible for Editor in 1.24 ms, found 0 plugins.
Preloading 0 native plugins for Editor in 0.00 ms.
Unloading 1132 Unused Serialized files (Serialized files now loaded: 0)
Unloading 5 unused Assets / (23.9 KB). Loaded Objects now: 1682.
Memory consumption went from 151.8 MB to 151.8 MB.
Total: 3.101400 ms (FindLiveObjects: 0.155100 ms CreateObjectMapping: 0.074400 ms MarkObjects: 2.837500 ms  DeleteObjects: 0.033300 ms)

Prepare: number of updated asset objects reloaded= 0
AssetImportParameters requested are different than current active one (requested -> active):
  custom:video-encoder-webm-vp8: eb34c28f22e8b96e1ab97ce403110664 -> 
  custom:video-decoder-webm-vp8: 9c59270c3fd7afecdb556c50c9e8de78 -> 
  custom:scripting/monoscript/fileName/Wallet.cs: f282d1da9b5f829dd81e561c421e2ac3 -> b84605335fa66739ec31964faba9642a
  custom:scripting/monoscript/fileName/EasyDebug.cs: 7733b379e43f82831b0419645b150bfb -> 
  custom:scripting/monoscript/fileName/GroundedConfiguration.cs: 585e603979995a044dfb920aba655510 -> 
  custom:audio-decoder-ogg-vorbis: bf7c407c2cedff20999df2af8eb42d56 -> 
  custom:scripting/monoscript/fileName/DefaultBindingRules.cs: 2b01cbcba6988a2e45c629c72209e9ff -> 
  custom:scripting/monoscript/fileName/Plant.cs: 58ac698cc3dafd4977609d4792b7ff8b -> 62ba4f5aa2dbbed39a5f15fe599a088c
  custom:scripting/monoscript/fileName/Utils.cs: 244f448866b4b61468b93b880d9850fe -> 8ec94ddc03461d9756a1cb6c0cd2a843
  custom:scripting/monoscript/fileName/DisplayBehaviour.cs: d47b9c96575465d674ad8f85f3d4ba81 -> 
  custom:scripting/monoscript/fileName/PlantBlueprint.cs: 884434b781165ad4854468a32963b349 -> 
  custom:scripting/monoscript/fileName/Assets.cs: f6191230adaa88b1694a40dcafbfb23e -> 59e73b97eff0038cfda1b2e241adeda3
  custom:SearchIndexIgnoredProperties: e643bd26f0fe6173181afceb89e7c659 -> 
  custom:container-demuxer-ogg: 62fdf1f143b41e24485cea50d1cbac27 -> 
  custom:AudioImporter_EditorPlatform: d09bf68614088b80899f8185d706f6e7 -> 
  custom:CustomObjectIndexerAttribute: 9a22284fe3817be447336de3de66b15e -> 
  custom:scripting/monoscript/fileName/PlayerInput.cs: f6aa81e421e5abdd63a3a534795fe643 -> 
  custom:scripting/monoscript/fileName/MovementSettings.cs: 6cdb1110e838deb634bb5a01affda34a -> 
  custom:scripting/monoscript/fileName/PlayerContext.cs: 1d37eca89d95522fdbcf0ac0386713ac -> 
  custom:scripting/monoscript/fileName/ConfigTextFile.cs: 21287d204595fc6c021627d15f7c8fd6 -> ae7daafbaecbabf7f70b113d353c1ef8
  custom:container-demuxer-webm: 4f35f7cbe854078d1ac9338744f61a02 -> 
  custom:scripting/monoscript/fileName/SmoothAssets.cs: 7fd81c5769ccf7bfc66eb1178b96ffcc -> 
  custom:scripting/monoscript/fileName/BaseBehaviour.cs: 0373f7db4818287325ce3ce3f19dfe9a -> 
  custom:scripting/monoscript/fileName/SingleMonoBehaviour.cs: 426938f1b26cb5d4ea08365171201abf -> 
  custom:video-decoder-ogg-theora: a1e56fd34408186e4bbccfd4996cb3dc -> 
  custom:scripting/monoscript/fileName/GameContext.cs: 25129b7e77e9db5460e21a4cf5fcdf2b -> 
  custom:audio-encoder-webm-vorbis: bf7c407c2cedff20999df2af8eb42d56 -> 
  custom:scripting/monoscript/fileName/Heart.cs: 82330c400ffbb95819c026ecbe08869c -> a001b955fa54c0f9a8e1f195457c4bd5
  custom:framework-win-MediaFoundation: 216162199b28c13a410421893ffa2e32 -> 
  custom:scripting/monoscript/fileName/INewBindingRule.cs: 4cfc1805a2cd7e53d6b3607a52e1b1bb -> 
  custom:scripting/monoscript/fileName/PlantSettings.cs: cab5b764220bd0ee1e805cdfabb8b59b -> 
  custom:scripting/monoscript/fileName/PatchBehaviour.cs: ae5322aa772827a84e49536e9cbd2f17 -> 
  custom:scripting/monoscript/fileName/RaycastData.cs: 223adf16e2df6b7cf8a1a9f67f574019 -> 
  custom:scripting/monoscript/fileName/CameraSettingsFPS.cs: 66bd5e1d90f4a860160c3cce44d0a4b7 -> 
  custom:scripting/monoscript/fileName/GameWorld.cs: a6c957d5dd59a7dd9cddf6a01c7fbdb4 -> ca78e59c92dc5df17222e6c37c4dbbca
  custom:container-muxer-webm: aa71ff27fc2769a1b78a27578f13a17b -> 
========================================================================
Received Import Request.
  Time since last request: 17.583666 seconds.
  path: Assets/Prefabs/cam.prefab
  artifactKey: Guid(2bd35eac28761b6489ddbfdd47807dde) Importer(815301076,1909f56bfc062723c751e8b465ee728b)
Start importing Assets/Prefabs/cam.prefab using Guid(2bd35eac28761b6489ddbfdd47807dde) Importer(815301076,1909f56bfc062723c751e8b465ee728b) [PhysX] Initialized MultithreadedTaskDispatcher with 16 workers.
 -> (artifact id: 'cbfe6da31b1ad737936ad5e502560dff') in 0.024564 seconds
Number of updated asset objects reloaded before import = 0
Number of asset objects unloaded after import = 6
========================================================================
Received Import Request.
  Time since last request: 3.866588 seconds.
  path: Assets/Prefabs/cam.prefab
  artifactKey: Guid(2bd35eac28761b6489ddbfdd47807dde) Importer(815301076,1909f56bfc062723c751e8b465ee728b)
Start importing Assets/Prefabs/cam.prefab using Guid(2bd35eac28761b6489ddbfdd47807dde) Importer(815301076,1909f56bfc062723c751e8b465ee728b) [PhysX] Initialized MultithreadedTaskDispatcher with 16 workers.
 -> (artifact id: '98f60edfab8e7aa2bc57caae93a1da4c') in 0.001331 seconds
Number of updated asset objects reloaded before import = 0
Number of asset objects unloaded after import = 6
========================================================================
Received Prepare
Caller must complete domain reload
Begin MonoManager ReloadAssembly
- Loaded All Assemblies, in  0.387 seconds
Native extension for WindowsStandalone target not found
Native extension for WebGL target not found
Mono: successfully reloaded assembly
- Finished resetting the current domain, in  0.468 seconds
Domain Reload Profiling: 853ms
	BeginReloadAssembly (212ms)
		ExecutionOrderSort (0ms)
		DisableScriptedObjects (4ms)
		BackupInstance (0ms)
		ReleaseScriptingObjects (0ms)
		CreateAndSetChildDomain (22ms)
	RebuildCommonClasses (29ms)
	RebuildNativeTypeToScriptingClass (9ms)
	initialDomainReloadingComplete (26ms)
	LoadAllAssembliesAndSetupDomain (108ms)
		LoadAssemblies (177ms)
		RebuildTransferFunctionScriptingTraits (0ms)
		AnalyzeDomain (7ms)
			TypeCache.Refresh (4ms)
				TypeCache.ScanAssembly (0ms)
			ScanForSourceGeneratedMonoScriptInfo (0ms)
			ResolveRequiredComponents (2ms)
	FinalizeReload (468ms)
		ReleaseScriptCaches (0ms)
		RebuildScriptCaches (0ms)
		SetupLoadedEditorAssemblies (235ms)
			LogAssemblyErrors (0ms)
			InitializePlatformSupportModulesInManaged (8ms)
			SetLoadedEditorAssemblies (3ms)
			RefreshPlugins (0ms)
			BeforeProcessingInitializeOnLoad (41ms)
			ProcessInitializeOnLoadAttributes (149ms)
			ProcessInitializeOnLoadMethodAttributes (24ms)
			AfterProcessingInitializeOnLoad (9ms)
			EditorAssembliesLoaded (0ms)
		ExecutionOrderSort2 (0ms)
		AwakeInstancesAfterBackupRestoration (8ms)
Refreshing native plugins compatible for Editor in 0.95 ms, found 0 plugins.
Preloading 0 native plugins for Editor in 0.00 ms.
Unloading 1132 Unused Serialized files (Serialized files now loaded: 0)
Unloading 5 unused Assets / (23.9 KB). Loaded Objects now: 1685.
Memory consumption went from 151.8 MB to 151.8 MB.
Total: 2.994400 ms (FindLiveObjects: 0.225100 ms CreateObjectMapping: 0.123300 ms MarkObjects: 2.613500 ms  DeleteObjects: 0.031300 ms)

Prepare: number of updated asset objects reloaded= 0
AssetImportParameters requested are different than current active one (requested -> active):
  custom:video-encoder-webm-vp8: eb34c28f22e8b96e1ab97ce403110664 -> 
  custom:video-decoder-webm-vp8: 9c59270c3fd7afecdb556c50c9e8de78 -> 
  custom:scripting/monoscript/fileName/Wallet.cs: f282d1da9b5f829dd81e561c421e2ac3 -> b84605335fa66739ec31964faba9642a
  custom:scripting/monoscript/fileName/EasyDebug.cs: 7733b379e43f82831b0419645b150bfb -> 
  custom:scripting/monoscript/fileName/GroundedConfiguration.cs: 585e603979995a044dfb920aba655510 -> 
  custom:audio-decoder-ogg-vorbis: bf7c407c2cedff20999df2af8eb42d56 -> 
  custom:scripting/monoscript/fileName/DefaultBindingRules.cs: 2b01cbcba6988a2e45c629c72209e9ff -> 
  custom:scripting/monoscript/fileName/Plant.cs: 58ac698cc3dafd4977609d4792b7ff8b -> 62ba4f5aa2dbbed39a5f15fe599a088c
  custom:scripting/monoscript/fileName/Utils.cs: 244f448866b4b61468b93b880d9850fe -> 8ec94ddc03461d9756a1cb6c0cd2a843
  custom:scripting/monoscript/fileName/DisplayBehaviour.cs: d47b9c96575465d674ad8f85f3d4ba81 -> 
  custom:scripting/monoscript/fileName/PlantBlueprint.cs: 884434b781165ad4854468a32963b349 -> 
  custom:scripting/monoscript/fileName/Assets.cs: f6191230adaa88b1694a40dcafbfb23e -> 59e73b97eff0038cfda1b2e241adeda3
  custom:SearchIndexIgnoredProperties: e643bd26f0fe6173181afceb89e7c659 -> 
  custom:container-demuxer-ogg: 62fdf1f143b41e24485cea50d1cbac27 -> 
  custom:AudioImporter_EditorPlatform: d09bf68614088b80899f8185d706f6e7 -> 
  custom:CustomObjectIndexerAttribute: 9a22284fe3817be447336de3de66b15e -> 
  custom:scripting/monoscript/fileName/PlayerInput.cs: f6aa81e421e5abdd63a3a534795fe643 -> 
  custom:scripting/monoscript/fileName/MovementSettings.cs: 6cdb1110e838deb634bb5a01affda34a -> 
  custom:scripting/monoscript/fileName/PlayerContext.cs: 1d37eca89d95522fdbcf0ac0386713ac -> 
  custom:scripting/monoscript/fileName/ConfigTextFile.cs: 21287d204595fc6c021627d15f7c8fd6 -> ae7daafbaecbabf7f70b113d353c1ef8
  custom:container-demuxer-webm: 4f35f7cbe854078d1ac9338744f61a02 -> 
  custom:scripting/monoscript/fileName/SmoothAssets.cs: 7fd81c5769ccf7bfc66eb1178b96ffcc -> 
  custom:scripting/monoscript/fileName/BaseBehaviour.cs: 0373f7db4818287325ce3ce3f19dfe9a -> 
  custom:scripting/monoscript/fileName/SingleMonoBehaviour.cs: 426938f1b26cb5d4ea08365171201abf -> 
  custom:video-decoder-ogg-theora: a1e56fd34408186e4bbccfd4996cb3dc -> 
  custom:scripting/monoscript/fileName/GameContext.cs: 25129b7e77e9db5460e21a4cf5fcdf2b -> 
  custom:audio-encoder-webm-vorbis: bf7c407c2cedff20999df2af8eb42d56 -> 
  custom:scripting/monoscript/fileName/Heart.cs: 82330c400ffbb95819c026ecbe08869c -> a001b955fa54c0f9a8e1f195457c4bd5
  custom:framework-win-MediaFoundation: 216162199b28c13a410421893ffa2e32 -> 
  custom:scripting/monoscript/fileName/INewBindingRule.cs: 4cfc1805a2cd7e53d6b3607a52e1b1bb -> 
  custom:scripting/monoscript/fileName/PlantSettings.cs: cab5b764220bd0ee1e805cdfabb8b59b -> 
  custom:scripting/monoscript/fileName/PatchBehaviour.cs: ae5322aa772827a84e49536e9cbd2f17 -> 
  custom:scripting/monoscript/fileName/RaycastData.cs: 223adf16e2df6b7cf8a1a9f67f574019 -> 
  custom:scripting/monoscript/fileName/CameraSettingsFPS.cs: 66bd5e1d90f4a860160c3cce44d0a4b7 -> 
  custom:scripting/monoscript/fileName/GameWorld.cs: a6c957d5dd59a7dd9cddf6a01c7fbdb4 -> ca78e59c92dc5df17222e6c37c4dbbca
  custom:container-muxer-webm: aa71ff27fc2769a1b78a27578f13a17b -> 
========================================================================
Received Import Request.
  Time since last request: 15.336718 seconds.
  path: Assets/Prefabs/player.prefab
  artifactKey: Guid(6f7db1ccb32e6424eaaa8c2cca893bbc) Importer(815301076,1909f56bfc062723c751e8b465ee728b)
Start importing Assets/Prefabs/player.prefab using Guid(6f7db1ccb32e6424eaaa8c2cca893bbc) Importer(815301076,1909f56bfc062723c751e8b465ee728b) [PhysX] Initialized MultithreadedTaskDispatcher with 16 workers.
[PhysX] Initialized MultithreadedTaskDispatcher with 16 workers.
 -> (artifact id: 'c53ea5a417e7c803789a4aef9bc93cc7') in 0.077610 seconds
Number of updated asset objects reloaded before import = 0
Number of asset objects unloaded after import = 13
========================================================================
Received Prepare
Caller must complete domain reload
Begin MonoManager ReloadAssembly
- Loaded All Assemblies, in  0.393 seconds
Native extension for WindowsStandalone target not found
Native extension for WebGL target not found
Mono: successfully reloaded assembly
- Finished resetting the current domain, in  0.447 seconds
Domain Reload Profiling: 838ms
	BeginReloadAssembly (215ms)
		ExecutionOrderSort (0ms)
		DisableScriptedObjects (4ms)
		BackupInstance (0ms)
		ReleaseScriptingObjects (0ms)
		CreateAndSetChildDomain (18ms)
	RebuildCommonClasses (35ms)
	RebuildNativeTypeToScriptingClass (9ms)
	initialDomainReloadingComplete (25ms)
	LoadAllAssembliesAndSetupDomain (106ms)
		LoadAssemblies (184ms)
		RebuildTransferFunctionScriptingTraits (0ms)
		AnalyzeDomain (6ms)
			TypeCache.Refresh (3ms)
				TypeCache.ScanAssembly (0ms)
			ScanForSourceGeneratedMonoScriptInfo (0ms)
			ResolveRequiredComponents (2ms)
	FinalizeReload (448ms)
		ReleaseScriptCaches (0ms)
		RebuildScriptCaches (0ms)
		SetupLoadedEditorAssemblies (224ms)
			LogAssemblyErrors (0ms)
			InitializePlatformSupportModulesInManaged (7ms)
			SetLoadedEditorAssemblies (3ms)
			RefreshPlugins (0ms)
			BeforeProcessingInitializeOnLoad (43ms)
			ProcessInitializeOnLoadAttributes (140ms)
			ProcessInitializeOnLoadMethodAttributes (21ms)
			AfterProcessingInitializeOnLoad (10ms)
			EditorAssembliesLoaded (0ms)
		ExecutionOrderSort2 (0ms)
		AwakeInstancesAfterBackupRestoration (9ms)
Refreshing native plugins compatible for Editor in 1.03 ms, found 0 plugins.
Preloading 0 native plugins for Editor in 0.00 ms.
Unloading 1132 Unused Serialized files (Serialized files now loaded: 0)
Unloading 5 unused Assets / (23.9 KB). Loaded Objects now: 1689.
Memory consumption went from 151.8 MB to 151.8 MB.
Total: 3.339900 ms (FindLiveObjects: 0.221200 ms CreateObjectMapping: 0.111200 ms MarkObjects: 2.973400 ms  DeleteObjects: 0.032700 ms)

Prepare: number of updated asset objects reloaded= 0
AssetImportParameters requested are different than current active one (requested -> active):
  custom:video-encoder-webm-vp8: eb34c28f22e8b96e1ab97ce403110664 -> 
  custom:video-decoder-webm-vp8: 9c59270c3fd7afecdb556c50c9e8de78 -> 
  custom:scripting/monoscript/fileName/Wallet.cs: f282d1da9b5f829dd81e561c421e2ac3 -> b84605335fa66739ec31964faba9642a
  custom:scripting/monoscript/fileName/EasyDebug.cs: 7733b379e43f82831b0419645b150bfb -> 
  custom:scripting/monoscript/fileName/GroundedConfiguration.cs: 585e603979995a044dfb920aba655510 -> 
  custom:audio-decoder-ogg-vorbis: bf7c407c2cedff20999df2af8eb42d56 -> 
  custom:scripting/monoscript/fileName/DefaultBindingRules.cs: 2b01cbcba6988a2e45c629c72209e9ff -> 
  custom:scripting/monoscript/fileName/Plant.cs: 58ac698cc3dafd4977609d4792b7ff8b -> 62ba4f5aa2dbbed39a5f15fe599a088c
  custom:scripting/monoscript/fileName/Utils.cs: 244f448866b4b61468b93b880d9850fe -> 8ec94ddc03461d9756a1cb6c0cd2a843
  custom:scripting/monoscript/fileName/DisplayBehaviour.cs: d47b9c96575465d674ad8f85f3d4ba81 -> 
  custom:scripting/monoscript/fileName/PlantBlueprint.cs: 884434b781165ad4854468a32963b349 -> 
  custom:scripting/monoscript/fileName/Assets.cs: f6191230adaa88b1694a40dcafbfb23e -> 59e73b97eff0038cfda1b2e241adeda3
  custom:SearchIndexIgnoredProperties: e643bd26f0fe6173181afceb89e7c659 -> 
  custom:container-demuxer-ogg: 62fdf1f143b41e24485cea50d1cbac27 -> 
  custom:AudioImporter_EditorPlatform: d09bf68614088b80899f8185d706f6e7 -> 
  custom:CustomObjectIndexerAttribute: 9a22284fe3817be447336de3de66b15e -> 
  custom:scripting/monoscript/fileName/PlayerInput.cs: f6aa81e421e5abdd63a3a534795fe643 -> 
  custom:scripting/monoscript/fileName/MovementSettings.cs: 6cdb1110e838deb634bb5a01affda34a -> 
  custom:scripting/monoscript/fileName/PlayerContext.cs: 1d37eca89d95522fdbcf0ac0386713ac -> 
  custom:scripting/monoscript/fileName/ConfigTextFile.cs: 21287d204595fc6c021627d15f7c8fd6 -> ae7daafbaecbabf7f70b113d353c1ef8
  custom:container-demuxer-webm: 4f35f7cbe854078d1ac9338744f61a02 -> 
  custom:scripting/monoscript/fileName/SmoothAssets.cs: 7fd81c5769ccf7bfc66eb1178b96ffcc -> 
  custom:scripting/monoscript/fileName/BaseBehaviour.cs: 0373f7db4818287325ce3ce3f19dfe9a -> 
  custom:scripting/monoscript/fileName/SingleMonoBehaviour.cs: 426938f1b26cb5d4ea08365171201abf -> 
  custom:video-decoder-ogg-theora: a1e56fd34408186e4bbccfd4996cb3dc -> 
  custom:scripting/monoscript/fileName/GameContext.cs: 25129b7e77e9db5460e21a4cf5fcdf2b -> 
  custom:audio-encoder-webm-vorbis: bf7c407c2cedff20999df2af8eb42d56 -> 
  custom:scripting/monoscript/fileName/Heart.cs: 82330c400ffbb95819c026ecbe08869c -> a001b955fa54c0f9a8e1f195457c4bd5
  custom:framework-win-MediaFoundation: 216162199b28c13a410421893ffa2e32 -> 
  custom:scripting/monoscript/fileName/INewBindingRule.cs: 4cfc1805a2cd7e53d6b3607a52e1b1bb -> 
  custom:scripting/monoscript/fileName/PlantSettings.cs: cab5b764220bd0ee1e805cdfabb8b59b -> 
  custom:scripting/monoscript/fileName/PatchBehaviour.cs: ae5322aa772827a84e49536e9cbd2f17 -> 
  custom:scripting/monoscript/fileName/RaycastData.cs: 223adf16e2df6b7cf8a1a9f67f574019 -> 
  custom:scripting/monoscript/fileName/CameraSettingsFPS.cs: 66bd5e1d90f4a860160c3cce44d0a4b7 -> 
  custom:scripting/monoscript/fileName/GameWorld.cs: a6c957d5dd59a7dd9cddf6a01c7fbdb4 -> ca78e59c92dc5df17222e6c37c4dbbca
  custom:container-muxer-webm: aa71ff27fc2769a1b78a27578f13a17b -> 
========================================================================
Received Import Request.
  Time since last request: 20.407861 seconds.
  path: Assets/Prefabs/cam.prefab
  artifactKey: Guid(2bd35eac28761b6489ddbfdd47807dde) Importer(815301076,1909f56bfc062723c751e8b465ee728b)
Start importing Assets/Prefabs/cam.prefab using Guid(2bd35eac28761b6489ddbfdd47807dde) Importer(815301076,1909f56bfc062723c751e8b465ee728b) [PhysX] Initialized MultithreadedTaskDispatcher with 16 workers.
 -> (artifact id: '045d9c3a948e93184b1801790499f5f5') in 0.024258 seconds
Number of updated asset objects reloaded before import = 0
Number of asset objects unloaded after import = 6
========================================================================
Received Prepare
Caller must complete domain reload
Begin MonoManager ReloadAssembly
- Loaded All Assemblies, in  0.416 seconds
Native extension for WindowsStandalone target not found
Native extension for WebGL target not found
Mono: successfully reloaded assembly
- Finished resetting the current domain, in  0.490 seconds
Domain Reload Profiling: 904ms
	BeginReloadAssembly (215ms)
		ExecutionOrderSort (0ms)
		DisableScriptedObjects (4ms)
		BackupInstance (0ms)
		ReleaseScriptingObjects (0ms)
		CreateAndSetChildDomain (17ms)
	RebuildCommonClasses (33ms)
	RebuildNativeTypeToScriptingClass (12ms)
	initialDomainReloadingComplete (29ms)
	LoadAllAssembliesAndSetupDomain (124ms)
		LoadAssemblies (190ms)
		RebuildTransferFunctionScriptingTraits (0ms)
		AnalyzeDomain (14ms)
			TypeCache.Refresh (4ms)
				TypeCache.ScanAssembly (0ms)
			ScanForSourceGeneratedMonoScriptInfo (7ms)
			ResolveRequiredComponents (2ms)
	FinalizeReload (491ms)
		ReleaseScriptCaches (0ms)
		RebuildScriptCaches (0ms)
		SetupLoadedEditorAssemblies (234ms)
			LogAssemblyErrors (0ms)
			InitializePlatformSupportModulesInManaged (8ms)
			SetLoadedEditorAssemblies (3ms)
			RefreshPlugins (0ms)
			BeforeProcessingInitializeOnLoad (43ms)
			ProcessInitializeOnLoadAttributes (150ms)
			ProcessInitializeOnLoadMethodAttributes (20ms)
			AfterProcessingInitializeOnLoad (10ms)
			EditorAssembliesLoaded (0ms)
		ExecutionOrderSort2 (0ms)
		AwakeInstancesAfterBackupRestoration (7ms)
Refreshing native plugins compatible for Editor in 1.02 ms, found 0 plugins.
Preloading 0 native plugins for Editor in 0.00 ms.
Unloading 1132 Unused Serialized files (Serialized files now loaded: 0)
Unloading 5 unused Assets / (24.0 KB). Loaded Objects now: 1692.
Memory consumption went from 151.7 MB to 151.7 MB.
Total: 4.257200 ms (FindLiveObjects: 0.377200 ms CreateObjectMapping: 0.154500 ms MarkObjects: 3.652000 ms  DeleteObjects: 0.072400 ms)

Prepare: number of updated asset objects reloaded= 0
AssetImportParameters requested are different than current active one (requested -> active):
  custom:video-encoder-webm-vp8: eb34c28f22e8b96e1ab97ce403110664 -> 
  custom:video-decoder-webm-vp8: 9c59270c3fd7afecdb556c50c9e8de78 -> 
  custom:scripting/monoscript/fileName/Wallet.cs: f282d1da9b5f829dd81e561c421e2ac3 -> b84605335fa66739ec31964faba9642a
  custom:scripting/monoscript/fileName/EasyDebug.cs: 7733b379e43f82831b0419645b150bfb -> 
  custom:scripting/monoscript/fileName/GroundedConfiguration.cs: 585e603979995a044dfb920aba655510 -> 
  custom:audio-decoder-ogg-vorbis: bf7c407c2cedff20999df2af8eb42d56 -> 
  custom:scripting/monoscript/fileName/DefaultBindingRules.cs: 2b01cbcba6988a2e45c629c72209e9ff -> 
  custom:scripting/monoscript/fileName/Plant.cs: 58ac698cc3dafd4977609d4792b7ff8b -> 62ba4f5aa2dbbed39a5f15fe599a088c
  custom:scripting/monoscript/fileName/Utils.cs: 244f448866b4b61468b93b880d9850fe -> 8ec94ddc03461d9756a1cb6c0cd2a843
  custom:scripting/monoscript/fileName/DisplayBehaviour.cs: d47b9c96575465d674ad8f85f3d4ba81 -> 
  custom:scripting/monoscript/fileName/PlantBlueprint.cs: 884434b781165ad4854468a32963b349 -> 
  custom:scripting/monoscript/fileName/Assets.cs: f6191230adaa88b1694a40dcafbfb23e -> 59e73b97eff0038cfda1b2e241adeda3
  custom:SearchIndexIgnoredProperties: e643bd26f0fe6173181afceb89e7c659 -> 
  custom:container-demuxer-ogg: 62fdf1f143b41e24485cea50d1cbac27 -> 
  custom:AudioImporter_EditorPlatform: d09bf68614088b80899f8185d706f6e7 -> 
  custom:CustomObjectIndexerAttribute: 9a22284fe3817be447336de3de66b15e -> 
  custom:scripting/monoscript/fileName/PlayerInput.cs: f6aa81e421e5abdd63a3a534795fe643 -> 
  custom:scripting/monoscript/fileName/MovementSettings.cs: 6cdb1110e838deb634bb5a01affda34a -> 
  custom:scripting/monoscript/fileName/PlayerContext.cs: 1d37eca89d95522fdbcf0ac0386713ac -> 
  custom:scripting/monoscript/fileName/ConfigTextFile.cs: 21287d204595fc6c021627d15f7c8fd6 -> ae7daafbaecbabf7f70b113d353c1ef8
  custom:container-demuxer-webm: 4f35f7cbe854078d1ac9338744f61a02 -> 
  custom:scripting/monoscript/fileName/SmoothAssets.cs: 7fd81c5769ccf7bfc66eb1178b96ffcc -> 
  custom:scripting/monoscript/fileName/BaseBehaviour.cs: 0373f7db4818287325ce3ce3f19dfe9a -> 
  custom:scripting/monoscript/fileName/SingleMonoBehaviour.cs: 426938f1b26cb5d4ea08365171201abf -> 
  custom:video-decoder-ogg-theora: a1e56fd34408186e4bbccfd4996cb3dc -> 
  custom:scripting/monoscript/fileName/GameContext.cs: 25129b7e77e9db5460e21a4cf5fcdf2b -> 
  custom:audio-encoder-webm-vorbis: bf7c407c2cedff20999df2af8eb42d56 -> 
  custom:scripting/monoscript/fileName/Heart.cs: 82330c400ffbb95819c026ecbe08869c -> a001b955fa54c0f9a8e1f195457c4bd5
  custom:framework-win-MediaFoundation: 216162199b28c13a410421893ffa2e32 -> 
  custom:scripting/monoscript/fileName/INewBindingRule.cs: 4cfc1805a2cd7e53d6b3607a52e1b1bb -> 
  custom:scripting/monoscript/fileName/PlantSettings.cs: cab5b764220bd0ee1e805cdfabb8b59b -> 
  custom:scripting/monoscript/fileName/PatchBehaviour.cs: ae5322aa772827a84e49536e9cbd2f17 -> 
  custom:scripting/monoscript/fileName/RaycastData.cs: 223adf16e2df6b7cf8a1a9f67f574019 -> 
  custom:scripting/monoscript/fileName/CameraSettingsFPS.cs: 66bd5e1d90f4a860160c3cce44d0a4b7 -> 
  custom:scripting/monoscript/fileName/GameWorld.cs: a6c957d5dd59a7dd9cddf6a01c7fbdb4 -> ca78e59c92dc5df17222e6c37c4dbbca
  custom:container-muxer-webm: aa71ff27fc2769a1b78a27578f13a17b -> 
========================================================================
Received Prepare
Refreshing native plugins compatible for Editor in 1.38 ms, found 0 plugins.
Preloading 0 native plugins for Editor in 0.00 ms.
Unloading 1 Unused Serialized files (Serialized files now loaded: 0)
Unloading 1 unused Assets / (3.1 KB). Loaded Objects now: 1692.
Memory consumption went from 134.5 MB to 134.5 MB.
Total: 4.053600 ms (FindLiveObjects: 0.152800 ms CreateObjectMapping: 0.110100 ms MarkObjects: 3.750200 ms  DeleteObjects: 0.039000 ms)

Prepare: number of updated asset objects reloaded= 0
AssetImportParameters requested are different than current active one (requested -> active):
  custom:video-encoder-webm-vp8: eb34c28f22e8b96e1ab97ce403110664 -> 
  custom:video-decoder-webm-vp8: 9c59270c3fd7afecdb556c50c9e8de78 -> 
  custom:scripting/monoscript/fileName/Wallet.cs: f282d1da9b5f829dd81e561c421e2ac3 -> b84605335fa66739ec31964faba9642a
  custom:scripting/monoscript/fileName/EasyDebug.cs: 7733b379e43f82831b0419645b150bfb -> 
  custom:scripting/monoscript/fileName/GroundedConfiguration.cs: 585e603979995a044dfb920aba655510 -> 
  custom:audio-decoder-ogg-vorbis: bf7c407c2cedff20999df2af8eb42d56 -> 
  custom:scripting/monoscript/fileName/DefaultBindingRules.cs: 2b01cbcba6988a2e45c629c72209e9ff -> 
  custom:scripting/monoscript/fileName/Plant.cs: 58ac698cc3dafd4977609d4792b7ff8b -> 62ba4f5aa2dbbed39a5f15fe599a088c
  custom:scripting/monoscript/fileName/Utils.cs: 244f448866b4b61468b93b880d9850fe -> 8ec94ddc03461d9756a1cb6c0cd2a843
  custom:scripting/monoscript/fileName/DisplayBehaviour.cs: d47b9c96575465d674ad8f85f3d4ba81 -> 
  custom:scripting/monoscript/fileName/PlantBlueprint.cs: 884434b781165ad4854468a32963b349 -> 
  custom:scripting/monoscript/fileName/Assets.cs: f6191230adaa88b1694a40dcafbfb23e -> 59e73b97eff0038cfda1b2e241adeda3
  custom:SearchIndexIgnoredProperties: e643bd26f0fe6173181afceb89e7c659 -> 
  custom:container-demuxer-ogg: 62fdf1f143b41e24485cea50d1cbac27 -> 
  custom:AudioImporter_EditorPlatform: d09bf68614088b80899f8185d706f6e7 -> 
  custom:CustomObjectIndexerAttribute: 9a22284fe3817be447336de3de66b15e -> 
  custom:scripting/monoscript/fileName/PlayerInput.cs: f6aa81e421e5abdd63a3a534795fe643 -> 
  custom:scripting/monoscript/fileName/MovementSettings.cs: 6cdb1110e838deb634bb5a01affda34a -> 
  custom:scripting/monoscript/fileName/PlayerContext.cs: 1d37eca89d95522fdbcf0ac0386713ac -> 
  custom:scripting/monoscript/fileName/ConfigTextFile.cs: 21287d204595fc6c021627d15f7c8fd6 -> ae7daafbaecbabf7f70b113d353c1ef8
  custom:container-demuxer-webm: 4f35f7cbe854078d1ac9338744f61a02 -> 
  custom:scripting/monoscript/fileName/SmoothAssets.cs: 7fd81c5769ccf7bfc66eb1178b96ffcc -> 
  custom:scripting/monoscript/fileName/BaseBehaviour.cs: 0373f7db4818287325ce3ce3f19dfe9a -> 
  custom:scripting/monoscript/fileName/SingleMonoBehaviour.cs: 426938f1b26cb5d4ea08365171201abf -> 
  custom:video-decoder-ogg-theora: a1e56fd34408186e4bbccfd4996cb3dc -> 
  custom:scripting/monoscript/fileName/GameContext.cs: 25129b7e77e9db5460e21a4cf5fcdf2b -> 
  custom:audio-encoder-webm-vorbis: bf7c407c2cedff20999df2af8eb42d56 -> 
  custom:scripting/monoscript/fileName/Heart.cs: 82330c400ffbb95819c026ecbe08869c -> a001b955fa54c0f9a8e1f195457c4bd5
  custom:framework-win-MediaFoundation: 216162199b28c13a410421893ffa2e32 -> 
  custom:scripting/monoscript/fileName/INewBindingRule.cs: 4cfc1805a2cd7e53d6b3607a52e1b1bb -> 
  custom:scripting/monoscript/fileName/PlantSettings.cs: cab5b764220bd0ee1e805cdfabb8b59b -> 
  custom:scripting/monoscript/fileName/PatchBehaviour.cs: ae5322aa772827a84e49536e9cbd2f17 -> 
  custom:scripting/monoscript/fileName/RaycastData.cs: 223adf16e2df6b7cf8a1a9f67f574019 -> 
  custom:scripting/monoscript/fileName/CameraSettingsFPS.cs: 66bd5e1d90f4a860160c3cce44d0a4b7 -> 
  custom:scripting/monoscript/fileName/GameWorld.cs: a6c957d5dd59a7dd9cddf6a01c7fbdb4 -> ca78e59c92dc5df17222e6c37c4dbbca
  custom:container-muxer-webm: aa71ff27fc2769a1b78a27578f13a17b -> 
========================================================================
Received Import Request.
  Time since last request: 361.876584 seconds.
  path: Assets/Resources/Moonberry/stage_1_mat.mat
  artifactKey: Guid(55dd53f572eb36e498e98c17e0d11268) Importer(815301076,1909f56bfc062723c751e8b465ee728b)
Start importing Assets/Resources/Moonberry/stage_1_mat.mat using Guid(55dd53f572eb36e498e98c17e0d11268) Importer(815301076,1909f56bfc062723c751e8b465ee728b) [PhysX] Initialized MultithreadedTaskDispatcher with 16 workers.
[PhysX] Initialized MultithreadedTaskDispatcher with 16 workers.
 -> (artifact id: '9c19b3580b6223fdb478d4a60ee301b2') in 0.173578 seconds
Number of updated asset objects reloaded before import = 0
Number of asset objects unloaded after import = 2
========================================================================
Received Import Request.
  Time since last request: 0.000016 seconds.
  path: Assets/Resources/Moonberry/stage_4_mat.mat
  artifactKey: Guid(0cdad1c699b8abf4fb1db7013fb5a8fb) Importer(815301076,1909f56bfc062723c751e8b465ee728b)
Start importing Assets/Resources/Moonberry/stage_4_mat.mat using Guid(0cdad1c699b8abf4fb1db7013fb5a8fb) Importer(815301076,1909f56bfc062723c751e8b465ee728b) [PhysX] Initialized MultithreadedTaskDispatcher with 16 workers.
[PhysX] Initialized MultithreadedTaskDispatcher with 16 workers.
 -> (artifact id: 'd8a20bf589f0154f1ee736fe910deeef') in 0.018073 seconds
Number of updated asset objects reloaded before import = 0
Number of asset objects unloaded after import = 2
========================================================================
Received Import Request.
  Time since last request: 44.935472 seconds.
  path: Assets/Resources/Moonberry/stage_1_mat.mat
  artifactKey: Guid(55dd53f572eb36e498e98c17e0d11268) Importer(815301076,1909f56bfc062723c751e8b465ee728b)
Start importing Assets/Resources/Moonberry/stage_1_mat.mat using Guid(55dd53f572eb36e498e98c17e0d11268) Importer(815301076,1909f56bfc062723c751e8b465ee728b) [PhysX] Initialized MultithreadedTaskDispatcher with 16 workers.
[PhysX] Initialized MultithreadedTaskDispatcher with 16 workers.
 -> (artifact id: '4fa87d46ec6956272623fa307e9a6617') in 0.191918 seconds
Number of updated asset objects reloaded before import = 0
Number of asset objects unloaded after import = 2
========================================================================
Received Import Request.
  Time since last request: 0.000021 seconds.
  path: Assets/Resources/Moonberry/stage_4_mat.mat
  artifactKey: Guid(0cdad1c699b8abf4fb1db7013fb5a8fb) Importer(815301076,1909f56bfc062723c751e8b465ee728b)
Start importing Assets/Resources/Moonberry/stage_4_mat.mat using Guid(0cdad1c699b8abf4fb1db7013fb5a8fb) Importer(815301076,1909f56bfc062723c751e8b465ee728b) [PhysX] Initialized MultithreadedTaskDispatcher with 16 workers.
[PhysX] Initialized MultithreadedTaskDispatcher with 16 workers.
 -> (artifact id: '4df71afec7cbdb1fe9c4c876f14c9ac6') in 0.054644 seconds
Number of updated asset objects reloaded before import = 0
Number of asset objects unloaded after import = 2
========================================================================
Received Import Request.
  Time since last request: 8.830965 seconds.
  path: Assets/Resources/Feathercup/stage_1_mat.mat
  artifactKey: Guid(98e4f45ecd07b7b47a584cdd16c8f91a) Importer(815301076,1909f56bfc062723c751e8b465ee728b)
Start importing Assets/Resources/Feathercup/stage_1_mat.mat using Guid(98e4f45ecd07b7b47a584cdd16c8f91a) Importer(815301076,1909f56bfc062723c751e8b465ee728b) [PhysX] Initialized MultithreadedTaskDispatcher with 16 workers.
[PhysX] Initialized MultithreadedTaskDispatcher with 16 workers.
 -> (artifact id: '41dd6cd9b34200f5494d58da0b69ccc7') in 0.007710 seconds
Number of updated asset objects reloaded before import = 0
Number of asset objects unloaded after import = 2
========================================================================
Received Import Request.
  Time since last request: 0.000039 seconds.
  path: Assets/Resources/Feathercup/stage_4_mat.mat
  artifactKey: Guid(64b06bdd4e9fdde469840ae4e4900a9c) Importer(815301076,1909f56bfc062723c751e8b465ee728b)
Start importing Assets/Resources/Feathercup/stage_4_mat.mat using Guid(64b06bdd4e9fdde469840ae4e4900a9c) Importer(815301076,1909f56bfc062723c751e8b465ee728b) [PhysX] Initialized MultithreadedTaskDispatcher with 16 workers.
[PhysX] Initialized MultithreadedTaskDispatcher with 16 workers.
 -> (artifact id: '76061322206d60b0f28a6cc08dd15e5a') in 0.013879 seconds
Number of updated asset objects reloaded before import = 0
Number of asset objects unloaded after import = 2
========================================================================
Received Import Request.
  Time since last request: 23.594829 seconds.
  path: Assets/Resources/Everbending/stage_1_mat.mat
  artifactKey: Guid(fe992bb52a09c904ba249199f0f2424d) Importer(815301076,1909f56bfc062723c751e8b465ee728b)
Start importing Assets/Resources/Everbending/stage_1_mat.mat using Guid(fe992bb52a09c904ba249199f0f2424d) Importer(815301076,1909f56bfc062723c751e8b465ee728b) [PhysX] Initialized MultithreadedTaskDispatcher with 16 workers.
[PhysX] Initialized MultithreadedTaskDispatcher with 16 workers.
 -> (artifact id: '79771e7e882353696433e425045df425') in 0.012259 seconds
Number of updated asset objects reloaded before import = 0
Number of asset objects unloaded after import = 2
========================================================================
Received Import Request.
  Time since last request: 0.000015 seconds.
  path: Assets/Resources/Everbending/stage_4_mat.mat
  artifactKey: Guid(ca638e5d854c8684e9a5f7b2d9f0f9e3) Importer(815301076,1909f56bfc062723c751e8b465ee728b)
Start importing Assets/Resources/Everbending/stage_4_mat.mat using Guid(ca638e5d854c8684e9a5f7b2d9f0f9e3) Importer(815301076,1909f56bfc062723c751e8b465ee728b) [PhysX] Initialized MultithreadedTaskDispatcher with 16 workers.
[PhysX] Initialized MultithreadedTaskDispatcher with 16 workers.
 -> (artifact id: 'ca2e6c33fa52b3d0f6f4bc7e9f87acb0') in 0.013822 seconds
Number of updated asset objects reloaded before import = 0
Number of asset objects unloaded after import = 2
========================================================================
Received Import Request.
  Time since last request: 8.207436 seconds.
  path: Assets/Resources/Everbending/stage_1_mat.mat
  artifactKey: Guid(fe992bb52a09c904ba249199f0f2424d) Importer(815301076,1909f56bfc062723c751e8b465ee728b)
Start importing Assets/Resources/Everbending/stage_1_mat.mat using Guid(fe992bb52a09c904ba249199f0f2424d) Importer(815301076,1909f56bfc062723c751e8b465ee728b) [PhysX] Initialized MultithreadedTaskDispatcher with 16 workers.
[PhysX] Initialized MultithreadedTaskDispatcher with 16 workers.
 -> (artifact id: 'c20b6b1c0304687e55b5a9a465e598a4') in 0.013289 seconds
Number of updated asset objects reloaded before import = 0
Number of asset objects unloaded after import = 2
========================================================================
Received Prepare
Caller must complete domain reload
Begin MonoManager ReloadAssembly
- Loaded All Assemblies, in  0.465 seconds
Native extension for WindowsStandalone target not found
Native extension for WebGL target not found
Mono: successfully reloaded assembly
- Finished resetting the current domain, in  0.545 seconds
Domain Reload Profiling: 1007ms
	BeginReloadAssembly (240ms)
		ExecutionOrderSort (0ms)
		DisableScriptedObjects (4ms)
		BackupInstance (0ms)
		ReleaseScriptingObjects (0ms)
		CreateAndSetChildDomain (21ms)
	RebuildCommonClasses (32ms)
	RebuildNativeTypeToScriptingClass (16ms)
	initialDomainReloadingComplete (29ms)
	LoadAllAssembliesAndSetupDomain (145ms)
		LoadAssemblies (231ms)
		RebuildTransferFunctionScriptingTraits (0ms)
		AnalyzeDomain (10ms)
			TypeCache.Refresh (5ms)
				TypeCache.ScanAssembly (0ms)
			ScanForSourceGeneratedMonoScriptInfo (0ms)
			ResolveRequiredComponents (4ms)
	FinalizeReload (545ms)
		ReleaseScriptCaches (0ms)
		RebuildScriptCaches (0ms)
		SetupLoadedEditorAssemblies (277ms)
			LogAssemblyErrors (0ms)
			InitializePlatformSupportModulesInManaged (8ms)
			SetLoadedEditorAssemblies (3ms)
			RefreshPlugins (0ms)
			BeforeProcessingInitializeOnLoad (52ms)
			ProcessInitializeOnLoadAttributes (176ms)
			ProcessInitializeOnLoadMethodAttributes (25ms)
			AfterProcessingInitializeOnLoad (13ms)
			EditorAssembliesLoaded (0ms)
		ExecutionOrderSort2 (0ms)
		AwakeInstancesAfterBackupRestoration (8ms)
Refreshing native plugins compatible for Editor in 0.98 ms, found 0 plugins.
Preloading 0 native plugins for Editor in 0.00 ms.
Unloading 1132 Unused Serialized files (Serialized files now loaded: 0)
Unloading 5 unused Assets / (23.9 KB). Loaded Objects now: 1695.
Memory consumption went from 151.7 MB to 151.7 MB.
Total: 6.526700 ms (FindLiveObjects: 0.170500 ms CreateObjectMapping: 1.103700 ms MarkObjects: 5.217600 ms  DeleteObjects: 0.033200 ms)

Prepare: number of updated asset objects reloaded= 0
AssetImportParameters requested are different than current active one (requested -> active):
  custom:video-encoder-webm-vp8: eb34c28f22e8b96e1ab97ce403110664 -> 
  custom:video-decoder-webm-vp8: 9c59270c3fd7afecdb556c50c9e8de78 -> 
  custom:scripting/monoscript/fileName/Wallet.cs: f282d1da9b5f829dd81e561c421e2ac3 -> b84605335fa66739ec31964faba9642a
  custom:scripting/monoscript/fileName/EasyDebug.cs: 7733b379e43f82831b0419645b150bfb -> 
  custom:scripting/monoscript/fileName/GroundedConfiguration.cs: 585e603979995a044dfb920aba655510 -> 
  custom:audio-decoder-ogg-vorbis: bf7c407c2cedff20999df2af8eb42d56 -> 
  custom:scripting/monoscript/fileName/DefaultBindingRules.cs: 2b01cbcba6988a2e45c629c72209e9ff -> 
  custom:scripting/monoscript/fileName/Plant.cs: 58ac698cc3dafd4977609d4792b7ff8b -> 62ba4f5aa2dbbed39a5f15fe599a088c
  custom:scripting/monoscript/fileName/Utils.cs: 244f448866b4b61468b93b880d9850fe -> 8ec94ddc03461d9756a1cb6c0cd2a843
  custom:scripting/monoscript/fileName/DisplayBehaviour.cs: d47b9c96575465d674ad8f85f3d4ba81 -> 
  custom:scripting/monoscript/fileName/PlantBlueprint.cs: 884434b781165ad4854468a32963b349 -> 
  custom:scripting/monoscript/fileName/Assets.cs: f6191230adaa88b1694a40dcafbfb23e -> 59e73b97eff0038cfda1b2e241adeda3
  custom:SearchIndexIgnoredProperties: e643bd26f0fe6173181afceb89e7c659 -> 
  custom:container-demuxer-ogg: 62fdf1f143b41e24485cea50d1cbac27 -> 
  custom:AudioImporter_EditorPlatform: d09bf68614088b80899f8185d706f6e7 -> 
  custom:CustomObjectIndexerAttribute: 9a22284fe3817be447336de3de66b15e -> 
  custom:scripting/monoscript/fileName/PlayerInput.cs: f6aa81e421e5abdd63a3a534795fe643 -> 
  custom:scripting/monoscript/fileName/MovementSettings.cs: 6cdb1110e838deb634bb5a01affda34a -> 
  custom:scripting/monoscript/fileName/PlayerContext.cs: 1d37eca89d95522fdbcf0ac0386713ac -> 
  custom:scripting/monoscript/fileName/ConfigTextFile.cs: 21287d204595fc6c021627d15f7c8fd6 -> ae7daafbaecbabf7f70b113d353c1ef8
  custom:container-demuxer-webm: 4f35f7cbe854078d1ac9338744f61a02 -> 
  custom:scripting/monoscript/fileName/SmoothAssets.cs: 7fd81c5769ccf7bfc66eb1178b96ffcc -> 
  custom:scripting/monoscript/fileName/BaseBehaviour.cs: 0373f7db4818287325ce3ce3f19dfe9a -> 
  custom:scripting/monoscript/fileName/SingleMonoBehaviour.cs: 426938f1b26cb5d4ea08365171201abf -> 
  custom:video-decoder-ogg-theora: a1e56fd34408186e4bbccfd4996cb3dc -> 
  custom:scripting/monoscript/fileName/GameContext.cs: 25129b7e77e9db5460e21a4cf5fcdf2b -> 
  custom:audio-encoder-webm-vorbis: bf7c407c2cedff20999df2af8eb42d56 -> 
  custom:scripting/monoscript/fileName/Heart.cs: 82330c400ffbb95819c026ecbe08869c -> a001b955fa54c0f9a8e1f195457c4bd5
  custom:framework-win-MediaFoundation: 216162199b28c13a410421893ffa2e32 -> 
  custom:scripting/monoscript/fileName/INewBindingRule.cs: 4cfc1805a2cd7e53d6b3607a52e1b1bb -> 
  custom:scripting/monoscript/fileName/PlantSettings.cs: cab5b764220bd0ee1e805cdfabb8b59b -> 
  custom:scripting/monoscript/fileName/PatchBehaviour.cs: ae5322aa772827a84e49536e9cbd2f17 -> 
  custom:scripting/monoscript/fileName/RaycastData.cs: 223adf16e2df6b7cf8a1a9f67f574019 -> 
  custom:scripting/monoscript/fileName/CameraSettingsFPS.cs: 66bd5e1d90f4a860160c3cce44d0a4b7 -> 
  custom:scripting/monoscript/fileName/GameWorld.cs: a6c957d5dd59a7dd9cddf6a01c7fbdb4 -> ca78e59c92dc5df17222e6c37c4dbbca
  custom:container-muxer-webm: aa71ff27fc2769a1b78a27578f13a17b -> 
Editor requested this worker to shutdown with reason: Scaling down because of idle timeout
TcpMessagingSession - receive error: operation aborted. errorcode: 995, details: The I/O operation has been aborted because of either a thread exit or an application request.
AssetImportWorker is now disconnected from the server
Process exiting
Exiting without the bug reporter. Application will terminate with return code 0